
  .   ____          _            __ _ _
 /\\ / ___'_ __ _ _(_)_ __  __ _ \ \ \ \
( ( )\___ | '_ | '_| | '_ \/ _` | \ \ \ \
 \\/  ___)| |_)| | | | | || (_| |  ) ) ) )
  '  |____| .__|_| |_|_| |_\__, | / / / /
 =========|_|==============|___/=/_/_/_/
 :: Spring Boot ::                (v3.2.2)

2026-01-24T01:35:20.013+01:00  INFO 75232 --- [delivery-optimization-api] [           main] c.d.o.DeliveryOptimizationApplication    : Starting DeliveryOptimizationApplication v0.0.1-SNAPSHOT using Java 21.0.9 with PID 75232 (F:\Projet R├®seau\delivery-optimization-api\target\optimization-api-0.0.1-SNAPSHOT.jar started by USER in F:\Projet R├®seau\delivery-optimization-api)
2026-01-24T01:35:20.015+01:00 DEBUG 75232 --- [delivery-optimization-api] [           main] c.d.o.DeliveryOptimizationApplication    : Running with Spring Boot v3.2.2, Spring v6.1.3
2026-01-24T01:35:20.017+01:00  INFO 75232 --- [delivery-optimization-api] [           main] c.d.o.DeliveryOptimizationApplication    : No active profile set, falling back to 1 default profile: "default"
2026-01-24T01:35:21.690+01:00  INFO 75232 --- [delivery-optimization-api] [           main] .s.d.r.c.RepositoryConfigurationDelegate : Bootstrapping Spring Data R2DBC repositories in DEFAULT mode.
2026-01-24T01:35:21.878+01:00  INFO 75232 --- [delivery-optimization-api] [           main] .s.d.r.c.RepositoryConfigurationDelegate : Finished Spring Data repository scanning in 181 ms. Found 7 R2DBC repository interfaces.
2026-01-24T01:35:23.693+01:00  INFO 75232 --- [delivery-optimization-api] [           main] o.s.b.w.embedded.tomcat.TomcatWebServer  : Tomcat initialized with port 8080 (http)
2026-01-24T01:35:23.717+01:00  INFO 75232 --- [delivery-optimization-api] [           main] o.apache.catalina.core.StandardService   : Starting service [Tomcat]
2026-01-24T01:35:23.718+01:00  INFO 75232 --- [delivery-optimization-api] [           main] o.apache.catalina.core.StandardEngine    : Starting Servlet engine: [Apache Tomcat/10.1.18]
2026-01-24T01:35:23.826+01:00  INFO 75232 --- [delivery-optimization-api] [           main] o.a.c.c.C.[Tomcat].[localhost].[/]       : Initializing Spring embedded WebApplicationContext
2026-01-24T01:35:23.830+01:00  INFO 75232 --- [delivery-optimization-api] [           main] w.s.c.ServletWebServerApplicationContext : Root WebApplicationContext: initialization completed in 3655 ms
2026-01-24T01:35:25.407+01:00  WARN 75232 --- [delivery-optimization-api] [           main] ConfigServletWebServerApplicationContext : Exception encountered during context initialization - cancelling refresh attempt: org.springframework.beans.factory.BeanCreationException: Error creating bean with name 'org.springframework.web.reactive.config.DelegatingWebFluxConfiguration': The Java/XML config for Spring MVC and Spring WebFlux cannot both be enabled, e.g. via @EnableWebMvc and @EnableWebFlux, in the same application.
2026-01-24T01:35:25.435+01:00  INFO 75232 --- [delivery-optimization-api] [           main] o.apache.catalina.core.StandardService   : Stopping service [Tomcat]
2026-01-24T01:35:25.480+01:00  INFO 75232 --- [delivery-optimization-api] [           main] .s.b.a.l.ConditionEvaluationReportLogger : 

Error starting ApplicationContext. To display the condition evaluation report re-run your application with 'debug' enabled.
2026-01-24T01:35:25.513+01:00 ERROR 75232 --- [delivery-optimization-api] [           main] o.s.boot.SpringApplication               : Application run failed

org.springframework.beans.factory.BeanCreationException: Error creating bean with name 'org.springframework.web.reactive.config.DelegatingWebFluxConfiguration': The Java/XML config for Spring MVC and Spring WebFlux cannot both be enabled, e.g. via @EnableWebMvc and @EnableWebFlux, in the same application.
	at org.springframework.beans.factory.support.AbstractAutowireCapableBeanFactory.doCreateBean(AbstractAutowireCapableBeanFactory.java:606) ~[spring-beans-6.1.3.jar!/:6.1.3]
	at org.springframework.beans.factory.support.AbstractAutowireCapableBeanFactory.createBean(AbstractAutowireCapableBeanFactory.java:521) ~[spring-beans-6.1.3.jar!/:6.1.3]
	at org.springframework.beans.factory.support.AbstractBeanFactory.lambda$doGetBean$0(AbstractBeanFactory.java:325) ~[spring-beans-6.1.3.jar!/:6.1.3]
	at org.springframework.beans.factory.support.DefaultSingletonBeanRegistry.getSingleton(DefaultSingletonBeanRegistry.java:234) ~[spring-beans-6.1.3.jar!/:6.1.3]
	at org.springframework.beans.factory.support.AbstractBeanFactory.doGetBean(AbstractBeanFactory.java:323) ~[spring-beans-6.1.3.jar!/:6.1.3]
	at org.springframework.beans.factory.support.AbstractBeanFactory.getBean(AbstractBeanFactory.java:199) ~[spring-beans-6.1.3.jar!/:6.1.3]
	at org.springframework.beans.factory.support.DefaultListableBeanFactory.preInstantiateSingletons(DefaultListableBeanFactory.java:975) ~[spring-beans-6.1.3.jar!/:6.1.3]
	at org.springframework.context.support.AbstractApplicationContext.finishBeanFactoryInitialization(AbstractApplicationContext.java:959) ~[spring-context-6.1.3.jar!/:6.1.3]
	at org.springframework.context.support.AbstractApplicationContext.refresh(AbstractApplicationContext.java:624) ~[spring-context-6.1.3.jar!/:6.1.3]
	at org.springframework.boot.web.servlet.context.ServletWebServerApplicationContext.refresh(ServletWebServerApplicationContext.java:146) ~[spring-boot-3.2.2.jar!/:3.2.2]
	at org.springframework.boot.SpringApplication.refresh(SpringApplication.java:754) ~[spring-boot-3.2.2.jar!/:3.2.2]
	at org.springframework.boot.SpringApplication.refreshContext(SpringApplication.java:456) ~[spring-boot-3.2.2.jar!/:3.2.2]
	at org.springframework.boot.SpringApplication.run(SpringApplication.java:334) ~[spring-boot-3.2.2.jar!/:3.2.2]
	at org.springframework.boot.SpringApplication.run(SpringApplication.java:1354) ~[spring-boot-3.2.2.jar!/:3.2.2]
	at org.springframework.boot.SpringApplication.run(SpringApplication.java:1343) ~[spring-boot-3.2.2.jar!/:3.2.2]
	at com.delivery.optimization.DeliveryOptimizationApplication.main(DeliveryOptimizationApplication.java:10) ~[!/:0.0.1-SNAPSHOT]
	at java.base/jdk.internal.reflect.DirectMethodHandleAccessor.invoke(DirectMethodHandleAccessor.java:103) ~[na:na]
	at java.base/java.lang.reflect.Method.invoke(Method.java:580) ~[na:na]
	at org.springframework.boot.loader.launch.Launcher.launch(Launcher.java:91) ~[optimization-api-0.0.1-SNAPSHOT.jar:0.0.1-SNAPSHOT]
	at org.springframework.boot.loader.launch.Launcher.launch(Launcher.java:53) ~[optimization-api-0.0.1-SNAPSHOT.jar:0.0.1-SNAPSHOT]
	at org.springframework.boot.loader.launch.JarLauncher.main(JarLauncher.java:58) ~[optimization-api-0.0.1-SNAPSHOT.jar:0.0.1-SNAPSHOT]
Caused by: java.lang.IllegalStateException: The Java/XML config for Spring MVC and Spring WebFlux cannot both be enabled, e.g. via @EnableWebMvc and @EnableWebFlux, in the same application.
	at org.springframework.util.Assert.state(Assert.java:76) ~[spring-core-6.1.3.jar!/:6.1.3]
	at org.springframework.web.reactive.config.WebFluxConfigurationSupport.setApplicationContext(WebFluxConfigurationSupport.java:112) ~[spring-webflux-6.1.3.jar!/:6.1.3]
	at org.springframework.context.support.ApplicationContextAwareProcessor.invokeAwareInterfaces(ApplicationContextAwareProcessor.java:112) ~[spring-context-6.1.3.jar!/:6.1.3]
	at org.springframework.context.support.ApplicationContextAwareProcessor.postProcessBeforeInitialization(ApplicationContextAwareProcessor.java:87) ~[spring-context-6.1.3.jar!/:6.1.3]
	at org.springframework.beans.factory.support.AbstractAutowireCapableBeanFactory.applyBeanPostProcessorsBeforeInitialization(AbstractAutowireCapableBeanFactory.java:421) ~[spring-beans-6.1.3.jar!/:6.1.3]
	at org.springframework.beans.factory.support.AbstractAutowireCapableBeanFactory.initializeBean(AbstractAutowireCapableBeanFactory.java:1765) ~[spring-beans-6.1.3.jar!/:6.1.3]
	at org.springframework.beans.factory.support.AbstractAutowireCapableBeanFactory.doCreateBean(AbstractAutowireCapableBeanFactory.java:599) ~[spring-beans-6.1.3.jar!/:6.1.3]
	... 20 common frames omitted

