
  .   ____          _            __ _ _
 /\\ / ___'_ __ _ _(_)_ __  __ _ \ \ \ \
( ( )\___ | '_ | '_| | '_ \/ _` | \ \ \ \
 \\/  ___)| |_)| | | | | || (_| |  ) ) ) )
  '  |____| .__|_| |_|_| |_\__, | / / / /
 =========|_|==============|___/=/_/_/_/
 :: Spring Boot ::                (v3.2.2)

2026-01-24T11:28:14.692+01:00  INFO 38152 --- [delivery-optimization-api] [           main] c.d.o.DeliveryOptimizationApplication    : Starting DeliveryOptimizationApplication v0.0.1-SNAPSHOT using Java 21.0.9 with PID 38152 (F:\Projet Réseau\delivery-optimization-api\target\optimization-api-0.0.1-SNAPSHOT.jar started by USER in F:\Projet Réseau\delivery-optimization-api)
2026-01-24T11:28:14.697+01:00 DEBUG 38152 --- [delivery-optimization-api] [           main] c.d.o.DeliveryOptimizationApplication    : Running with Spring Boot v3.2.2, Spring v6.1.3
2026-01-24T11:28:14.699+01:00  INFO 38152 --- [delivery-optimization-api] [           main] c.d.o.DeliveryOptimizationApplication    : No active profile set, falling back to 1 default profile: "default"
2026-01-24T11:28:16.962+01:00  INFO 38152 --- [delivery-optimization-api] [           main] .s.d.r.c.RepositoryConfigurationDelegate : Bootstrapping Spring Data R2DBC repositories in DEFAULT mode.
2026-01-24T11:28:17.250+01:00  INFO 38152 --- [delivery-optimization-api] [           main] .s.d.r.c.RepositoryConfigurationDelegate : Finished Spring Data repository scanning in 277 ms. Found 8 R2DBC repository interfaces.
2026-01-24T11:28:19.572+01:00  INFO 38152 --- [delivery-optimization-api] [           main] o.s.b.w.embedded.tomcat.TomcatWebServer  : Tomcat initialized with port 8080 (http)
2026-01-24T11:28:19.640+01:00  INFO 38152 --- [delivery-optimization-api] [           main] o.apache.catalina.core.StandardService   : Starting service [Tomcat]
2026-01-24T11:28:19.641+01:00  INFO 38152 --- [delivery-optimization-api] [           main] o.apache.catalina.core.StandardEngine    : Starting Servlet engine: [Apache Tomcat/10.1.18]
2026-01-24T11:28:19.774+01:00  INFO 38152 --- [delivery-optimization-api] [           main] o.a.c.c.C.[Tomcat].[localhost].[/]       : Initializing Spring embedded WebApplicationContext
2026-01-24T11:28:19.778+01:00  INFO 38152 --- [delivery-optimization-api] [           main] w.s.c.ServletWebServerApplicationContext : Root WebApplicationContext: initialization completed in 4856 ms
2026-01-24T11:28:23.529+01:00  INFO 38152 --- [delivery-optimization-api] [           main] liquibase.database                       : Set default schema name to public
2026-01-24T11:28:23.781+01:00  INFO 38152 --- [delivery-optimization-api] [           main] liquibase.command                        : Command execution complete
2026-01-24T11:28:23.786+01:00  WARN 38152 --- [delivery-optimization-api] [           main] ConfigServletWebServerApplicationContext : Exception encountered during context initialization - cancelling refresh attempt: org.springframework.beans.factory.BeanCreationException: Error creating bean with name 'liquibase' defined in class path resource [org/springframework/boot/autoconfigure/liquibase/LiquibaseAutoConfiguration$LiquibaseConfiguration.class]: liquibase.exception.ChangeLogParseException: Error Reading Changelog File: Found 2 files with the path 'classpath:db/changelog/db.changelog-master.xml':
    - file:/F:/Projet%20Réseau/delivery-optimization-api/src/main/resources/db/changelog/db.changelog-master.xml
    - jar:nested:/F:/Projet%20Réseau/delivery-optimization-api/target/optimization-api-0.0.1-SNAPSHOT.jar/!BOOT-INF/classes/!/db/changelog/db.changelog-master.xml
  Search Path: 
    - Spring classpath
  You can limit the search path to remove duplicates with the liquibase.searchPath setting. Or, if you KNOW these are the exact same file you can set liquibase.duplicateFileMode=WARN.
2026-01-24T11:28:23.855+01:00  INFO 38152 --- [delivery-optimization-api] [           main] o.apache.catalina.core.StandardService   : Stopping service [Tomcat]
2026-01-24T11:28:23.890+01:00  INFO 38152 --- [delivery-optimization-api] [           main] .s.b.a.l.ConditionEvaluationReportLogger : 

Error starting ApplicationContext. To display the condition evaluation report re-run your application with 'debug' enabled.
2026-01-24T11:28:23.939+01:00 ERROR 38152 --- [delivery-optimization-api] [           main] o.s.boot.SpringApplication               : Application run failed

org.springframework.beans.factory.BeanCreationException: Error creating bean with name 'liquibase' defined in class path resource [org/springframework/boot/autoconfigure/liquibase/LiquibaseAutoConfiguration$LiquibaseConfiguration.class]: liquibase.exception.ChangeLogParseException: Error Reading Changelog File: Found 2 files with the path 'classpath:db/changelog/db.changelog-master.xml':
    - file:/F:/Projet%20Réseau/delivery-optimization-api/src/main/resources/db/changelog/db.changelog-master.xml
    - jar:nested:/F:/Projet%20Réseau/delivery-optimization-api/target/optimization-api-0.0.1-SNAPSHOT.jar/!BOOT-INF/classes/!/db/changelog/db.changelog-master.xml
  Search Path: 
    - Spring classpath
  You can limit the search path to remove duplicates with the liquibase.searchPath setting. Or, if you KNOW these are the exact same file you can set liquibase.duplicateFileMode=WARN.
	at org.springframework.beans.factory.support.AbstractAutowireCapableBeanFactory.initializeBean(AbstractAutowireCapableBeanFactory.java:1773) ~[spring-beans-6.1.3.jar!/:6.1.3]
	at org.springframework.beans.factory.support.AbstractAutowireCapableBeanFactory.doCreateBean(AbstractAutowireCapableBeanFactory.java:599) ~[spring-beans-6.1.3.jar!/:6.1.3]
	at org.springframework.beans.factory.support.AbstractAutowireCapableBeanFactory.createBean(AbstractAutowireCapableBeanFactory.java:521) ~[spring-beans-6.1.3.jar!/:6.1.3]
	at org.springframework.beans.factory.support.AbstractBeanFactory.lambda$doGetBean$0(AbstractBeanFactory.java:325) ~[spring-beans-6.1.3.jar!/:6.1.3]
	at org.springframework.beans.factory.support.DefaultSingletonBeanRegistry.getSingleton(DefaultSingletonBeanRegistry.java:234) ~[spring-beans-6.1.3.jar!/:6.1.3]
	at org.springframework.beans.factory.support.AbstractBeanFactory.doGetBean(AbstractBeanFactory.java:323) ~[spring-beans-6.1.3.jar!/:6.1.3]
	at org.springframework.beans.factory.support.AbstractBeanFactory.getBean(AbstractBeanFactory.java:199) ~[spring-beans-6.1.3.jar!/:6.1.3]
	at org.springframework.beans.factory.support.DefaultListableBeanFactory.preInstantiateSingletons(DefaultListableBeanFactory.java:975) ~[spring-beans-6.1.3.jar!/:6.1.3]
	at org.springframework.context.support.AbstractApplicationContext.finishBeanFactoryInitialization(AbstractApplicationContext.java:959) ~[spring-context-6.1.3.jar!/:6.1.3]
	at org.springframework.context.support.AbstractApplicationContext.refresh(AbstractApplicationContext.java:624) ~[spring-context-6.1.3.jar!/:6.1.3]
	at org.springframework.boot.web.servlet.context.ServletWebServerApplicationContext.refresh(ServletWebServerApplicationContext.java:146) ~[spring-boot-3.2.2.jar!/:3.2.2]
	at org.springframework.boot.SpringApplication.refresh(SpringApplication.java:754) ~[spring-boot-3.2.2.jar!/:3.2.2]
	at org.springframework.boot.SpringApplication.refreshContext(SpringApplication.java:456) ~[spring-boot-3.2.2.jar!/:3.2.2]
	at org.springframework.boot.SpringApplication.run(SpringApplication.java:334) ~[spring-boot-3.2.2.jar!/:3.2.2]
	at org.springframework.boot.SpringApplication.run(SpringApplication.java:1354) ~[spring-boot-3.2.2.jar!/:3.2.2]
	at org.springframework.boot.SpringApplication.run(SpringApplication.java:1343) ~[spring-boot-3.2.2.jar!/:3.2.2]
	at com.delivery.optimization.DeliveryOptimizationApplication.main(DeliveryOptimizationApplication.java:10) ~[!/:0.0.1-SNAPSHOT]
	at java.base/jdk.internal.reflect.DirectMethodHandleAccessor.invoke(DirectMethodHandleAccessor.java:103) ~[na:na]
	at java.base/java.lang.reflect.Method.invoke(Method.java:580) ~[na:na]
	at org.springframework.boot.loader.launch.Launcher.launch(Launcher.java:91) ~[optimization-api-0.0.1-SNAPSHOT.jar:0.0.1-SNAPSHOT]
	at org.springframework.boot.loader.launch.Launcher.launch(Launcher.java:53) ~[optimization-api-0.0.1-SNAPSHOT.jar:0.0.1-SNAPSHOT]
	at org.springframework.boot.loader.launch.JarLauncher.main(JarLauncher.java:58) ~[optimization-api-0.0.1-SNAPSHOT.jar:0.0.1-SNAPSHOT]
Caused by: liquibase.exception.CommandExecutionException: liquibase.exception.ChangeLogParseException: Error Reading Changelog File: Found 2 files with the path 'classpath:db/changelog/db.changelog-master.xml':
    - file:/F:/Projet%20Réseau/delivery-optimization-api/src/main/resources/db/changelog/db.changelog-master.xml
    - jar:nested:/F:/Projet%20Réseau/delivery-optimization-api/target/optimization-api-0.0.1-SNAPSHOT.jar/!BOOT-INF/classes/!/db/changelog/db.changelog-master.xml
  Search Path: 
    - Spring classpath
  You can limit the search path to remove duplicates with the liquibase.searchPath setting. Or, if you KNOW these are the exact same file you can set liquibase.duplicateFileMode=WARN.
	at liquibase.command.CommandScope.execute(CommandScope.java:237) ~[liquibase-core-4.24.0.jar!/:na]
	at liquibase.Liquibase.lambda$update$0(Liquibase.java:222) ~[liquibase-core-4.24.0.jar!/:na]
	at liquibase.Scope.lambda$child$0(Scope.java:184) ~[liquibase-core-4.24.0.jar!/:na]
	at liquibase.Scope.child(Scope.java:193) ~[liquibase-core-4.24.0.jar!/:na]
	at liquibase.Scope.child(Scope.java:183) ~[liquibase-core-4.24.0.jar!/:na]
	at liquibase.Scope.child(Scope.java:162) ~[liquibase-core-4.24.0.jar!/:na]
	at liquibase.Liquibase.runInScope(Liquibase.java:1371) ~[liquibase-core-4.24.0.jar!/:na]
	at liquibase.Liquibase.update(Liquibase.java:211) ~[liquibase-core-4.24.0.jar!/:na]
	at liquibase.Liquibase.update(Liquibase.java:193) ~[liquibase-core-4.24.0.jar!/:na]
	at liquibase.integration.spring.SpringLiquibase.performUpdate(SpringLiquibase.java:331) ~[liquibase-core-4.24.0.jar!/:na]
	at liquibase.integration.spring.SpringLiquibase.afterPropertiesSet(SpringLiquibase.java:286) ~[liquibase-core-4.24.0.jar!/:na]
	at org.springframework.boot.autoconfigure.liquibase.DataSourceClosingSpringLiquibase.afterPropertiesSet(DataSourceClosingSpringLiquibase.java:46) ~[spring-boot-autoconfigure-3.2.2.jar!/:3.2.2]
	at org.springframework.beans.factory.support.AbstractAutowireCapableBeanFactory.invokeInitMethods(AbstractAutowireCapableBeanFactory.java:1820) ~[spring-beans-6.1.3.jar!/:6.1.3]
	at org.springframework.beans.factory.support.AbstractAutowireCapableBeanFactory.initializeBean(AbstractAutowireCapableBeanFactory.java:1769) ~[spring-beans-6.1.3.jar!/:6.1.3]
	... 21 common frames omitted
Caused by: liquibase.exception.ChangeLogParseException: Error Reading Changelog File: Found 2 files with the path 'classpath:db/changelog/db.changelog-master.xml':
    - file:/F:/Projet%20Réseau/delivery-optimization-api/src/main/resources/db/changelog/db.changelog-master.xml
    - jar:nested:/F:/Projet%20Réseau/delivery-optimization-api/target/optimization-api-0.0.1-SNAPSHOT.jar/!BOOT-INF/classes/!/db/changelog/db.changelog-master.xml
  Search Path: 
    - Spring classpath
  You can limit the search path to remove duplicates with the liquibase.searchPath setting. Or, if you KNOW these are the exact same file you can set liquibase.duplicateFileMode=WARN.
	at liquibase.parser.core.xml.XMLChangeLogSAXParser.parseToNode(XMLChangeLogSAXParser.java:128) ~[liquibase-core-4.24.0.jar!/:na]
	at liquibase.parser.core.xml.AbstractChangeLogParser.parse(AbstractChangeLogParser.java:15) ~[liquibase-core-4.24.0.jar!/:na]
	at liquibase.command.core.helpers.DatabaseChangelogCommandStep.lambda$getDatabaseChangeLog$0(DatabaseChangelogCommandStep.java:129) ~[liquibase-core-4.24.0.jar!/:na]
	at liquibase.Scope.child(Scope.java:193) ~[liquibase-core-4.24.0.jar!/:na]
	at liquibase.Scope.child(Scope.java:169) ~[liquibase-core-4.24.0.jar!/:na]
	at liquibase.command.core.helpers.DatabaseChangelogCommandStep.getDatabaseChangeLog(DatabaseChangelogCommandStep.java:128) ~[liquibase-core-4.24.0.jar!/:na]
	at liquibase.command.core.helpers.DatabaseChangelogCommandStep.run(DatabaseChangelogCommandStep.java:87) ~[liquibase-core-4.24.0.jar!/:na]
	at liquibase.command.CommandScope.execute(CommandScope.java:214) ~[liquibase-core-4.24.0.jar!/:na]
	... 34 common frames omitted
Caused by: java.io.IOException: Found 2 files with the path 'classpath:db/changelog/db.changelog-master.xml':
    - file:/F:/Projet%20Réseau/delivery-optimization-api/src/main/resources/db/changelog/db.changelog-master.xml
    - jar:nested:/F:/Projet%20Réseau/delivery-optimization-api/target/optimization-api-0.0.1-SNAPSHOT.jar/!BOOT-INF/classes/!/db/changelog/db.changelog-master.xml
  Search Path: 
    - Spring classpath
  You can limit the search path to remove duplicates with the liquibase.searchPath setting. Or, if you KNOW these are the exact same file you can set liquibase.duplicateFileMode=WARN.
	at liquibase.resource.ResourceAccessor.get(ResourceAccessor.java:255) ~[liquibase-core-4.24.0.jar!/:na]
	at liquibase.parser.core.xml.XMLChangeLogSAXParser.parseToNode(XMLChangeLogSAXParser.java:74) ~[liquibase-core-4.24.0.jar!/:na]
	... 41 common frames omitted

