
  .   ____          _            __ _ _
 /\\ / ___'_ __ _ _(_)_ __  __ _ \ \ \ \
( ( )\___ | '_ | '_| | '_ \/ _` | \ \ \ \
 \\/  ___)| |_)| | | | | || (_| |  ) ) ) )
  '  |____| .__|_| |_|_| |_\__, | / / / /
 =========|_|==============|___/=/_/_/_/
 :: Spring Boot ::                (v3.2.2)

2026-01-24T01:51:37.432+01:00  INFO 147948 --- [delivery-optimization-api] [           main] c.d.o.DeliveryOptimizationApplication    : Starting DeliveryOptimizationApplication v0.0.1-SNAPSHOT using Java 21.0.9 with PID 147948 (F:\Projet R├®seau\delivery-optimization-api\target\optimization-api-0.0.1-SNAPSHOT.jar started by USER in F:\Projet R├®seau\delivery-optimization-api)
2026-01-24T01:51:37.436+01:00 DEBUG 147948 --- [delivery-optimization-api] [           main] c.d.o.DeliveryOptimizationApplication    : Running with Spring Boot v3.2.2, Spring v6.1.3
2026-01-24T01:51:37.437+01:00  INFO 147948 --- [delivery-optimization-api] [           main] c.d.o.DeliveryOptimizationApplication    : No active profile set, falling back to 1 default profile: "default"
2026-01-24T01:51:39.246+01:00  INFO 147948 --- [delivery-optimization-api] [           main] .s.d.r.c.RepositoryConfigurationDelegate : Bootstrapping Spring Data R2DBC repositories in DEFAULT mode.
2026-01-24T01:51:39.468+01:00  INFO 147948 --- [delivery-optimization-api] [           main] .s.d.r.c.RepositoryConfigurationDelegate : Finished Spring Data repository scanning in 215 ms. Found 7 R2DBC repository interfaces.
2026-01-24T01:51:40.823+01:00  INFO 147948 --- [delivery-optimization-api] [           main] o.s.b.w.embedded.tomcat.TomcatWebServer  : Tomcat initialized with port 8080 (http)
2026-01-24T01:51:40.841+01:00  INFO 147948 --- [delivery-optimization-api] [           main] o.apache.catalina.core.StandardService   : Starting service [Tomcat]
2026-01-24T01:51:40.841+01:00  INFO 147948 --- [delivery-optimization-api] [           main] o.apache.catalina.core.StandardEngine    : Starting Servlet engine: [Apache Tomcat/10.1.18]
2026-01-24T01:51:42.379+01:00  INFO 147948 --- [delivery-optimization-api] [           main] o.s.b.a.e.web.EndpointLinksResolver      : Exposing 4 endpoint(s) beneath base path '/actuator'
2026-01-24T01:51:43.663+01:00  INFO 147948 --- [delivery-optimization-api] [           main] liquibase.database                       : Set default schema name to public
2026-01-24T01:51:44.101+01:00  INFO 147948 --- [delivery-optimization-api] [           main] liquibase.changelog                      : Creating database history table with name: public.databasechangelog
2026-01-24T01:51:44.164+01:00  INFO 147948 --- [delivery-optimization-api] [           main] liquibase.changelog                      : Reading from public.databasechangelog
2026-01-24T01:51:44.242+01:00  INFO 147948 --- [delivery-optimization-api] [           main] liquibase.lockservice                    : Successfully acquired change log lock
2026-01-24T01:51:44.244+01:00  INFO 147948 --- [delivery-optimization-api] [           main] liquibase.command                        : Using deploymentId: 9215904242
2026-01-24T01:51:44.246+01:00  INFO 147948 --- [delivery-optimization-api] [           main] liquibase.changelog                      : Reading from public.databasechangelog
Running Changeset: db/changelog/v1/001-create-nodes-table.sql::raw::includeAll
2026-01-24T01:51:44.350+01:00  INFO 147948 --- [delivery-optimization-api] [           main] liquibase.changelog                      : Custom SQL executed
2026-01-24T01:51:44.351+01:00  INFO 147948 --- [delivery-optimization-api] [           main] liquibase.changelog                      : ChangeSet db/changelog/v1/001-create-nodes-table.sql::raw::includeAll ran successfully in 43ms
Running Changeset: db/changelog/v1/002-create-arcs-table.sql::raw::includeAll
2026-01-24T01:51:44.385+01:00  INFO 147948 --- [delivery-optimization-api] [           main] liquibase.changelog                      : Custom SQL executed
2026-01-24T01:51:44.387+01:00  INFO 147948 --- [delivery-optimization-api] [           main] liquibase.changelog                      : ChangeSet db/changelog/v1/002-create-arcs-table.sql::raw::includeAll ran successfully in 22ms
Running Changeset: db/changelog/v1/003-create-deliveries-table.sql::raw::includeAll
2026-01-24T01:51:44.404+01:00  INFO 147948 --- [delivery-optimization-api] [           main] liquibase.changelog                      : Custom SQL executed
2026-01-24T01:51:44.404+01:00  INFO 147948 --- [delivery-optimization-api] [           main] liquibase.changelog                      : ChangeSet db/changelog/v1/003-create-deliveries-table.sql::raw::includeAll ran successfully in 12ms
Running Changeset: db/changelog/v1/004-create-tours-table.sql::raw::includeAll
2026-01-24T01:51:44.430+01:00  INFO 147948 --- [delivery-optimization-api] [           main] liquibase.changelog                      : Custom SQL executed
2026-01-24T01:51:44.432+01:00  INFO 147948 --- [delivery-optimization-api] [           main] liquibase.changelog                      : ChangeSet db/changelog/v1/004-create-tours-table.sql::raw::includeAll ran successfully in 23ms
Running Changeset: db/changelog/v1/005-insert-test-data.sql::raw::includeAll
2026-01-24T01:51:44.455+01:00  INFO 147948 --- [delivery-optimization-api] [           main] liquibase.changelog                      : Custom SQL executed
2026-01-24T01:51:44.455+01:00  INFO 147948 --- [delivery-optimization-api] [           main] liquibase.changelog                      : ChangeSet db/changelog/v1/005-insert-test-data.sql::raw::includeAll ran successfully in 18ms
Running Changeset: db/changelog/v1/006-create-missing-tables.sql::raw::includeAll
2026-01-24T01:51:44.479+01:00  INFO 147948 --- [delivery-optimization-api] [           main] liquibase.changelog                      : Custom SQL executed
2026-01-24T01:51:44.479+01:00  INFO 147948 --- [delivery-optimization-api] [           main] liquibase.changelog                      : ChangeSet db/changelog/v1/006-create-missing-tables.sql::raw::includeAll ran successfully in 18ms
2026-01-24T01:51:44.493+01:00  INFO 147948 --- [delivery-optimization-api] [           main] liquibase.util                           : UPDATE SUMMARY
2026-01-24T01:51:44.494+01:00  INFO 147948 --- [delivery-optimization-api] [           main] liquibase.util                           : Run:                          6
2026-01-24T01:51:44.494+01:00  INFO 147948 --- [delivery-optimization-api] [           main] liquibase.util                           : Previously run:               0
2026-01-24T01:51:44.494+01:00  INFO 147948 --- [delivery-optimization-api] [           main] liquibase.util                           : Filtered out:                 0
2026-01-24T01:51:44.494+01:00  INFO 147948 --- [delivery-optimization-api] [           main] liquibase.util                           : -------------------------------
2026-01-24T01:51:44.494+01:00  INFO 147948 --- [delivery-optimization-api] [           main] liquibase.util                           : Total change sets:            6
2026-01-24T01:51:44.494+01:00  INFO 147948 --- [delivery-optimization-api] [           main] liquibase.util                           : Update summary generated
2026-01-24T01:51:44.497+01:00  INFO 147948 --- [delivery-optimization-api] [           main] liquibase.command                        : Update command completed successfully.
Liquibase: Update has been successful. Rows affected: 22
2026-01-24T01:51:44.501+01:00  INFO 147948 --- [delivery-optimization-api] [           main] liquibase.lockservice                    : Successfully released change log lock
2026-01-24T01:51:44.501+01:00  INFO 147948 --- [delivery-optimization-api] [           main] liquibase.command                        : Command execution complete
2026-01-24T01:51:44.717+01:00  WARN 147948 --- [delivery-optimization-api] [           main] onfigReactiveWebServerApplicationContext : Exception encountered during context initialization - cancelling refresh attempt: org.springframework.context.ApplicationContextException: Failed to start bean 'webServerStartStop'
2026-01-24T01:51:44.748+01:00  INFO 147948 --- [delivery-optimization-api] [           main] .s.b.a.l.ConditionEvaluationReportLogger : 

Error starting ApplicationContext. To display the condition evaluation report re-run your application with 'debug' enabled.
2026-01-24T01:51:44.780+01:00 ERROR 147948 --- [delivery-optimization-api] [           main] o.s.b.d.LoggingFailureAnalysisReporter   : 

***************************
APPLICATION FAILED TO START
***************************

Description:

Web server failed to start. Port 8080 was already in use.

Action:

Identify and stop the process that's listening on port 8080 or configure this application to listen on another port.

