
  .   ____          _            __ _ _
 /\\ / ___'_ __ _ _(_)_ __  __ _ \ \ \ \
( ( )\___ | '_ | '_| | '_ \/ _` | \ \ \ \
 \\/  ___)| |_)| | | | | || (_| |  ) ) ) )
  '  |____| .__|_| |_|_| |_\__, | / / / /
 =========|_|==============|___/=/_/_/_/
 :: Spring Boot ::                (v3.2.2)

2026-01-24T11:26:03.152+01:00  INFO 50172 --- [delivery-optimization-api] [           main] c.d.o.DeliveryOptimizationApplication    : Starting DeliveryOptimizationApplication v0.0.1-SNAPSHOT using Java 21.0.9 with PID 50172 (F:\Projet Réseau\delivery-optimization-api\target\optimization-api-0.0.1-SNAPSHOT.jar started by USER in F:\Projet Réseau\delivery-optimization-api)
2026-01-24T11:26:03.158+01:00 DEBUG 50172 --- [delivery-optimization-api] [           main] c.d.o.DeliveryOptimizationApplication    : Running with Spring Boot v3.2.2, Spring v6.1.3
2026-01-24T11:26:03.159+01:00  INFO 50172 --- [delivery-optimization-api] [           main] c.d.o.DeliveryOptimizationApplication    : No active profile set, falling back to 1 default profile: "default"
2026-01-24T11:26:05.028+01:00  INFO 50172 --- [delivery-optimization-api] [           main] .s.d.r.c.RepositoryConfigurationDelegate : Bootstrapping Spring Data R2DBC repositories in DEFAULT mode.
2026-01-24T11:26:05.271+01:00  INFO 50172 --- [delivery-optimization-api] [           main] .s.d.r.c.RepositoryConfigurationDelegate : Finished Spring Data repository scanning in 233 ms. Found 8 R2DBC repository interfaces.
2026-01-24T11:26:07.393+01:00  INFO 50172 --- [delivery-optimization-api] [           main] o.s.b.w.embedded.tomcat.TomcatWebServer  : Tomcat initialized with port 8080 (http)
2026-01-24T11:26:07.423+01:00  INFO 50172 --- [delivery-optimization-api] [           main] o.apache.catalina.core.StandardService   : Starting service [Tomcat]
2026-01-24T11:26:07.425+01:00  INFO 50172 --- [delivery-optimization-api] [           main] o.apache.catalina.core.StandardEngine    : Starting Servlet engine: [Apache Tomcat/10.1.18]
2026-01-24T11:26:07.501+01:00  INFO 50172 --- [delivery-optimization-api] [           main] o.a.c.c.C.[Tomcat].[localhost].[/]       : Initializing Spring embedded WebApplicationContext
2026-01-24T11:26:07.505+01:00  INFO 50172 --- [delivery-optimization-api] [           main] w.s.c.ServletWebServerApplicationContext : Root WebApplicationContext: initialization completed in 4142 ms
2026-01-24T11:26:11.771+01:00  INFO 50172 --- [delivery-optimization-api] [           main] liquibase.database                       : Set default schema name to public
2026-01-24T11:26:12.621+01:00  INFO 50172 --- [delivery-optimization-api] [           main] liquibase.changelog                      : Reading from public.databasechangelog
2026-01-24T11:26:12.777+01:00  INFO 50172 --- [delivery-optimization-api] [           main] liquibase.lockservice                    : Successfully acquired change log lock
2026-01-24T11:26:12.781+01:00  INFO 50172 --- [delivery-optimization-api] [           main] liquibase.command                        : Using deploymentId: 9250372780
2026-01-24T11:26:12.784+01:00  INFO 50172 --- [delivery-optimization-api] [           main] liquibase.changelog                      : Reading from public.databasechangelog
Running Changeset: db/changelog/v1/007-extended-test-data.sql::raw::includeAll
2026-01-24T11:26:13.029+01:00 ERROR 50172 --- [delivery-optimization-api] [           main] liquibase.changelog                      : ChangeSet db/changelog/v1/007-extended-test-data.sql::raw::includeAll encountered an exception.
2026-01-24T11:26:13.038+01:00  INFO 50172 --- [delivery-optimization-api] [           main] liquibase.command                        : Update command encountered an exception.
2026-01-24T11:26:13.041+01:00  INFO 50172 --- [delivery-optimization-api] [           main] liquibase.lockservice                    : Successfully released change log lock
2026-01-24T11:26:13.043+01:00  INFO 50172 --- [delivery-optimization-api] [           main] liquibase.command                        : Command execution complete
2026-01-24T11:26:13.045+01:00  WARN 50172 --- [delivery-optimization-api] [           main] ConfigServletWebServerApplicationContext : Exception encountered during context initialization - cancelling refresh attempt: org.springframework.beans.factory.BeanCreationException: Error creating bean with name 'liquibase' defined in class path resource [org/springframework/boot/autoconfigure/liquibase/LiquibaseAutoConfiguration$LiquibaseConfiguration.class]: liquibase.exception.LiquibaseException: liquibase.exception.MigrationFailedException: Migration failed for changeset db/changelog/v1/007-extended-test-data.sql::raw::includeAll:
     Reason: liquibase.exception.DatabaseException: ERREUR: une instruction insert ou update sur la table « arcs » viole la contrainte de clé
étrangère « arcs_origin_id_fkey »
  Détail : La clé (origin_id)=( client_35) n'est pas présente dans la table « nodes ». [Failed SQL: (0) -- Extended Nodes (Yaoundé Centers) - 54 nodes additionnels (61 total avec les 7 existants)
INSERT INTO nodes (id, type, name, latitude, longitude, capacity) VALUES
('relay_3', 'RELAY', 'Relais Tsinga', 3.8850, 11.4980, 10),
('relay_4', 'RELAY', 'Relais Biyem Assi', 3.8450, 11.4850, 12),
('relay_5', 'RELAY', 'Relais Etoa-Meki', 3.8820, 11.5250, 18),
('relay_6', 'RELAY', 'Relais Kondengui', 3.8500, 11.5500, 14),
('relay_7', 'RELAY', 'Relais Santa Barbara', 3.9100, 11.5200, 10),
('relay_8', 'RELAY', 'Relais Odza', 3.7950, 11.5300, 25),
('relay_9', 'RELAY', 'Relais Nsam', 3.8100, 11.5000, 8),
('relay_10', 'RELAY', 'Relais Messa', 3.8650, 11.5050, 15),
('client_5', 'CLIENT', 'Client Bastos E', 3.8970, 11.5120, 0),
('client_6', 'CLIENT', 'Client Mendong F', 3.8350, 11.4750, 0),
('client_7', 'CLIENT', 'Client Tsinga G', 3.8855, 11.4985, 0),
('client_8', 'CLIENT', 'Client Etoudi H', 3.9150, 11.5150, 0),
('client_9', 'CLIENT', 'Client Messa I', 3.8655, 11.5055, 0),
('client_10', 'CLIENT', 'Client Damas J', 3.8250, 11.4800, 0),
('client_11', 'CLIENT', 'Client Ahala K', 3.7800, 11.5000, 0),
('client_12', 'CLIENT', 'Client Ekounou L', 3.8300, 11.5400, 0),
('client_13', 'CLIENT', 'Client Mimboman M', 3.8550, 11.5600, 0),
('client_14', 'CLIENT', 'Client Nkoabang N', 3.8400, 11.5800, 0),
('client_15', 'CLIENT', 'Client Biteng O', 3.8300, 11.6000, 0),
('client_16', 'CLIENT', 'Client Soa P', 3.9800, 11.6000, 0),
('client_17', 'CLIENT', 'Client Messassi Q', 3.9400, 11.5100, 0),
('client_18', 'CLIENT', 'Client Olembe R', 3.9600, 11.5200, 0),
('client_19', 'CLIENT', 'Client Nyom S', 3.9800, 11.5300, 0),
('client_20', 'CLIENT', 'Client Simbock T', 3.8150, 11.4650, 0),
('client_21', 'CLIENT', 'Client Obili U', 3.8580, 11.4950, 0),
('client_22', 'CLIENT', 'Client Ngoa-Ekele V', 3.8600, 11.5000, 0),
('client_23', 'CLIENT', 'Client Mokolo W', 3.8750, 11.4900, 0),
('client_24', 'CLIENT', 'Client Madagascar X', 3.8850, 11.4850, 0),
('client_25', 'CLIENT', 'Client Cite-Verte Y', 3.8700, 11.4750, 0),
('client_26', 'CLIENT', 'Client Nkomkana Z', 3.8800, 11.5050, 0),
('client_27', 'CLIENT', 'Client Briqueterie AA', 3.8700, 11.5150, 0),
('client_28', 'CLIENT', 'Client Camp-Yagoua AB', 3.8800, 11.5350, 0),
('client_29', 'CLIENT', 'Client Mvog-Ada AC', 3.8650, 11.5250, 0),
('client_30', 'CLIENT', 'Client Mvog-Mbi AD', 3.8450, 11.5200, 0),
('client_31', 'CLIENT', 'Client Nkoldongo AE', 3.8550, 11.5350, 0),
('client_32', 'CLIENT', 'Client Emombo AF', 3.8500, 11.5550, 0),
('client_33', 'CLIENT', 'Client Etam-Bafia AG', 3.8400, 11.5450, 0),
('client_34', 'CLIENT', 'Client Mvog-Atangana-Mballa AH', 3.8350, 11.5300, 0),
('client_35', 'CLIENT', 'Client Anguissa AI', 3.8400, 11.5600, 0),
('client_36', 'CLIENT', 'Client Minproff AJ', 3.8680, 11.5180, 0),
('client_37', 'CLIENT', 'Client Warda AK', 3.8650, 11.5100, 0),
('client_38', 'CLIENT', 'Client Post-Centrale AL', 3.8620, 11.5220, 0),
('client_39', 'CLIENT', 'Client Hotel-de-Ville AM', 3.8640, 11.5200, 0),
('client_40', 'CLIENT', 'Client Palais-Congres AN', 3.8900, 11.5100, 0),
('client_41', 'CLIENT', 'Client Golf AO', 3.9050, 11.5250, 0),
('client_42', 'CLIENT', 'Client Dragages AP', 3.9000, 11.5350, 0),
('client_43', 'CLIENT', 'Client Elig-Essono AQ', 3.8750, 11.5200, 0),
('client_44', 'CLIENT', 'Client Elig-Edzoa AR', 3.8900, 11.5300, 0),
('client_45', 'CLIENT', 'Client Djoungolo AS', 3.8880, 11.5450, 0),
('client_46', 'CLIENT', 'Client Fouda AT', 3.8720, 11.5300, 0),
('client_47', 'CLIENT', 'Client Mballa-II AU', 3.9000, 11.5150, 0),
('client_48', 'CLIENT', 'Client Manguiers AV', 3.8950, 11.5500, 0),
('client_49', 'CLIENT', 'Client Omnisport AW', 3.8850, 11.5400, 0),
('client_50', 'CLIENT', 'Client Quartier-Lac AX', 3.8600, 11.5150, 0)
ON CONFLICT (id) DO NOTHING;

-- Driver additionnel
INSERT INTO drivers (id, name, current_latitude, current_longitude, status) VALUES
('driver_3', 'Marc Rapide', 3.8967, 11.5119, 'AVAILABLE')
ON CONFLICT (id) DO NOTHING;

-- Extended Arcs (~193 connexions additionnelles)
INSERT INTO arcs (origin_id, destination_id, distance, travel_time, penibility, weather_impact, fuel_cost) VALUES
('depot_1', 'relay_4', 3.2, 600, 0.1, 0.0, 0.3),
('relay_4', 'client_1', 1.1, 220, 0.1, 0.0, 0.1),
('relay_1', 'client_5', 0.2, 40, 0.0, 0.0, 0.0),
('relay_1', 'client_8', 2.5, 500, 0.1, 0.0, 0.2),
('client_8', 'client_17', 3.2, 640, 0.2, 0.1, 0.3),
('client_17', 'relay_7', 4.0, 800, 0.2, 0.1, 0.4),
('relay_7', 'client_2', 2.5, 500, 0.2, 0.1, 0.2),
('client_2', 'relay_5', 3.8, 760, 0.3, 0.2, 0.4),
('relay_5', 'client_3', 3.2, 640, 0.2, 0.1, 0.3),
('client_3', 'relay_6', 1.8, 360, 0.1, 0.0, 0.2),
('relay_6', 'client_13', 2.1, 420, 0.1, 0.0, 0.2),
('client_13', 'client_14', 3.5, 700, 0.3, 0.2, 0.3),
('client_14', 'client_15', 3.5, 700, 0.4, 0.2, 0.4),
('client_15', 'depot_1', 10.5, 2100, 0.4, 0.3, 1.0),
('depot_1', 'relay_8', 4.2, 840, 0.1, 0.0, 0.4),
('relay_8', 'client_4', 0.1, 20, 0.0, 0.0, 0.0),
('relay_8', 'client_11', 2.8, 560, 0.2, 0.1, 0.3),
('client_11', 'relay_9', 4.5, 900, 0.2, 0.1, 0.4),
('relay_9', 'client_10', 0.5, 100, 0.1, 0.0, 0.0),
('client_10', 'relay_2', 2.8, 560, 0.1, 0.0, 0.3),
('relay_2', 'client_20', 3.2, 640, 0.2, 0.1, 0.3),
('client_20', 'client_10', 4.0, 800, 0.2, 0.1, 0.4),
('depot_1', 'relay_10', 4.5, 900, 0.2, 0.1, 0.4),
('relay_10', 'client_9', 0.2, 40, 0.0, 0.0, 0.0),
('client_9', 'client_21', 1.2, 240, 0.1, 0.0, 0.1),
('client_21', 'client_22', 0.5, 100, 0.1, 0.0, 0.0),
('client_22', 'client_37', 0.8, 160, 0.1, 0.0, 0.1),
('client_37', 'client_50', 1.1, 220, 0.1, 0.0, 0.1),
('client_50', 'relay_10', 1.5, 300, 0.1, 0.0, 0.1),
('relay_10', 'client_26', 2.0, 400, 0.1, 0.0, 0.2),
('client_26', 'relay_3', 1.2, 240, 0.1, 0.0, 0.1),
('relay_3', 'client_7', 0.1, 20, 0.0, 0.0, 0.0),
('relay_3', 'client_23', 1.5, 300, 0.1, 0.0, 0.1),
('client_23', 'client_24', 1.0, 200, 0.2, 0.1, 0.1),
('client_24', 'client_25', 1.5, 300, 0.2, 0.1, 0.1),
('client_25', 'relay_4', 3.5, 700, 0.2, 0.1, 0.3),
('relay_5', 'client_7', 2.1, 420, 0.1, 0.0, 0.2),
('client_7', 'client_27', 2.5, 500, 0.2, 0.1, 0.2),
('client_27', 'relay_10', 1.2, 240, 0.1, 0.0, 0.1),
('relay_5', 'client_43', 1.5, 300, 0.1, 0.0, 0.1),
('client_43', 'client_38', 1.8, 360, 0.1, 0.0, 0.2),
('client_38', 'client_39', 0.5, 100, 0.1, 0.0, 0.0),
('client_39', 'client_36', 0.8, 160, 0.1, 0.0, 0.1),
('client_36', 'relay_10', 1.0, 200, 0.1, 0.0, 0.1),
('relay_5', 'client_31', 3.5, 700, 0.2, 0.1, 0.3),
('client_31', 'relay_6', 1.2, 240, 0.1, 0.0, 0.1),
('relay_6', 'client_32', 1.1, 220, 0.1, 0.0, 0.1),
('client_32', 'client_35', 1.8, 360, 0.2, 0.1, 0.2),
('client_35', 'client_33', 3.5, 700, 0.3, 0.2, 0.3),
('client_33', 'client_12', 2.1, 420, 0.2, 0.1, 0.2),
('client_12', 'depot_1', 4.5, 900, 0.2, 0.1, 0.4),
('relay_1', 'client_40', 1.5, 300, 0.1, 0.0, 0.1),
('client_40', 'client_47', 1.5, 300, 0.1, 0.1, 0.1),
('client_47', 'relay_7', 1.2, 240, 0.1, 0.0, 0.1),
('relay_7', 'client_41', 1.5, 300, 0.1, 0.1, 0.1),
('client_41', 'client_42', 1.2, 240, 0.1, 0.0, 0.1),
('client_42', 'relay_5', 2.5, 500, 0.1, 0.0, 0.2),
('client_46', 'relay_5', 1.5, 300, 0.1, 0.0, 0.1),
('relay_6', 'client_46', 2.8, 560, 0.2, 0.1, 0.3),
('client_49', 'relay_6', 4.0, 800, 0.2, 0.2, 0.4),
('relay_5', 'client_49', 2.5, 500, 0.1, 0.1, 0.2),
('relay_5', 'client_44', 1.2, 240, 0.1, 0.0, 0.1),
('client_44', 'client_45', 2.1, 420, 0.2, 0.1, 0.2),
('client_45', 'client_49', 1.5, 300, 0.1, 0.1, 0.1),
('client_48', 'relay_5', 4.5, 900, 0.3, 0.2, 0.4),
('relay_1', 'relay_3', 2.5, 500, 0.1, 0.0, 0.2),
('relay_3', 'relay_10', 4.0, 800, 0.2, 0.1, 0.4),
('relay_10', 'relay_4', 3.5, 700, 0.2, 0.1, 0.3),
('relay_4', 'relay_2', 2.8, 560, 0.1, 0.0, 0.3),
('relay_2', 'relay_9', 4.0, 800, 0.2, 0.1, 0.4),
('relay_9', 'relay_8', 3.5, 700, 0.2, 0.1, 0.3),
('relay_8', 'depot_1', 4.2, 840, 0.1, 0.0, 0.4),
('relay_5', 'relay_1', 3.0, 600, 0.1, 0.0, 0.3),
('relay_5', 'relay_6', 2.5, 500, 0.1, 0.0, 0.2),
('relay_6', 'relay_10', 3.2, 640, 0.2, 0.1, 0.3),
('relay_7', 'relay_1', 2.0, 400, 0.1, 0.0, 0.2),
('relay_7', 'relay_5', 3.5, 700, 0.2, 0.1, 0.3),
-- Reverse arcs
('relay_4', 'depot_1', 3.2, 600, 0.1, 0.0, 0.3),
('client_1', 'relay_4', 1.1, 220, 0.1, 0.0, 0.1),
('client_5', 'relay_1', 0.2, 40, 0.0, 0.0, 0.0),
('client_8', 'relay_1', 2.5, 500, 0.1, 0.0, 0.2),
('client_17', 'client_8', 3.2, 640, 0.2, 0.1, 0.3),
('relay_7', 'client_17', 4.0, 800, 0.2, 0.1, 0.4),
('client_2', 'relay_7', 2.5, 500, 0.2, 0.1, 0.2),
('relay_5', 'client_2', 3.8, 760, 0.3, 0.2, 0.4),
('client_3', 'relay_5', 3.2, 640, 0.2, 0.1, 0.3),
('relay_6', 'client_3', 1.8, 360, 0.1, 0.0, 0.2),
('client_13', 'relay_6', 2.1, 420, 0.1, 0.0, 0.2),
('client_14', 'client_13', 3.5, 700, 0.3, 0.2, 0.3),
('client_15', 'client_14', 3.5, 700, 0.4, 0.2, 0.4),
('depot_1', 'client_15', 10.5, 2100, 0.4, 0.3, 1.0),
('relay_8', 'depot_1', 4.2, 840, 0.1, 0.0, 0.4),
('client_4', 'relay_8', 0.1, 20, 0.0, 0.0, 0.0),
('client_11', 'relay_8', 2.8, 560, 0.2, 0.1, 0.3),
('relay_9', 'client_11', 4.5, 900, 0.2, 0.1, 0.4),
('client_10', 'relay_9', 0.5, 100, 0.1, 0.0, 0.0),
('relay_2', 'client_10', 2.8, 560, 0.1, 0.0, 0.3),
('client_20', 'relay_2', 3.2, 640, 0.2, 0.1, 0.3),
('relay_10', 'depot_1', 4.5, 900, 0.2, 0.1, 0.4),
('client_9', 'relay_10', 0.2, 40, 0.0, 0.0, 0.0),
('client_22', 'client_21', 1.2, 240, 0.1, 0.0, 0.1),
('client_37', 'client_22', 0.8, 160, 0.1, 0.0, 0.1),
('client_50', 'client_37', 1.1, 220, 0.1, 0.0, 0.1),
('relay_10', 'client_50', 1.5, 300, 0.1, 0.0, 0.1),
('client_26', 'relay_10', 2.0, 400, 0.1, 0.0, 0.2),
('relay_3', 'client_26', 1.2, 240, 0.1, 0.0, 0.1),
('client_7', 'relay_3', 0.1, 20, 0.0, 0.0, 0.0),
('client_23', 'relay_3', 1.5, 300, 0.1, 0.0, 0.1),
('client_24', 'client_23', 1.0, 200, 0.2, 0.1, 0.1),
('client_25', 'client_24', 1.5, 300, 0.2, 0.1, 0.1),
('relay_4', 'client_25', 3.5, 700, 0.2, 0.1, 0.3),
('client_7', 'relay_5', 2.1, 420, 0.1, 0.0, 0.2),
('relay_10', 'client_27', 1.2, 240, 0.1, 0.0, 0.1),
('client_43', 'relay_5', 1.5, 300, 0.1, 0.0, 0.1),
('client_38', 'client_43', 1.8, 360, 0.1, 0.0, 0.2),
('client_39', 'client_38', 0.5, 100, 0.1, 0.0, 0.0),
('client_36', 'client_39', 0.8, 160, 0.1, 0.0, 0.1),
('relay_10', 'client_36', 1.0, 200, 0.1, 0.0, 0.1),
('client_31', 'relay_5', 3.5, 700, 0.2, 0.1, 0.3),
('relay_6', 'client_31', 1.2, 240, 0.1, 0.0, 0.1),
('client_32', 'relay_6', 1.1, 220, 0.1, 0.0, 0.1),
(' client_35', 'client_32', 1.8, 360, 0.2, 0.1, 0.2),
('client_33', 'client_35', 3.5, 700, 0.3, 0.2, 0.3),
('client_12', 'client_33', 2.1, 420, 0.2, 0.1, 0.2),
('depot_1', 'client_12', 4.5, 900, 0.2, 0.1, 0.4),
('client_6', 'relay_2', 0.1, 20, 0.0, 0.0, 0.0),
('relay_2', 'client_6', 0.1, 20, 0.0, 0.0, 0.0),
('client_18', 'relay_7', 1.5, 300, 0.1, 0.0, 0.1),
('relay_7', 'client_18', 1.5, 300, 0.1, 0.0, 0.1),
('client_19', 'relay_7', 2.5, 500, 0.2, 0.1, 0.2),
('relay_7', 'client_19', 2.5, 500, 0.2, 0.1, 0.2),
('client_16', 'relay_7', 15.0, 3000, 0.5, 0.3, 1.5),
('relay_7', 'client_16', 15.0, 3000, 0.5, 0.3, 1.5),
('client_41', 'client_18', 3.0, 600, 0.2, 0.1, 0.3),
('client_18', 'client_41', 3.0, 600, 0.2, 0.1, 0.3),
('client_42', 'client_19', 4.0, 800, 0.3, 0.2, 0.4),
('client_19', 'client_42', 4.0, 800, 0.3, 0.2, 0.4),
('client_10', 'client_11', 2.5, 500, 0.1, 0.0, 0.2),
('client_11', 'client_10', 2.5, 500, 0.1, 0.0, 0.2),
('client_28', 'relay_5', 1.5, 300, 0.1, 0.0, 0.1),
('relay_5', 'client_28', 1.5, 300, 0.1, 0.0, 0.1),
('client_29', 'relay_10', 1.2, 240, 0.1, 0.0, 0.1),
('relay_10', 'client_29', 1.2, 240, 0.1, 0.0, 0.1),
('client_30', 'relay_10', 0.8, 160, 0.1, 0.0, 0.1),
('relay_10', 'client_30', 0.8, 160, 0.1, 0.0, 0.1),
('client_34', 'relay_9', 1.5, 300, 0.1, 0.0, 0.1),
('relay_9', 'client_34', 1.5, 300, 0.1, 0.0, 0.1)
ON CONFLICT (id) DO NOTHING]
2026-01-24T11:26:13.109+01:00  INFO 50172 --- [delivery-optimization-api] [           main] o.apache.catalina.core.StandardService   : Stopping service [Tomcat]
2026-01-24T11:26:13.131+01:00  INFO 50172 --- [delivery-optimization-api] [           main] .s.b.a.l.ConditionEvaluationReportLogger : 

Error starting ApplicationContext. To display the condition evaluation report re-run your application with 'debug' enabled.
2026-01-24T11:26:13.195+01:00 ERROR 50172 --- [delivery-optimization-api] [           main] o.s.boot.SpringApplication               : Application run failed

org.springframework.beans.factory.BeanCreationException: Error creating bean with name 'liquibase' defined in class path resource [org/springframework/boot/autoconfigure/liquibase/LiquibaseAutoConfiguration$LiquibaseConfiguration.class]: liquibase.exception.LiquibaseException: liquibase.exception.MigrationFailedException: Migration failed for changeset db/changelog/v1/007-extended-test-data.sql::raw::includeAll:
     Reason: liquibase.exception.DatabaseException: ERREUR: une instruction insert ou update sur la table « arcs » viole la contrainte de clé
étrangère « arcs_origin_id_fkey »
  Détail : La clé (origin_id)=( client_35) n'est pas présente dans la table « nodes ». [Failed SQL: (0) -- Extended Nodes (Yaoundé Centers) - 54 nodes additionnels (61 total avec les 7 existants)
INSERT INTO nodes (id, type, name, latitude, longitude, capacity) VALUES
('relay_3', 'RELAY', 'Relais Tsinga', 3.8850, 11.4980, 10),
('relay_4', 'RELAY', 'Relais Biyem Assi', 3.8450, 11.4850, 12),
('relay_5', 'RELAY', 'Relais Etoa-Meki', 3.8820, 11.5250, 18),
('relay_6', 'RELAY', 'Relais Kondengui', 3.8500, 11.5500, 14),
('relay_7', 'RELAY', 'Relais Santa Barbara', 3.9100, 11.5200, 10),
('relay_8', 'RELAY', 'Relais Odza', 3.7950, 11.5300, 25),
('relay_9', 'RELAY', 'Relais Nsam', 3.8100, 11.5000, 8),
('relay_10', 'RELAY', 'Relais Messa', 3.8650, 11.5050, 15),
('client_5', 'CLIENT', 'Client Bastos E', 3.8970, 11.5120, 0),
('client_6', 'CLIENT', 'Client Mendong F', 3.8350, 11.4750, 0),
('client_7', 'CLIENT', 'Client Tsinga G', 3.8855, 11.4985, 0),
('client_8', 'CLIENT', 'Client Etoudi H', 3.9150, 11.5150, 0),
('client_9', 'CLIENT', 'Client Messa I', 3.8655, 11.5055, 0),
('client_10', 'CLIENT', 'Client Damas J', 3.8250, 11.4800, 0),
('client_11', 'CLIENT', 'Client Ahala K', 3.7800, 11.5000, 0),
('client_12', 'CLIENT', 'Client Ekounou L', 3.8300, 11.5400, 0),
('client_13', 'CLIENT', 'Client Mimboman M', 3.8550, 11.5600, 0),
('client_14', 'CLIENT', 'Client Nkoabang N', 3.8400, 11.5800, 0),
('client_15', 'CLIENT', 'Client Biteng O', 3.8300, 11.6000, 0),
('client_16', 'CLIENT', 'Client Soa P', 3.9800, 11.6000, 0),
('client_17', 'CLIENT', 'Client Messassi Q', 3.9400, 11.5100, 0),
('client_18', 'CLIENT', 'Client Olembe R', 3.9600, 11.5200, 0),
('client_19', 'CLIENT', 'Client Nyom S', 3.9800, 11.5300, 0),
('client_20', 'CLIENT', 'Client Simbock T', 3.8150, 11.4650, 0),
('client_21', 'CLIENT', 'Client Obili U', 3.8580, 11.4950, 0),
('client_22', 'CLIENT', 'Client Ngoa-Ekele V', 3.8600, 11.5000, 0),
('client_23', 'CLIENT', 'Client Mokolo W', 3.8750, 11.4900, 0),
('client_24', 'CLIENT', 'Client Madagascar X', 3.8850, 11.4850, 0),
('client_25', 'CLIENT', 'Client Cite-Verte Y', 3.8700, 11.4750, 0),
('client_26', 'CLIENT', 'Client Nkomkana Z', 3.8800, 11.5050, 0),
('client_27', 'CLIENT', 'Client Briqueterie AA', 3.8700, 11.5150, 0),
('client_28', 'CLIENT', 'Client Camp-Yagoua AB', 3.8800, 11.5350, 0),
('client_29', 'CLIENT', 'Client Mvog-Ada AC', 3.8650, 11.5250, 0),
('client_30', 'CLIENT', 'Client Mvog-Mbi AD', 3.8450, 11.5200, 0),
('client_31', 'CLIENT', 'Client Nkoldongo AE', 3.8550, 11.5350, 0),
('client_32', 'CLIENT', 'Client Emombo AF', 3.8500, 11.5550, 0),
('client_33', 'CLIENT', 'Client Etam-Bafia AG', 3.8400, 11.5450, 0),
('client_34', 'CLIENT', 'Client Mvog-Atangana-Mballa AH', 3.8350, 11.5300, 0),
('client_35', 'CLIENT', 'Client Anguissa AI', 3.8400, 11.5600, 0),
('client_36', 'CLIENT', 'Client Minproff AJ', 3.8680, 11.5180, 0),
('client_37', 'CLIENT', 'Client Warda AK', 3.8650, 11.5100, 0),
('client_38', 'CLIENT', 'Client Post-Centrale AL', 3.8620, 11.5220, 0),
('client_39', 'CLIENT', 'Client Hotel-de-Ville AM', 3.8640, 11.5200, 0),
('client_40', 'CLIENT', 'Client Palais-Congres AN', 3.8900, 11.5100, 0),
('client_41', 'CLIENT', 'Client Golf AO', 3.9050, 11.5250, 0),
('client_42', 'CLIENT', 'Client Dragages AP', 3.9000, 11.5350, 0),
('client_43', 'CLIENT', 'Client Elig-Essono AQ', 3.8750, 11.5200, 0),
('client_44', 'CLIENT', 'Client Elig-Edzoa AR', 3.8900, 11.5300, 0),
('client_45', 'CLIENT', 'Client Djoungolo AS', 3.8880, 11.5450, 0),
('client_46', 'CLIENT', 'Client Fouda AT', 3.8720, 11.5300, 0),
('client_47', 'CLIENT', 'Client Mballa-II AU', 3.9000, 11.5150, 0),
('client_48', 'CLIENT', 'Client Manguiers AV', 3.8950, 11.5500, 0),
('client_49', 'CLIENT', 'Client Omnisport AW', 3.8850, 11.5400, 0),
('client_50', 'CLIENT', 'Client Quartier-Lac AX', 3.8600, 11.5150, 0)
ON CONFLICT (id) DO NOTHING;

-- Driver additionnel
INSERT INTO drivers (id, name, current_latitude, current_longitude, status) VALUES
('driver_3', 'Marc Rapide', 3.8967, 11.5119, 'AVAILABLE')
ON CONFLICT (id) DO NOTHING;

-- Extended Arcs (~193 connexions additionnelles)
INSERT INTO arcs (origin_id, destination_id, distance, travel_time, penibility, weather_impact, fuel_cost) VALUES
('depot_1', 'relay_4', 3.2, 600, 0.1, 0.0, 0.3),
('relay_4', 'client_1', 1.1, 220, 0.1, 0.0, 0.1),
('relay_1', 'client_5', 0.2, 40, 0.0, 0.0, 0.0),
('relay_1', 'client_8', 2.5, 500, 0.1, 0.0, 0.2),
('client_8', 'client_17', 3.2, 640, 0.2, 0.1, 0.3),
('client_17', 'relay_7', 4.0, 800, 0.2, 0.1, 0.4),
('relay_7', 'client_2', 2.5, 500, 0.2, 0.1, 0.2),
('client_2', 'relay_5', 3.8, 760, 0.3, 0.2, 0.4),
('relay_5', 'client_3', 3.2, 640, 0.2, 0.1, 0.3),
('client_3', 'relay_6', 1.8, 360, 0.1, 0.0, 0.2),
('relay_6', 'client_13', 2.1, 420, 0.1, 0.0, 0.2),
('client_13', 'client_14', 3.5, 700, 0.3, 0.2, 0.3),
('client_14', 'client_15', 3.5, 700, 0.4, 0.2, 0.4),
('client_15', 'depot_1', 10.5, 2100, 0.4, 0.3, 1.0),
('depot_1', 'relay_8', 4.2, 840, 0.1, 0.0, 0.4),
('relay_8', 'client_4', 0.1, 20, 0.0, 0.0, 0.0),
('relay_8', 'client_11', 2.8, 560, 0.2, 0.1, 0.3),
('client_11', 'relay_9', 4.5, 900, 0.2, 0.1, 0.4),
('relay_9', 'client_10', 0.5, 100, 0.1, 0.0, 0.0),
('client_10', 'relay_2', 2.8, 560, 0.1, 0.0, 0.3),
('relay_2', 'client_20', 3.2, 640, 0.2, 0.1, 0.3),
('client_20', 'client_10', 4.0, 800, 0.2, 0.1, 0.4),
('depot_1', 'relay_10', 4.5, 900, 0.2, 0.1, 0.4),
('relay_10', 'client_9', 0.2, 40, 0.0, 0.0, 0.0),
('client_9', 'client_21', 1.2, 240, 0.1, 0.0, 0.1),
('client_21', 'client_22', 0.5, 100, 0.1, 0.0, 0.0),
('client_22', 'client_37', 0.8, 160, 0.1, 0.0, 0.1),
('client_37', 'client_50', 1.1, 220, 0.1, 0.0, 0.1),
('client_50', 'relay_10', 1.5, 300, 0.1, 0.0, 0.1),
('relay_10', 'client_26', 2.0, 400, 0.1, 0.0, 0.2),
('client_26', 'relay_3', 1.2, 240, 0.1, 0.0, 0.1),
('relay_3', 'client_7', 0.1, 20, 0.0, 0.0, 0.0),
('relay_3', 'client_23', 1.5, 300, 0.1, 0.0, 0.1),
('client_23', 'client_24', 1.0, 200, 0.2, 0.1, 0.1),
('client_24', 'client_25', 1.5, 300, 0.2, 0.1, 0.1),
('client_25', 'relay_4', 3.5, 700, 0.2, 0.1, 0.3),
('relay_5', 'client_7', 2.1, 420, 0.1, 0.0, 0.2),
('client_7', 'client_27', 2.5, 500, 0.2, 0.1, 0.2),
('client_27', 'relay_10', 1.2, 240, 0.1, 0.0, 0.1),
('relay_5', 'client_43', 1.5, 300, 0.1, 0.0, 0.1),
('client_43', 'client_38', 1.8, 360, 0.1, 0.0, 0.2),
('client_38', 'client_39', 0.5, 100, 0.1, 0.0, 0.0),
('client_39', 'client_36', 0.8, 160, 0.1, 0.0, 0.1),
('client_36', 'relay_10', 1.0, 200, 0.1, 0.0, 0.1),
('relay_5', 'client_31', 3.5, 700, 0.2, 0.1, 0.3),
('client_31', 'relay_6', 1.2, 240, 0.1, 0.0, 0.1),
('relay_6', 'client_32', 1.1, 220, 0.1, 0.0, 0.1),
('client_32', 'client_35', 1.8, 360, 0.2, 0.1, 0.2),
('client_35', 'client_33', 3.5, 700, 0.3, 0.2, 0.3),
('client_33', 'client_12', 2.1, 420, 0.2, 0.1, 0.2),
('client_12', 'depot_1', 4.5, 900, 0.2, 0.1, 0.4),
('relay_1', 'client_40', 1.5, 300, 0.1, 0.0, 0.1),
('client_40', 'client_47', 1.5, 300, 0.1, 0.1, 0.1),
('client_47', 'relay_7', 1.2, 240, 0.1, 0.0, 0.1),
('relay_7', 'client_41', 1.5, 300, 0.1, 0.1, 0.1),
('client_41', 'client_42', 1.2, 240, 0.1, 0.0, 0.1),
('client_42', 'relay_5', 2.5, 500, 0.1, 0.0, 0.2),
('client_46', 'relay_5', 1.5, 300, 0.1, 0.0, 0.1),
('relay_6', 'client_46', 2.8, 560, 0.2, 0.1, 0.3),
('client_49', 'relay_6', 4.0, 800, 0.2, 0.2, 0.4),
('relay_5', 'client_49', 2.5, 500, 0.1, 0.1, 0.2),
('relay_5', 'client_44', 1.2, 240, 0.1, 0.0, 0.1),
('client_44', 'client_45', 2.1, 420, 0.2, 0.1, 0.2),
('client_45', 'client_49', 1.5, 300, 0.1, 0.1, 0.1),
('client_48', 'relay_5', 4.5, 900, 0.3, 0.2, 0.4),
('relay_1', 'relay_3', 2.5, 500, 0.1, 0.0, 0.2),
('relay_3', 'relay_10', 4.0, 800, 0.2, 0.1, 0.4),
('relay_10', 'relay_4', 3.5, 700, 0.2, 0.1, 0.3),
('relay_4', 'relay_2', 2.8, 560, 0.1, 0.0, 0.3),
('relay_2', 'relay_9', 4.0, 800, 0.2, 0.1, 0.4),
('relay_9', 'relay_8', 3.5, 700, 0.2, 0.1, 0.3),
('relay_8', 'depot_1', 4.2, 840, 0.1, 0.0, 0.4),
('relay_5', 'relay_1', 3.0, 600, 0.1, 0.0, 0.3),
('relay_5', 'relay_6', 2.5, 500, 0.1, 0.0, 0.2),
('relay_6', 'relay_10', 3.2, 640, 0.2, 0.1, 0.3),
('relay_7', 'relay_1', 2.0, 400, 0.1, 0.0, 0.2),
('relay_7', 'relay_5', 3.5, 700, 0.2, 0.1, 0.3),
-- Reverse arcs
('relay_4', 'depot_1', 3.2, 600, 0.1, 0.0, 0.3),
('client_1', 'relay_4', 1.1, 220, 0.1, 0.0, 0.1),
('client_5', 'relay_1', 0.2, 40, 0.0, 0.0, 0.0),
('client_8', 'relay_1', 2.5, 500, 0.1, 0.0, 0.2),
('client_17', 'client_8', 3.2, 640, 0.2, 0.1, 0.3),
('relay_7', 'client_17', 4.0, 800, 0.2, 0.1, 0.4),
('client_2', 'relay_7', 2.5, 500, 0.2, 0.1, 0.2),
('relay_5', 'client_2', 3.8, 760, 0.3, 0.2, 0.4),
('client_3', 'relay_5', 3.2, 640, 0.2, 0.1, 0.3),
('relay_6', 'client_3', 1.8, 360, 0.1, 0.0, 0.2),
('client_13', 'relay_6', 2.1, 420, 0.1, 0.0, 0.2),
('client_14', 'client_13', 3.5, 700, 0.3, 0.2, 0.3),
('client_15', 'client_14', 3.5, 700, 0.4, 0.2, 0.4),
('depot_1', 'client_15', 10.5, 2100, 0.4, 0.3, 1.0),
('relay_8', 'depot_1', 4.2, 840, 0.1, 0.0, 0.4),
('client_4', 'relay_8', 0.1, 20, 0.0, 0.0, 0.0),
('client_11', 'relay_8', 2.8, 560, 0.2, 0.1, 0.3),
('relay_9', 'client_11', 4.5, 900, 0.2, 0.1, 0.4),
('client_10', 'relay_9', 0.5, 100, 0.1, 0.0, 0.0),
('relay_2', 'client_10', 2.8, 560, 0.1, 0.0, 0.3),
('client_20', 'relay_2', 3.2, 640, 0.2, 0.1, 0.3),
('relay_10', 'depot_1', 4.5, 900, 0.2, 0.1, 0.4),
('client_9', 'relay_10', 0.2, 40, 0.0, 0.0, 0.0),
('client_22', 'client_21', 1.2, 240, 0.1, 0.0, 0.1),
('client_37', 'client_22', 0.8, 160, 0.1, 0.0, 0.1),
('client_50', 'client_37', 1.1, 220, 0.1, 0.0, 0.1),
('relay_10', 'client_50', 1.5, 300, 0.1, 0.0, 0.1),
('client_26', 'relay_10', 2.0, 400, 0.1, 0.0, 0.2),
('relay_3', 'client_26', 1.2, 240, 0.1, 0.0, 0.1),
('client_7', 'relay_3', 0.1, 20, 0.0, 0.0, 0.0),
('client_23', 'relay_3', 1.5, 300, 0.1, 0.0, 0.1),
('client_24', 'client_23', 1.0, 200, 0.2, 0.1, 0.1),
('client_25', 'client_24', 1.5, 300, 0.2, 0.1, 0.1),
('relay_4', 'client_25', 3.5, 700, 0.2, 0.1, 0.3),
('client_7', 'relay_5', 2.1, 420, 0.1, 0.0, 0.2),
('relay_10', 'client_27', 1.2, 240, 0.1, 0.0, 0.1),
('client_43', 'relay_5', 1.5, 300, 0.1, 0.0, 0.1),
('client_38', 'client_43', 1.8, 360, 0.1, 0.0, 0.2),
('client_39', 'client_38', 0.5, 100, 0.1, 0.0, 0.0),
('client_36', 'client_39', 0.8, 160, 0.1, 0.0, 0.1),
('relay_10', 'client_36', 1.0, 200, 0.1, 0.0, 0.1),
('client_31', 'relay_5', 3.5, 700, 0.2, 0.1, 0.3),
('relay_6', 'client_31', 1.2, 240, 0.1, 0.0, 0.1),
('client_32', 'relay_6', 1.1, 220, 0.1, 0.0, 0.1),
(' client_35', 'client_32', 1.8, 360, 0.2, 0.1, 0.2),
('client_33', 'client_35', 3.5, 700, 0.3, 0.2, 0.3),
('client_12', 'client_33', 2.1, 420, 0.2, 0.1, 0.2),
('depot_1', 'client_12', 4.5, 900, 0.2, 0.1, 0.4),
('client_6', 'relay_2', 0.1, 20, 0.0, 0.0, 0.0),
('relay_2', 'client_6', 0.1, 20, 0.0, 0.0, 0.0),
('client_18', 'relay_7', 1.5, 300, 0.1, 0.0, 0.1),
('relay_7', 'client_18', 1.5, 300, 0.1, 0.0, 0.1),
('client_19', 'relay_7', 2.5, 500, 0.2, 0.1, 0.2),
('relay_7', 'client_19', 2.5, 500, 0.2, 0.1, 0.2),
('client_16', 'relay_7', 15.0, 3000, 0.5, 0.3, 1.5),
('relay_7', 'client_16', 15.0, 3000, 0.5, 0.3, 1.5),
('client_41', 'client_18', 3.0, 600, 0.2, 0.1, 0.3),
('client_18', 'client_41', 3.0, 600, 0.2, 0.1, 0.3),
('client_42', 'client_19', 4.0, 800, 0.3, 0.2, 0.4),
('client_19', 'client_42', 4.0, 800, 0.3, 0.2, 0.4),
('client_10', 'client_11', 2.5, 500, 0.1, 0.0, 0.2),
('client_11', 'client_10', 2.5, 500, 0.1, 0.0, 0.2),
('client_28', 'relay_5', 1.5, 300, 0.1, 0.0, 0.1),
('relay_5', 'client_28', 1.5, 300, 0.1, 0.0, 0.1),
('client_29', 'relay_10', 1.2, 240, 0.1, 0.0, 0.1),
('relay_10', 'client_29', 1.2, 240, 0.1, 0.0, 0.1),
('client_30', 'relay_10', 0.8, 160, 0.1, 0.0, 0.1),
('relay_10', 'client_30', 0.8, 160, 0.1, 0.0, 0.1),
('client_34', 'relay_9', 1.5, 300, 0.1, 0.0, 0.1),
('relay_9', 'client_34', 1.5, 300, 0.1, 0.0, 0.1)
ON CONFLICT (id) DO NOTHING]
	at org.springframework.beans.factory.support.AbstractAutowireCapableBeanFactory.initializeBean(AbstractAutowireCapableBeanFactory.java:1773) ~[spring-beans-6.1.3.jar!/:6.1.3]
	at org.springframework.beans.factory.support.AbstractAutowireCapableBeanFactory.doCreateBean(AbstractAutowireCapableBeanFactory.java:599) ~[spring-beans-6.1.3.jar!/:6.1.3]
	at org.springframework.beans.factory.support.AbstractAutowireCapableBeanFactory.createBean(AbstractAutowireCapableBeanFactory.java:521) ~[spring-beans-6.1.3.jar!/:6.1.3]
	at org.springframework.beans.factory.support.AbstractBeanFactory.lambda$doGetBean$0(AbstractBeanFactory.java:325) ~[spring-beans-6.1.3.jar!/:6.1.3]
	at org.springframework.beans.factory.support.DefaultSingletonBeanRegistry.getSingleton(DefaultSingletonBeanRegistry.java:234) ~[spring-beans-6.1.3.jar!/:6.1.3]
	at org.springframework.beans.factory.support.AbstractBeanFactory.doGetBean(AbstractBeanFactory.java:323) ~[spring-beans-6.1.3.jar!/:6.1.3]
	at org.springframework.beans.factory.support.AbstractBeanFactory.getBean(AbstractBeanFactory.java:199) ~[spring-beans-6.1.3.jar!/:6.1.3]
	at org.springframework.beans.factory.support.DefaultListableBeanFactory.preInstantiateSingletons(DefaultListableBeanFactory.java:975) ~[spring-beans-6.1.3.jar!/:6.1.3]
	at org.springframework.context.support.AbstractApplicationContext.finishBeanFactoryInitialization(AbstractApplicationContext.java:959) ~[spring-context-6.1.3.jar!/:6.1.3]
	at org.springframework.context.support.AbstractApplicationContext.refresh(AbstractApplicationContext.java:624) ~[spring-context-6.1.3.jar!/:6.1.3]
	at org.springframework.boot.web.servlet.context.ServletWebServerApplicationContext.refresh(ServletWebServerApplicationContext.java:146) ~[spring-boot-3.2.2.jar!/:3.2.2]
	at org.springframework.boot.SpringApplication.refresh(SpringApplication.java:754) ~[spring-boot-3.2.2.jar!/:3.2.2]
	at org.springframework.boot.SpringApplication.refreshContext(SpringApplication.java:456) ~[spring-boot-3.2.2.jar!/:3.2.2]
	at org.springframework.boot.SpringApplication.run(SpringApplication.java:334) ~[spring-boot-3.2.2.jar!/:3.2.2]
	at org.springframework.boot.SpringApplication.run(SpringApplication.java:1354) ~[spring-boot-3.2.2.jar!/:3.2.2]
	at org.springframework.boot.SpringApplication.run(SpringApplication.java:1343) ~[spring-boot-3.2.2.jar!/:3.2.2]
	at com.delivery.optimization.DeliveryOptimizationApplication.main(DeliveryOptimizationApplication.java:10) ~[!/:0.0.1-SNAPSHOT]
	at java.base/jdk.internal.reflect.DirectMethodHandleAccessor.invoke(DirectMethodHandleAccessor.java:103) ~[na:na]
	at java.base/java.lang.reflect.Method.invoke(Method.java:580) ~[na:na]
	at org.springframework.boot.loader.launch.Launcher.launch(Launcher.java:91) ~[optimization-api-0.0.1-SNAPSHOT.jar:0.0.1-SNAPSHOT]
	at org.springframework.boot.loader.launch.Launcher.launch(Launcher.java:53) ~[optimization-api-0.0.1-SNAPSHOT.jar:0.0.1-SNAPSHOT]
	at org.springframework.boot.loader.launch.JarLauncher.main(JarLauncher.java:58) ~[optimization-api-0.0.1-SNAPSHOT.jar:0.0.1-SNAPSHOT]
Caused by: liquibase.exception.CommandExecutionException: liquibase.exception.LiquibaseException: liquibase.exception.MigrationFailedException: Migration failed for changeset db/changelog/v1/007-extended-test-data.sql::raw::includeAll:
     Reason: liquibase.exception.DatabaseException: ERREUR: une instruction insert ou update sur la table « arcs » viole la contrainte de clé
étrangère « arcs_origin_id_fkey »
  Détail : La clé (origin_id)=( client_35) n'est pas présente dans la table « nodes ». [Failed SQL: (0) -- Extended Nodes (Yaoundé Centers) - 54 nodes additionnels (61 total avec les 7 existants)
INSERT INTO nodes (id, type, name, latitude, longitude, capacity) VALUES
('relay_3', 'RELAY', 'Relais Tsinga', 3.8850, 11.4980, 10),
('relay_4', 'RELAY', 'Relais Biyem Assi', 3.8450, 11.4850, 12),
('relay_5', 'RELAY', 'Relais Etoa-Meki', 3.8820, 11.5250, 18),
('relay_6', 'RELAY', 'Relais Kondengui', 3.8500, 11.5500, 14),
('relay_7', 'RELAY', 'Relais Santa Barbara', 3.9100, 11.5200, 10),
('relay_8', 'RELAY', 'Relais Odza', 3.7950, 11.5300, 25),
('relay_9', 'RELAY', 'Relais Nsam', 3.8100, 11.5000, 8),
('relay_10', 'RELAY', 'Relais Messa', 3.8650, 11.5050, 15),
('client_5', 'CLIENT', 'Client Bastos E', 3.8970, 11.5120, 0),
('client_6', 'CLIENT', 'Client Mendong F', 3.8350, 11.4750, 0),
('client_7', 'CLIENT', 'Client Tsinga G', 3.8855, 11.4985, 0),
('client_8', 'CLIENT', 'Client Etoudi H', 3.9150, 11.5150, 0),
('client_9', 'CLIENT', 'Client Messa I', 3.8655, 11.5055, 0),
('client_10', 'CLIENT', 'Client Damas J', 3.8250, 11.4800, 0),
('client_11', 'CLIENT', 'Client Ahala K', 3.7800, 11.5000, 0),
('client_12', 'CLIENT', 'Client Ekounou L', 3.8300, 11.5400, 0),
('client_13', 'CLIENT', 'Client Mimboman M', 3.8550, 11.5600, 0),
('client_14', 'CLIENT', 'Client Nkoabang N', 3.8400, 11.5800, 0),
('client_15', 'CLIENT', 'Client Biteng O', 3.8300, 11.6000, 0),
('client_16', 'CLIENT', 'Client Soa P', 3.9800, 11.6000, 0),
('client_17', 'CLIENT', 'Client Messassi Q', 3.9400, 11.5100, 0),
('client_18', 'CLIENT', 'Client Olembe R', 3.9600, 11.5200, 0),
('client_19', 'CLIENT', 'Client Nyom S', 3.9800, 11.5300, 0),
('client_20', 'CLIENT', 'Client Simbock T', 3.8150, 11.4650, 0),
('client_21', 'CLIENT', 'Client Obili U', 3.8580, 11.4950, 0),
('client_22', 'CLIENT', 'Client Ngoa-Ekele V', 3.8600, 11.5000, 0),
('client_23', 'CLIENT', 'Client Mokolo W', 3.8750, 11.4900, 0),
('client_24', 'CLIENT', 'Client Madagascar X', 3.8850, 11.4850, 0),
('client_25', 'CLIENT', 'Client Cite-Verte Y', 3.8700, 11.4750, 0),
('client_26', 'CLIENT', 'Client Nkomkana Z', 3.8800, 11.5050, 0),
('client_27', 'CLIENT', 'Client Briqueterie AA', 3.8700, 11.5150, 0),
('client_28', 'CLIENT', 'Client Camp-Yagoua AB', 3.8800, 11.5350, 0),
('client_29', 'CLIENT', 'Client Mvog-Ada AC', 3.8650, 11.5250, 0),
('client_30', 'CLIENT', 'Client Mvog-Mbi AD', 3.8450, 11.5200, 0),
('client_31', 'CLIENT', 'Client Nkoldongo AE', 3.8550, 11.5350, 0),
('client_32', 'CLIENT', 'Client Emombo AF', 3.8500, 11.5550, 0),
('client_33', 'CLIENT', 'Client Etam-Bafia AG', 3.8400, 11.5450, 0),
('client_34', 'CLIENT', 'Client Mvog-Atangana-Mballa AH', 3.8350, 11.5300, 0),
('client_35', 'CLIENT', 'Client Anguissa AI', 3.8400, 11.5600, 0),
('client_36', 'CLIENT', 'Client Minproff AJ', 3.8680, 11.5180, 0),
('client_37', 'CLIENT', 'Client Warda AK', 3.8650, 11.5100, 0),
('client_38', 'CLIENT', 'Client Post-Centrale AL', 3.8620, 11.5220, 0),
('client_39', 'CLIENT', 'Client Hotel-de-Ville AM', 3.8640, 11.5200, 0),
('client_40', 'CLIENT', 'Client Palais-Congres AN', 3.8900, 11.5100, 0),
('client_41', 'CLIENT', 'Client Golf AO', 3.9050, 11.5250, 0),
('client_42', 'CLIENT', 'Client Dragages AP', 3.9000, 11.5350, 0),
('client_43', 'CLIENT', 'Client Elig-Essono AQ', 3.8750, 11.5200, 0),
('client_44', 'CLIENT', 'Client Elig-Edzoa AR', 3.8900, 11.5300, 0),
('client_45', 'CLIENT', 'Client Djoungolo AS', 3.8880, 11.5450, 0),
('client_46', 'CLIENT', 'Client Fouda AT', 3.8720, 11.5300, 0),
('client_47', 'CLIENT', 'Client Mballa-II AU', 3.9000, 11.5150, 0),
('client_48', 'CLIENT', 'Client Manguiers AV', 3.8950, 11.5500, 0),
('client_49', 'CLIENT', 'Client Omnisport AW', 3.8850, 11.5400, 0),
('client_50', 'CLIENT', 'Client Quartier-Lac AX', 3.8600, 11.5150, 0)
ON CONFLICT (id) DO NOTHING;

-- Driver additionnel
INSERT INTO drivers (id, name, current_latitude, current_longitude, status) VALUES
('driver_3', 'Marc Rapide', 3.8967, 11.5119, 'AVAILABLE')
ON CONFLICT (id) DO NOTHING;

-- Extended Arcs (~193 connexions additionnelles)
INSERT INTO arcs (origin_id, destination_id, distance, travel_time, penibility, weather_impact, fuel_cost) VALUES
('depot_1', 'relay_4', 3.2, 600, 0.1, 0.0, 0.3),
('relay_4', 'client_1', 1.1, 220, 0.1, 0.0, 0.1),
('relay_1', 'client_5', 0.2, 40, 0.0, 0.0, 0.0),
('relay_1', 'client_8', 2.5, 500, 0.1, 0.0, 0.2),
('client_8', 'client_17', 3.2, 640, 0.2, 0.1, 0.3),
('client_17', 'relay_7', 4.0, 800, 0.2, 0.1, 0.4),
('relay_7', 'client_2', 2.5, 500, 0.2, 0.1, 0.2),
('client_2', 'relay_5', 3.8, 760, 0.3, 0.2, 0.4),
('relay_5', 'client_3', 3.2, 640, 0.2, 0.1, 0.3),
('client_3', 'relay_6', 1.8, 360, 0.1, 0.0, 0.2),
('relay_6', 'client_13', 2.1, 420, 0.1, 0.0, 0.2),
('client_13', 'client_14', 3.5, 700, 0.3, 0.2, 0.3),
('client_14', 'client_15', 3.5, 700, 0.4, 0.2, 0.4),
('client_15', 'depot_1', 10.5, 2100, 0.4, 0.3, 1.0),
('depot_1', 'relay_8', 4.2, 840, 0.1, 0.0, 0.4),
('relay_8', 'client_4', 0.1, 20, 0.0, 0.0, 0.0),
('relay_8', 'client_11', 2.8, 560, 0.2, 0.1, 0.3),
('client_11', 'relay_9', 4.5, 900, 0.2, 0.1, 0.4),
('relay_9', 'client_10', 0.5, 100, 0.1, 0.0, 0.0),
('client_10', 'relay_2', 2.8, 560, 0.1, 0.0, 0.3),
('relay_2', 'client_20', 3.2, 640, 0.2, 0.1, 0.3),
('client_20', 'client_10', 4.0, 800, 0.2, 0.1, 0.4),
('depot_1', 'relay_10', 4.5, 900, 0.2, 0.1, 0.4),
('relay_10', 'client_9', 0.2, 40, 0.0, 0.0, 0.0),
('client_9', 'client_21', 1.2, 240, 0.1, 0.0, 0.1),
('client_21', 'client_22', 0.5, 100, 0.1, 0.0, 0.0),
('client_22', 'client_37', 0.8, 160, 0.1, 0.0, 0.1),
('client_37', 'client_50', 1.1, 220, 0.1, 0.0, 0.1),
('client_50', 'relay_10', 1.5, 300, 0.1, 0.0, 0.1),
('relay_10', 'client_26', 2.0, 400, 0.1, 0.0, 0.2),
('client_26', 'relay_3', 1.2, 240, 0.1, 0.0, 0.1),
('relay_3', 'client_7', 0.1, 20, 0.0, 0.0, 0.0),
('relay_3', 'client_23', 1.5, 300, 0.1, 0.0, 0.1),
('client_23', 'client_24', 1.0, 200, 0.2, 0.1, 0.1),
('client_24', 'client_25', 1.5, 300, 0.2, 0.1, 0.1),
('client_25', 'relay_4', 3.5, 700, 0.2, 0.1, 0.3),
('relay_5', 'client_7', 2.1, 420, 0.1, 0.0, 0.2),
('client_7', 'client_27', 2.5, 500, 0.2, 0.1, 0.2),
('client_27', 'relay_10', 1.2, 240, 0.1, 0.0, 0.1),
('relay_5', 'client_43', 1.5, 300, 0.1, 0.0, 0.1),
('client_43', 'client_38', 1.8, 360, 0.1, 0.0, 0.2),
('client_38', 'client_39', 0.5, 100, 0.1, 0.0, 0.0),
('client_39', 'client_36', 0.8, 160, 0.1, 0.0, 0.1),
('client_36', 'relay_10', 1.0, 200, 0.1, 0.0, 0.1),
('relay_5', 'client_31', 3.5, 700, 0.2, 0.1, 0.3),
('client_31', 'relay_6', 1.2, 240, 0.1, 0.0, 0.1),
('relay_6', 'client_32', 1.1, 220, 0.1, 0.0, 0.1),
('client_32', 'client_35', 1.8, 360, 0.2, 0.1, 0.2),
('client_35', 'client_33', 3.5, 700, 0.3, 0.2, 0.3),
('client_33', 'client_12', 2.1, 420, 0.2, 0.1, 0.2),
('client_12', 'depot_1', 4.5, 900, 0.2, 0.1, 0.4),
('relay_1', 'client_40', 1.5, 300, 0.1, 0.0, 0.1),
('client_40', 'client_47', 1.5, 300, 0.1, 0.1, 0.1),
('client_47', 'relay_7', 1.2, 240, 0.1, 0.0, 0.1),
('relay_7', 'client_41', 1.5, 300, 0.1, 0.1, 0.1),
('client_41', 'client_42', 1.2, 240, 0.1, 0.0, 0.1),
('client_42', 'relay_5', 2.5, 500, 0.1, 0.0, 0.2),
('client_46', 'relay_5', 1.5, 300, 0.1, 0.0, 0.1),
('relay_6', 'client_46', 2.8, 560, 0.2, 0.1, 0.3),
('client_49', 'relay_6', 4.0, 800, 0.2, 0.2, 0.4),
('relay_5', 'client_49', 2.5, 500, 0.1, 0.1, 0.2),
('relay_5', 'client_44', 1.2, 240, 0.1, 0.0, 0.1),
('client_44', 'client_45', 2.1, 420, 0.2, 0.1, 0.2),
('client_45', 'client_49', 1.5, 300, 0.1, 0.1, 0.1),
('client_48', 'relay_5', 4.5, 900, 0.3, 0.2, 0.4),
('relay_1', 'relay_3', 2.5, 500, 0.1, 0.0, 0.2),
('relay_3', 'relay_10', 4.0, 800, 0.2, 0.1, 0.4),
('relay_10', 'relay_4', 3.5, 700, 0.2, 0.1, 0.3),
('relay_4', 'relay_2', 2.8, 560, 0.1, 0.0, 0.3),
('relay_2', 'relay_9', 4.0, 800, 0.2, 0.1, 0.4),
('relay_9', 'relay_8', 3.5, 700, 0.2, 0.1, 0.3),
('relay_8', 'depot_1', 4.2, 840, 0.1, 0.0, 0.4),
('relay_5', 'relay_1', 3.0, 600, 0.1, 0.0, 0.3),
('relay_5', 'relay_6', 2.5, 500, 0.1, 0.0, 0.2),
('relay_6', 'relay_10', 3.2, 640, 0.2, 0.1, 0.3),
('relay_7', 'relay_1', 2.0, 400, 0.1, 0.0, 0.2),
('relay_7', 'relay_5', 3.5, 700, 0.2, 0.1, 0.3),
-- Reverse arcs
('relay_4', 'depot_1', 3.2, 600, 0.1, 0.0, 0.3),
('client_1', 'relay_4', 1.1, 220, 0.1, 0.0, 0.1),
('client_5', 'relay_1', 0.2, 40, 0.0, 0.0, 0.0),
('client_8', 'relay_1', 2.5, 500, 0.1, 0.0, 0.2),
('client_17', 'client_8', 3.2, 640, 0.2, 0.1, 0.3),
('relay_7', 'client_17', 4.0, 800, 0.2, 0.1, 0.4),
('client_2', 'relay_7', 2.5, 500, 0.2, 0.1, 0.2),
('relay_5', 'client_2', 3.8, 760, 0.3, 0.2, 0.4),
('client_3', 'relay_5', 3.2, 640, 0.2, 0.1, 0.3),
('relay_6', 'client_3', 1.8, 360, 0.1, 0.0, 0.2),
('client_13', 'relay_6', 2.1, 420, 0.1, 0.0, 0.2),
('client_14', 'client_13', 3.5, 700, 0.3, 0.2, 0.3),
('client_15', 'client_14', 3.5, 700, 0.4, 0.2, 0.4),
('depot_1', 'client_15', 10.5, 2100, 0.4, 0.3, 1.0),
('relay_8', 'depot_1', 4.2, 840, 0.1, 0.0, 0.4),
('client_4', 'relay_8', 0.1, 20, 0.0, 0.0, 0.0),
('client_11', 'relay_8', 2.8, 560, 0.2, 0.1, 0.3),
('relay_9', 'client_11', 4.5, 900, 0.2, 0.1, 0.4),
('client_10', 'relay_9', 0.5, 100, 0.1, 0.0, 0.0),
('relay_2', 'client_10', 2.8, 560, 0.1, 0.0, 0.3),
('client_20', 'relay_2', 3.2, 640, 0.2, 0.1, 0.3),
('relay_10', 'depot_1', 4.5, 900, 0.2, 0.1, 0.4),
('client_9', 'relay_10', 0.2, 40, 0.0, 0.0, 0.0),
('client_22', 'client_21', 1.2, 240, 0.1, 0.0, 0.1),
('client_37', 'client_22', 0.8, 160, 0.1, 0.0, 0.1),
('client_50', 'client_37', 1.1, 220, 0.1, 0.0, 0.1),
('relay_10', 'client_50', 1.5, 300, 0.1, 0.0, 0.1),
('client_26', 'relay_10', 2.0, 400, 0.1, 0.0, 0.2),
('relay_3', 'client_26', 1.2, 240, 0.1, 0.0, 0.1),
('client_7', 'relay_3', 0.1, 20, 0.0, 0.0, 0.0),
('client_23', 'relay_3', 1.5, 300, 0.1, 0.0, 0.1),
('client_24', 'client_23', 1.0, 200, 0.2, 0.1, 0.1),
('client_25', 'client_24', 1.5, 300, 0.2, 0.1, 0.1),
('relay_4', 'client_25', 3.5, 700, 0.2, 0.1, 0.3),
('client_7', 'relay_5', 2.1, 420, 0.1, 0.0, 0.2),
('relay_10', 'client_27', 1.2, 240, 0.1, 0.0, 0.1),
('client_43', 'relay_5', 1.5, 300, 0.1, 0.0, 0.1),
('client_38', 'client_43', 1.8, 360, 0.1, 0.0, 0.2),
('client_39', 'client_38', 0.5, 100, 0.1, 0.0, 0.0),
('client_36', 'client_39', 0.8, 160, 0.1, 0.0, 0.1),
('relay_10', 'client_36', 1.0, 200, 0.1, 0.0, 0.1),
('client_31', 'relay_5', 3.5, 700, 0.2, 0.1, 0.3),
('relay_6', 'client_31', 1.2, 240, 0.1, 0.0, 0.1),
('client_32', 'relay_6', 1.1, 220, 0.1, 0.0, 0.1),
(' client_35', 'client_32', 1.8, 360, 0.2, 0.1, 0.2),
('client_33', 'client_35', 3.5, 700, 0.3, 0.2, 0.3),
('client_12', 'client_33', 2.1, 420, 0.2, 0.1, 0.2),
('depot_1', 'client_12', 4.5, 900, 0.2, 0.1, 0.4),
('client_6', 'relay_2', 0.1, 20, 0.0, 0.0, 0.0),
('relay_2', 'client_6', 0.1, 20, 0.0, 0.0, 0.0),
('client_18', 'relay_7', 1.5, 300, 0.1, 0.0, 0.1),
('relay_7', 'client_18', 1.5, 300, 0.1, 0.0, 0.1),
('client_19', 'relay_7', 2.5, 500, 0.2, 0.1, 0.2),
('relay_7', 'client_19', 2.5, 500, 0.2, 0.1, 0.2),
('client_16', 'relay_7', 15.0, 3000, 0.5, 0.3, 1.5),
('relay_7', 'client_16', 15.0, 3000, 0.5, 0.3, 1.5),
('client_41', 'client_18', 3.0, 600, 0.2, 0.1, 0.3),
('client_18', 'client_41', 3.0, 600, 0.2, 0.1, 0.3),
('client_42', 'client_19', 4.0, 800, 0.3, 0.2, 0.4),
('client_19', 'client_42', 4.0, 800, 0.3, 0.2, 0.4),
('client_10', 'client_11', 2.5, 500, 0.1, 0.0, 0.2),
('client_11', 'client_10', 2.5, 500, 0.1, 0.0, 0.2),
('client_28', 'relay_5', 1.5, 300, 0.1, 0.0, 0.1),
('relay_5', 'client_28', 1.5, 300, 0.1, 0.0, 0.1),
('client_29', 'relay_10', 1.2, 240, 0.1, 0.0, 0.1),
('relay_10', 'client_29', 1.2, 240, 0.1, 0.0, 0.1),
('client_30', 'relay_10', 0.8, 160, 0.1, 0.0, 0.1),
('relay_10', 'client_30', 0.8, 160, 0.1, 0.0, 0.1),
('client_34', 'relay_9', 1.5, 300, 0.1, 0.0, 0.1),
('relay_9', 'client_34', 1.5, 300, 0.1, 0.0, 0.1)
ON CONFLICT (id) DO NOTHING]
	at liquibase.command.CommandScope.execute(CommandScope.java:237) ~[liquibase-core-4.24.0.jar!/:na]
	at liquibase.Liquibase.lambda$update$0(Liquibase.java:222) ~[liquibase-core-4.24.0.jar!/:na]
	at liquibase.Scope.lambda$child$0(Scope.java:184) ~[liquibase-core-4.24.0.jar!/:na]
	at liquibase.Scope.child(Scope.java:193) ~[liquibase-core-4.24.0.jar!/:na]
	at liquibase.Scope.child(Scope.java:183) ~[liquibase-core-4.24.0.jar!/:na]
	at liquibase.Scope.child(Scope.java:162) ~[liquibase-core-4.24.0.jar!/:na]
	at liquibase.Liquibase.runInScope(Liquibase.java:1371) ~[liquibase-core-4.24.0.jar!/:na]
	at liquibase.Liquibase.update(Liquibase.java:211) ~[liquibase-core-4.24.0.jar!/:na]
	at liquibase.Liquibase.update(Liquibase.java:193) ~[liquibase-core-4.24.0.jar!/:na]
	at liquibase.integration.spring.SpringLiquibase.performUpdate(SpringLiquibase.java:331) ~[liquibase-core-4.24.0.jar!/:na]
	at liquibase.integration.spring.SpringLiquibase.afterPropertiesSet(SpringLiquibase.java:286) ~[liquibase-core-4.24.0.jar!/:na]
	at org.springframework.boot.autoconfigure.liquibase.DataSourceClosingSpringLiquibase.afterPropertiesSet(DataSourceClosingSpringLiquibase.java:46) ~[spring-boot-autoconfigure-3.2.2.jar!/:3.2.2]
	at org.springframework.beans.factory.support.AbstractAutowireCapableBeanFactory.invokeInitMethods(AbstractAutowireCapableBeanFactory.java:1820) ~[spring-beans-6.1.3.jar!/:6.1.3]
	at org.springframework.beans.factory.support.AbstractAutowireCapableBeanFactory.initializeBean(AbstractAutowireCapableBeanFactory.java:1769) ~[spring-beans-6.1.3.jar!/:6.1.3]
	... 21 common frames omitted
Caused by: liquibase.exception.LiquibaseException: liquibase.exception.MigrationFailedException: Migration failed for changeset db/changelog/v1/007-extended-test-data.sql::raw::includeAll:
     Reason: liquibase.exception.DatabaseException: ERREUR: une instruction insert ou update sur la table « arcs » viole la contrainte de clé
étrangère « arcs_origin_id_fkey »
  Détail : La clé (origin_id)=( client_35) n'est pas présente dans la table « nodes ». [Failed SQL: (0) -- Extended Nodes (Yaoundé Centers) - 54 nodes additionnels (61 total avec les 7 existants)
INSERT INTO nodes (id, type, name, latitude, longitude, capacity) VALUES
('relay_3', 'RELAY', 'Relais Tsinga', 3.8850, 11.4980, 10),
('relay_4', 'RELAY', 'Relais Biyem Assi', 3.8450, 11.4850, 12),
('relay_5', 'RELAY', 'Relais Etoa-Meki', 3.8820, 11.5250, 18),
('relay_6', 'RELAY', 'Relais Kondengui', 3.8500, 11.5500, 14),
('relay_7', 'RELAY', 'Relais Santa Barbara', 3.9100, 11.5200, 10),
('relay_8', 'RELAY', 'Relais Odza', 3.7950, 11.5300, 25),
('relay_9', 'RELAY', 'Relais Nsam', 3.8100, 11.5000, 8),
('relay_10', 'RELAY', 'Relais Messa', 3.8650, 11.5050, 15),
('client_5', 'CLIENT', 'Client Bastos E', 3.8970, 11.5120, 0),
('client_6', 'CLIENT', 'Client Mendong F', 3.8350, 11.4750, 0),
('client_7', 'CLIENT', 'Client Tsinga G', 3.8855, 11.4985, 0),
('client_8', 'CLIENT', 'Client Etoudi H', 3.9150, 11.5150, 0),
('client_9', 'CLIENT', 'Client Messa I', 3.8655, 11.5055, 0),
('client_10', 'CLIENT', 'Client Damas J', 3.8250, 11.4800, 0),
('client_11', 'CLIENT', 'Client Ahala K', 3.7800, 11.5000, 0),
('client_12', 'CLIENT', 'Client Ekounou L', 3.8300, 11.5400, 0),
('client_13', 'CLIENT', 'Client Mimboman M', 3.8550, 11.5600, 0),
('client_14', 'CLIENT', 'Client Nkoabang N', 3.8400, 11.5800, 0),
('client_15', 'CLIENT', 'Client Biteng O', 3.8300, 11.6000, 0),
('client_16', 'CLIENT', 'Client Soa P', 3.9800, 11.6000, 0),
('client_17', 'CLIENT', 'Client Messassi Q', 3.9400, 11.5100, 0),
('client_18', 'CLIENT', 'Client Olembe R', 3.9600, 11.5200, 0),
('client_19', 'CLIENT', 'Client Nyom S', 3.9800, 11.5300, 0),
('client_20', 'CLIENT', 'Client Simbock T', 3.8150, 11.4650, 0),
('client_21', 'CLIENT', 'Client Obili U', 3.8580, 11.4950, 0),
('client_22', 'CLIENT', 'Client Ngoa-Ekele V', 3.8600, 11.5000, 0),
('client_23', 'CLIENT', 'Client Mokolo W', 3.8750, 11.4900, 0),
('client_24', 'CLIENT', 'Client Madagascar X', 3.8850, 11.4850, 0),
('client_25', 'CLIENT', 'Client Cite-Verte Y', 3.8700, 11.4750, 0),
('client_26', 'CLIENT', 'Client Nkomkana Z', 3.8800, 11.5050, 0),
('client_27', 'CLIENT', 'Client Briqueterie AA', 3.8700, 11.5150, 0),
('client_28', 'CLIENT', 'Client Camp-Yagoua AB', 3.8800, 11.5350, 0),
('client_29', 'CLIENT', 'Client Mvog-Ada AC', 3.8650, 11.5250, 0),
('client_30', 'CLIENT', 'Client Mvog-Mbi AD', 3.8450, 11.5200, 0),
('client_31', 'CLIENT', 'Client Nkoldongo AE', 3.8550, 11.5350, 0),
('client_32', 'CLIENT', 'Client Emombo AF', 3.8500, 11.5550, 0),
('client_33', 'CLIENT', 'Client Etam-Bafia AG', 3.8400, 11.5450, 0),
('client_34', 'CLIENT', 'Client Mvog-Atangana-Mballa AH', 3.8350, 11.5300, 0),
('client_35', 'CLIENT', 'Client Anguissa AI', 3.8400, 11.5600, 0),
('client_36', 'CLIENT', 'Client Minproff AJ', 3.8680, 11.5180, 0),
('client_37', 'CLIENT', 'Client Warda AK', 3.8650, 11.5100, 0),
('client_38', 'CLIENT', 'Client Post-Centrale AL', 3.8620, 11.5220, 0),
('client_39', 'CLIENT', 'Client Hotel-de-Ville AM', 3.8640, 11.5200, 0),
('client_40', 'CLIENT', 'Client Palais-Congres AN', 3.8900, 11.5100, 0),
('client_41', 'CLIENT', 'Client Golf AO', 3.9050, 11.5250, 0),
('client_42', 'CLIENT', 'Client Dragages AP', 3.9000, 11.5350, 0),
('client_43', 'CLIENT', 'Client Elig-Essono AQ', 3.8750, 11.5200, 0),
('client_44', 'CLIENT', 'Client Elig-Edzoa AR', 3.8900, 11.5300, 0),
('client_45', 'CLIENT', 'Client Djoungolo AS', 3.8880, 11.5450, 0),
('client_46', 'CLIENT', 'Client Fouda AT', 3.8720, 11.5300, 0),
('client_47', 'CLIENT', 'Client Mballa-II AU', 3.9000, 11.5150, 0),
('client_48', 'CLIENT', 'Client Manguiers AV', 3.8950, 11.5500, 0),
('client_49', 'CLIENT', 'Client Omnisport AW', 3.8850, 11.5400, 0),
('client_50', 'CLIENT', 'Client Quartier-Lac AX', 3.8600, 11.5150, 0)
ON CONFLICT (id) DO NOTHING;

-- Driver additionnel
INSERT INTO drivers (id, name, current_latitude, current_longitude, status) VALUES
('driver_3', 'Marc Rapide', 3.8967, 11.5119, 'AVAILABLE')
ON CONFLICT (id) DO NOTHING;

-- Extended Arcs (~193 connexions additionnelles)
INSERT INTO arcs (origin_id, destination_id, distance, travel_time, penibility, weather_impact, fuel_cost) VALUES
('depot_1', 'relay_4', 3.2, 600, 0.1, 0.0, 0.3),
('relay_4', 'client_1', 1.1, 220, 0.1, 0.0, 0.1),
('relay_1', 'client_5', 0.2, 40, 0.0, 0.0, 0.0),
('relay_1', 'client_8', 2.5, 500, 0.1, 0.0, 0.2),
('client_8', 'client_17', 3.2, 640, 0.2, 0.1, 0.3),
('client_17', 'relay_7', 4.0, 800, 0.2, 0.1, 0.4),
('relay_7', 'client_2', 2.5, 500, 0.2, 0.1, 0.2),
('client_2', 'relay_5', 3.8, 760, 0.3, 0.2, 0.4),
('relay_5', 'client_3', 3.2, 640, 0.2, 0.1, 0.3),
('client_3', 'relay_6', 1.8, 360, 0.1, 0.0, 0.2),
('relay_6', 'client_13', 2.1, 420, 0.1, 0.0, 0.2),
('client_13', 'client_14', 3.5, 700, 0.3, 0.2, 0.3),
('client_14', 'client_15', 3.5, 700, 0.4, 0.2, 0.4),
('client_15', 'depot_1', 10.5, 2100, 0.4, 0.3, 1.0),
('depot_1', 'relay_8', 4.2, 840, 0.1, 0.0, 0.4),
('relay_8', 'client_4', 0.1, 20, 0.0, 0.0, 0.0),
('relay_8', 'client_11', 2.8, 560, 0.2, 0.1, 0.3),
('client_11', 'relay_9', 4.5, 900, 0.2, 0.1, 0.4),
('relay_9', 'client_10', 0.5, 100, 0.1, 0.0, 0.0),
('client_10', 'relay_2', 2.8, 560, 0.1, 0.0, 0.3),
('relay_2', 'client_20', 3.2, 640, 0.2, 0.1, 0.3),
('client_20', 'client_10', 4.0, 800, 0.2, 0.1, 0.4),
('depot_1', 'relay_10', 4.5, 900, 0.2, 0.1, 0.4),
('relay_10', 'client_9', 0.2, 40, 0.0, 0.0, 0.0),
('client_9', 'client_21', 1.2, 240, 0.1, 0.0, 0.1),
('client_21', 'client_22', 0.5, 100, 0.1, 0.0, 0.0),
('client_22', 'client_37', 0.8, 160, 0.1, 0.0, 0.1),
('client_37', 'client_50', 1.1, 220, 0.1, 0.0, 0.1),
('client_50', 'relay_10', 1.5, 300, 0.1, 0.0, 0.1),
('relay_10', 'client_26', 2.0, 400, 0.1, 0.0, 0.2),
('client_26', 'relay_3', 1.2, 240, 0.1, 0.0, 0.1),
('relay_3', 'client_7', 0.1, 20, 0.0, 0.0, 0.0),
('relay_3', 'client_23', 1.5, 300, 0.1, 0.0, 0.1),
('client_23', 'client_24', 1.0, 200, 0.2, 0.1, 0.1),
('client_24', 'client_25', 1.5, 300, 0.2, 0.1, 0.1),
('client_25', 'relay_4', 3.5, 700, 0.2, 0.1, 0.3),
('relay_5', 'client_7', 2.1, 420, 0.1, 0.0, 0.2),
('client_7', 'client_27', 2.5, 500, 0.2, 0.1, 0.2),
('client_27', 'relay_10', 1.2, 240, 0.1, 0.0, 0.1),
('relay_5', 'client_43', 1.5, 300, 0.1, 0.0, 0.1),
('client_43', 'client_38', 1.8, 360, 0.1, 0.0, 0.2),
('client_38', 'client_39', 0.5, 100, 0.1, 0.0, 0.0),
('client_39', 'client_36', 0.8, 160, 0.1, 0.0, 0.1),
('client_36', 'relay_10', 1.0, 200, 0.1, 0.0, 0.1),
('relay_5', 'client_31', 3.5, 700, 0.2, 0.1, 0.3),
('client_31', 'relay_6', 1.2, 240, 0.1, 0.0, 0.1),
('relay_6', 'client_32', 1.1, 220, 0.1, 0.0, 0.1),
('client_32', 'client_35', 1.8, 360, 0.2, 0.1, 0.2),
('client_35', 'client_33', 3.5, 700, 0.3, 0.2, 0.3),
('client_33', 'client_12', 2.1, 420, 0.2, 0.1, 0.2),
('client_12', 'depot_1', 4.5, 900, 0.2, 0.1, 0.4),
('relay_1', 'client_40', 1.5, 300, 0.1, 0.0, 0.1),
('client_40', 'client_47', 1.5, 300, 0.1, 0.1, 0.1),
('client_47', 'relay_7', 1.2, 240, 0.1, 0.0, 0.1),
('relay_7', 'client_41', 1.5, 300, 0.1, 0.1, 0.1),
('client_41', 'client_42', 1.2, 240, 0.1, 0.0, 0.1),
('client_42', 'relay_5', 2.5, 500, 0.1, 0.0, 0.2),
('client_46', 'relay_5', 1.5, 300, 0.1, 0.0, 0.1),
('relay_6', 'client_46', 2.8, 560, 0.2, 0.1, 0.3),
('client_49', 'relay_6', 4.0, 800, 0.2, 0.2, 0.4),
('relay_5', 'client_49', 2.5, 500, 0.1, 0.1, 0.2),
('relay_5', 'client_44', 1.2, 240, 0.1, 0.0, 0.1),
('client_44', 'client_45', 2.1, 420, 0.2, 0.1, 0.2),
('client_45', 'client_49', 1.5, 300, 0.1, 0.1, 0.1),
('client_48', 'relay_5', 4.5, 900, 0.3, 0.2, 0.4),
('relay_1', 'relay_3', 2.5, 500, 0.1, 0.0, 0.2),
('relay_3', 'relay_10', 4.0, 800, 0.2, 0.1, 0.4),
('relay_10', 'relay_4', 3.5, 700, 0.2, 0.1, 0.3),
('relay_4', 'relay_2', 2.8, 560, 0.1, 0.0, 0.3),
('relay_2', 'relay_9', 4.0, 800, 0.2, 0.1, 0.4),
('relay_9', 'relay_8', 3.5, 700, 0.2, 0.1, 0.3),
('relay_8', 'depot_1', 4.2, 840, 0.1, 0.0, 0.4),
('relay_5', 'relay_1', 3.0, 600, 0.1, 0.0, 0.3),
('relay_5', 'relay_6', 2.5, 500, 0.1, 0.0, 0.2),
('relay_6', 'relay_10', 3.2, 640, 0.2, 0.1, 0.3),
('relay_7', 'relay_1', 2.0, 400, 0.1, 0.0, 0.2),
('relay_7', 'relay_5', 3.5, 700, 0.2, 0.1, 0.3),
-- Reverse arcs
('relay_4', 'depot_1', 3.2, 600, 0.1, 0.0, 0.3),
('client_1', 'relay_4', 1.1, 220, 0.1, 0.0, 0.1),
('client_5', 'relay_1', 0.2, 40, 0.0, 0.0, 0.0),
('client_8', 'relay_1', 2.5, 500, 0.1, 0.0, 0.2),
('client_17', 'client_8', 3.2, 640, 0.2, 0.1, 0.3),
('relay_7', 'client_17', 4.0, 800, 0.2, 0.1, 0.4),
('client_2', 'relay_7', 2.5, 500, 0.2, 0.1, 0.2),
('relay_5', 'client_2', 3.8, 760, 0.3, 0.2, 0.4),
('client_3', 'relay_5', 3.2, 640, 0.2, 0.1, 0.3),
('relay_6', 'client_3', 1.8, 360, 0.1, 0.0, 0.2),
('client_13', 'relay_6', 2.1, 420, 0.1, 0.0, 0.2),
('client_14', 'client_13', 3.5, 700, 0.3, 0.2, 0.3),
('client_15', 'client_14', 3.5, 700, 0.4, 0.2, 0.4),
('depot_1', 'client_15', 10.5, 2100, 0.4, 0.3, 1.0),
('relay_8', 'depot_1', 4.2, 840, 0.1, 0.0, 0.4),
('client_4', 'relay_8', 0.1, 20, 0.0, 0.0, 0.0),
('client_11', 'relay_8', 2.8, 560, 0.2, 0.1, 0.3),
('relay_9', 'client_11', 4.5, 900, 0.2, 0.1, 0.4),
('client_10', 'relay_9', 0.5, 100, 0.1, 0.0, 0.0),
('relay_2', 'client_10', 2.8, 560, 0.1, 0.0, 0.3),
('client_20', 'relay_2', 3.2, 640, 0.2, 0.1, 0.3),
('relay_10', 'depot_1', 4.5, 900, 0.2, 0.1, 0.4),
('client_9', 'relay_10', 0.2, 40, 0.0, 0.0, 0.0),
('client_22', 'client_21', 1.2, 240, 0.1, 0.0, 0.1),
('client_37', 'client_22', 0.8, 160, 0.1, 0.0, 0.1),
('client_50', 'client_37', 1.1, 220, 0.1, 0.0, 0.1),
('relay_10', 'client_50', 1.5, 300, 0.1, 0.0, 0.1),
('client_26', 'relay_10', 2.0, 400, 0.1, 0.0, 0.2),
('relay_3', 'client_26', 1.2, 240, 0.1, 0.0, 0.1),
('client_7', 'relay_3', 0.1, 20, 0.0, 0.0, 0.0),
('client_23', 'relay_3', 1.5, 300, 0.1, 0.0, 0.1),
('client_24', 'client_23', 1.0, 200, 0.2, 0.1, 0.1),
('client_25', 'client_24', 1.5, 300, 0.2, 0.1, 0.1),
('relay_4', 'client_25', 3.5, 700, 0.2, 0.1, 0.3),
('client_7', 'relay_5', 2.1, 420, 0.1, 0.0, 0.2),
('relay_10', 'client_27', 1.2, 240, 0.1, 0.0, 0.1),
('client_43', 'relay_5', 1.5, 300, 0.1, 0.0, 0.1),
('client_38', 'client_43', 1.8, 360, 0.1, 0.0, 0.2),
('client_39', 'client_38', 0.5, 100, 0.1, 0.0, 0.0),
('client_36', 'client_39', 0.8, 160, 0.1, 0.0, 0.1),
('relay_10', 'client_36', 1.0, 200, 0.1, 0.0, 0.1),
('client_31', 'relay_5', 3.5, 700, 0.2, 0.1, 0.3),
('relay_6', 'client_31', 1.2, 240, 0.1, 0.0, 0.1),
('client_32', 'relay_6', 1.1, 220, 0.1, 0.0, 0.1),
(' client_35', 'client_32', 1.8, 360, 0.2, 0.1, 0.2),
('client_33', 'client_35', 3.5, 700, 0.3, 0.2, 0.3),
('client_12', 'client_33', 2.1, 420, 0.2, 0.1, 0.2),
('depot_1', 'client_12', 4.5, 900, 0.2, 0.1, 0.4),
('client_6', 'relay_2', 0.1, 20, 0.0, 0.0, 0.0),
('relay_2', 'client_6', 0.1, 20, 0.0, 0.0, 0.0),
('client_18', 'relay_7', 1.5, 300, 0.1, 0.0, 0.1),
('relay_7', 'client_18', 1.5, 300, 0.1, 0.0, 0.1),
('client_19', 'relay_7', 2.5, 500, 0.2, 0.1, 0.2),
('relay_7', 'client_19', 2.5, 500, 0.2, 0.1, 0.2),
('client_16', 'relay_7', 15.0, 3000, 0.5, 0.3, 1.5),
('relay_7', 'client_16', 15.0, 3000, 0.5, 0.3, 1.5),
('client_41', 'client_18', 3.0, 600, 0.2, 0.1, 0.3),
('client_18', 'client_41', 3.0, 600, 0.2, 0.1, 0.3),
('client_42', 'client_19', 4.0, 800, 0.3, 0.2, 0.4),
('client_19', 'client_42', 4.0, 800, 0.3, 0.2, 0.4),
('client_10', 'client_11', 2.5, 500, 0.1, 0.0, 0.2),
('client_11', 'client_10', 2.5, 500, 0.1, 0.0, 0.2),
('client_28', 'relay_5', 1.5, 300, 0.1, 0.0, 0.1),
('relay_5', 'client_28', 1.5, 300, 0.1, 0.0, 0.1),
('client_29', 'relay_10', 1.2, 240, 0.1, 0.0, 0.1),
('relay_10', 'client_29', 1.2, 240, 0.1, 0.0, 0.1),
('client_30', 'relay_10', 0.8, 160, 0.1, 0.0, 0.1),
('relay_10', 'client_30', 0.8, 160, 0.1, 0.0, 0.1),
('client_34', 'relay_9', 1.5, 300, 0.1, 0.0, 0.1),
('relay_9', 'client_34', 1.5, 300, 0.1, 0.0, 0.1)
ON CONFLICT (id) DO NOTHING]
	at liquibase.changelog.ChangeLogIterator.run(ChangeLogIterator.java:122) ~[liquibase-core-4.24.0.jar!/:na]
	at liquibase.command.core.AbstractUpdateCommandStep.lambda$doRun$1(AbstractUpdateCommandStep.java:105) ~[liquibase-core-4.24.0.jar!/:na]
	at liquibase.Scope.lambda$child$0(Scope.java:184) ~[liquibase-core-4.24.0.jar!/:na]
	at liquibase.Scope.child(Scope.java:193) ~[liquibase-core-4.24.0.jar!/:na]
	at liquibase.Scope.child(Scope.java:183) ~[liquibase-core-4.24.0.jar!/:na]
	at liquibase.Scope.child(Scope.java:162) ~[liquibase-core-4.24.0.jar!/:na]
	at liquibase.command.core.AbstractUpdateCommandStep.doRun(AbstractUpdateCommandStep.java:104) ~[liquibase-core-4.24.0.jar!/:na]
	at liquibase.command.core.AbstractUpdateCommandStep.lambda$run$0(AbstractUpdateCommandStep.java:63) ~[liquibase-core-4.24.0.jar!/:na]
	at liquibase.Scope.lambda$child$0(Scope.java:184) ~[liquibase-core-4.24.0.jar!/:na]
	at liquibase.Scope.child(Scope.java:193) ~[liquibase-core-4.24.0.jar!/:na]
	at liquibase.Scope.child(Scope.java:183) ~[liquibase-core-4.24.0.jar!/:na]
	at liquibase.Scope.child(Scope.java:162) ~[liquibase-core-4.24.0.jar!/:na]
	at liquibase.command.core.AbstractUpdateCommandStep.run(AbstractUpdateCommandStep.java:62) ~[liquibase-core-4.24.0.jar!/:na]
	at liquibase.command.core.UpdateCommandStep.run(UpdateCommandStep.java:106) ~[liquibase-core-4.24.0.jar!/:na]
	at liquibase.command.CommandScope.execute(CommandScope.java:214) ~[liquibase-core-4.24.0.jar!/:na]
	... 34 common frames omitted
Caused by: liquibase.exception.MigrationFailedException: Migration failed for changeset db/changelog/v1/007-extended-test-data.sql::raw::includeAll:
     Reason: liquibase.exception.DatabaseException: ERREUR: une instruction insert ou update sur la table « arcs » viole la contrainte de clé
étrangère « arcs_origin_id_fkey »
  Détail : La clé (origin_id)=( client_35) n'est pas présente dans la table « nodes ». [Failed SQL: (0) -- Extended Nodes (Yaoundé Centers) - 54 nodes additionnels (61 total avec les 7 existants)
INSERT INTO nodes (id, type, name, latitude, longitude, capacity) VALUES
('relay_3', 'RELAY', 'Relais Tsinga', 3.8850, 11.4980, 10),
('relay_4', 'RELAY', 'Relais Biyem Assi', 3.8450, 11.4850, 12),
('relay_5', 'RELAY', 'Relais Etoa-Meki', 3.8820, 11.5250, 18),
('relay_6', 'RELAY', 'Relais Kondengui', 3.8500, 11.5500, 14),
('relay_7', 'RELAY', 'Relais Santa Barbara', 3.9100, 11.5200, 10),
('relay_8', 'RELAY', 'Relais Odza', 3.7950, 11.5300, 25),
('relay_9', 'RELAY', 'Relais Nsam', 3.8100, 11.5000, 8),
('relay_10', 'RELAY', 'Relais Messa', 3.8650, 11.5050, 15),
('client_5', 'CLIENT', 'Client Bastos E', 3.8970, 11.5120, 0),
('client_6', 'CLIENT', 'Client Mendong F', 3.8350, 11.4750, 0),
('client_7', 'CLIENT', 'Client Tsinga G', 3.8855, 11.4985, 0),
('client_8', 'CLIENT', 'Client Etoudi H', 3.9150, 11.5150, 0),
('client_9', 'CLIENT', 'Client Messa I', 3.8655, 11.5055, 0),
('client_10', 'CLIENT', 'Client Damas J', 3.8250, 11.4800, 0),
('client_11', 'CLIENT', 'Client Ahala K', 3.7800, 11.5000, 0),
('client_12', 'CLIENT', 'Client Ekounou L', 3.8300, 11.5400, 0),
('client_13', 'CLIENT', 'Client Mimboman M', 3.8550, 11.5600, 0),
('client_14', 'CLIENT', 'Client Nkoabang N', 3.8400, 11.5800, 0),
('client_15', 'CLIENT', 'Client Biteng O', 3.8300, 11.6000, 0),
('client_16', 'CLIENT', 'Client Soa P', 3.9800, 11.6000, 0),
('client_17', 'CLIENT', 'Client Messassi Q', 3.9400, 11.5100, 0),
('client_18', 'CLIENT', 'Client Olembe R', 3.9600, 11.5200, 0),
('client_19', 'CLIENT', 'Client Nyom S', 3.9800, 11.5300, 0),
('client_20', 'CLIENT', 'Client Simbock T', 3.8150, 11.4650, 0),
('client_21', 'CLIENT', 'Client Obili U', 3.8580, 11.4950, 0),
('client_22', 'CLIENT', 'Client Ngoa-Ekele V', 3.8600, 11.5000, 0),
('client_23', 'CLIENT', 'Client Mokolo W', 3.8750, 11.4900, 0),
('client_24', 'CLIENT', 'Client Madagascar X', 3.8850, 11.4850, 0),
('client_25', 'CLIENT', 'Client Cite-Verte Y', 3.8700, 11.4750, 0),
('client_26', 'CLIENT', 'Client Nkomkana Z', 3.8800, 11.5050, 0),
('client_27', 'CLIENT', 'Client Briqueterie AA', 3.8700, 11.5150, 0),
('client_28', 'CLIENT', 'Client Camp-Yagoua AB', 3.8800, 11.5350, 0),
('client_29', 'CLIENT', 'Client Mvog-Ada AC', 3.8650, 11.5250, 0),
('client_30', 'CLIENT', 'Client Mvog-Mbi AD', 3.8450, 11.5200, 0),
('client_31', 'CLIENT', 'Client Nkoldongo AE', 3.8550, 11.5350, 0),
('client_32', 'CLIENT', 'Client Emombo AF', 3.8500, 11.5550, 0),
('client_33', 'CLIENT', 'Client Etam-Bafia AG', 3.8400, 11.5450, 0),
('client_34', 'CLIENT', 'Client Mvog-Atangana-Mballa AH', 3.8350, 11.5300, 0),
('client_35', 'CLIENT', 'Client Anguissa AI', 3.8400, 11.5600, 0),
('client_36', 'CLIENT', 'Client Minproff AJ', 3.8680, 11.5180, 0),
('client_37', 'CLIENT', 'Client Warda AK', 3.8650, 11.5100, 0),
('client_38', 'CLIENT', 'Client Post-Centrale AL', 3.8620, 11.5220, 0),
('client_39', 'CLIENT', 'Client Hotel-de-Ville AM', 3.8640, 11.5200, 0),
('client_40', 'CLIENT', 'Client Palais-Congres AN', 3.8900, 11.5100, 0),
('client_41', 'CLIENT', 'Client Golf AO', 3.9050, 11.5250, 0),
('client_42', 'CLIENT', 'Client Dragages AP', 3.9000, 11.5350, 0),
('client_43', 'CLIENT', 'Client Elig-Essono AQ', 3.8750, 11.5200, 0),
('client_44', 'CLIENT', 'Client Elig-Edzoa AR', 3.8900, 11.5300, 0),
('client_45', 'CLIENT', 'Client Djoungolo AS', 3.8880, 11.5450, 0),
('client_46', 'CLIENT', 'Client Fouda AT', 3.8720, 11.5300, 0),
('client_47', 'CLIENT', 'Client Mballa-II AU', 3.9000, 11.5150, 0),
('client_48', 'CLIENT', 'Client Manguiers AV', 3.8950, 11.5500, 0),
('client_49', 'CLIENT', 'Client Omnisport AW', 3.8850, 11.5400, 0),
('client_50', 'CLIENT', 'Client Quartier-Lac AX', 3.8600, 11.5150, 0)
ON CONFLICT (id) DO NOTHING;

-- Driver additionnel
INSERT INTO drivers (id, name, current_latitude, current_longitude, status) VALUES
('driver_3', 'Marc Rapide', 3.8967, 11.5119, 'AVAILABLE')
ON CONFLICT (id) DO NOTHING;

-- Extended Arcs (~193 connexions additionnelles)
INSERT INTO arcs (origin_id, destination_id, distance, travel_time, penibility, weather_impact, fuel_cost) VALUES
('depot_1', 'relay_4', 3.2, 600, 0.1, 0.0, 0.3),
('relay_4', 'client_1', 1.1, 220, 0.1, 0.0, 0.1),
('relay_1', 'client_5', 0.2, 40, 0.0, 0.0, 0.0),
('relay_1', 'client_8', 2.5, 500, 0.1, 0.0, 0.2),
('client_8', 'client_17', 3.2, 640, 0.2, 0.1, 0.3),
('client_17', 'relay_7', 4.0, 800, 0.2, 0.1, 0.4),
('relay_7', 'client_2', 2.5, 500, 0.2, 0.1, 0.2),
('client_2', 'relay_5', 3.8, 760, 0.3, 0.2, 0.4),
('relay_5', 'client_3', 3.2, 640, 0.2, 0.1, 0.3),
('client_3', 'relay_6', 1.8, 360, 0.1, 0.0, 0.2),
('relay_6', 'client_13', 2.1, 420, 0.1, 0.0, 0.2),
('client_13', 'client_14', 3.5, 700, 0.3, 0.2, 0.3),
('client_14', 'client_15', 3.5, 700, 0.4, 0.2, 0.4),
('client_15', 'depot_1', 10.5, 2100, 0.4, 0.3, 1.0),
('depot_1', 'relay_8', 4.2, 840, 0.1, 0.0, 0.4),
('relay_8', 'client_4', 0.1, 20, 0.0, 0.0, 0.0),
('relay_8', 'client_11', 2.8, 560, 0.2, 0.1, 0.3),
('client_11', 'relay_9', 4.5, 900, 0.2, 0.1, 0.4),
('relay_9', 'client_10', 0.5, 100, 0.1, 0.0, 0.0),
('client_10', 'relay_2', 2.8, 560, 0.1, 0.0, 0.3),
('relay_2', 'client_20', 3.2, 640, 0.2, 0.1, 0.3),
('client_20', 'client_10', 4.0, 800, 0.2, 0.1, 0.4),
('depot_1', 'relay_10', 4.5, 900, 0.2, 0.1, 0.4),
('relay_10', 'client_9', 0.2, 40, 0.0, 0.0, 0.0),
('client_9', 'client_21', 1.2, 240, 0.1, 0.0, 0.1),
('client_21', 'client_22', 0.5, 100, 0.1, 0.0, 0.0),
('client_22', 'client_37', 0.8, 160, 0.1, 0.0, 0.1),
('client_37', 'client_50', 1.1, 220, 0.1, 0.0, 0.1),
('client_50', 'relay_10', 1.5, 300, 0.1, 0.0, 0.1),
('relay_10', 'client_26', 2.0, 400, 0.1, 0.0, 0.2),
('client_26', 'relay_3', 1.2, 240, 0.1, 0.0, 0.1),
('relay_3', 'client_7', 0.1, 20, 0.0, 0.0, 0.0),
('relay_3', 'client_23', 1.5, 300, 0.1, 0.0, 0.1),
('client_23', 'client_24', 1.0, 200, 0.2, 0.1, 0.1),
('client_24', 'client_25', 1.5, 300, 0.2, 0.1, 0.1),
('client_25', 'relay_4', 3.5, 700, 0.2, 0.1, 0.3),
('relay_5', 'client_7', 2.1, 420, 0.1, 0.0, 0.2),
('client_7', 'client_27', 2.5, 500, 0.2, 0.1, 0.2),
('client_27', 'relay_10', 1.2, 240, 0.1, 0.0, 0.1),
('relay_5', 'client_43', 1.5, 300, 0.1, 0.0, 0.1),
('client_43', 'client_38', 1.8, 360, 0.1, 0.0, 0.2),
('client_38', 'client_39', 0.5, 100, 0.1, 0.0, 0.0),
('client_39', 'client_36', 0.8, 160, 0.1, 0.0, 0.1),
('client_36', 'relay_10', 1.0, 200, 0.1, 0.0, 0.1),
('relay_5', 'client_31', 3.5, 700, 0.2, 0.1, 0.3),
('client_31', 'relay_6', 1.2, 240, 0.1, 0.0, 0.1),
('relay_6', 'client_32', 1.1, 220, 0.1, 0.0, 0.1),
('client_32', 'client_35', 1.8, 360, 0.2, 0.1, 0.2),
('client_35', 'client_33', 3.5, 700, 0.3, 0.2, 0.3),
('client_33', 'client_12', 2.1, 420, 0.2, 0.1, 0.2),
('client_12', 'depot_1', 4.5, 900, 0.2, 0.1, 0.4),
('relay_1', 'client_40', 1.5, 300, 0.1, 0.0, 0.1),
('client_40', 'client_47', 1.5, 300, 0.1, 0.1, 0.1),
('client_47', 'relay_7', 1.2, 240, 0.1, 0.0, 0.1),
('relay_7', 'client_41', 1.5, 300, 0.1, 0.1, 0.1),
('client_41', 'client_42', 1.2, 240, 0.1, 0.0, 0.1),
('client_42', 'relay_5', 2.5, 500, 0.1, 0.0, 0.2),
('client_46', 'relay_5', 1.5, 300, 0.1, 0.0, 0.1),
('relay_6', 'client_46', 2.8, 560, 0.2, 0.1, 0.3),
('client_49', 'relay_6', 4.0, 800, 0.2, 0.2, 0.4),
('relay_5', 'client_49', 2.5, 500, 0.1, 0.1, 0.2),
('relay_5', 'client_44', 1.2, 240, 0.1, 0.0, 0.1),
('client_44', 'client_45', 2.1, 420, 0.2, 0.1, 0.2),
('client_45', 'client_49', 1.5, 300, 0.1, 0.1, 0.1),
('client_48', 'relay_5', 4.5, 900, 0.3, 0.2, 0.4),
('relay_1', 'relay_3', 2.5, 500, 0.1, 0.0, 0.2),
('relay_3', 'relay_10', 4.0, 800, 0.2, 0.1, 0.4),
('relay_10', 'relay_4', 3.5, 700, 0.2, 0.1, 0.3),
('relay_4', 'relay_2', 2.8, 560, 0.1, 0.0, 0.3),
('relay_2', 'relay_9', 4.0, 800, 0.2, 0.1, 0.4),
('relay_9', 'relay_8', 3.5, 700, 0.2, 0.1, 0.3),
('relay_8', 'depot_1', 4.2, 840, 0.1, 0.0, 0.4),
('relay_5', 'relay_1', 3.0, 600, 0.1, 0.0, 0.3),
('relay_5', 'relay_6', 2.5, 500, 0.1, 0.0, 0.2),
('relay_6', 'relay_10', 3.2, 640, 0.2, 0.1, 0.3),
('relay_7', 'relay_1', 2.0, 400, 0.1, 0.0, 0.2),
('relay_7', 'relay_5', 3.5, 700, 0.2, 0.1, 0.3),
-- Reverse arcs
('relay_4', 'depot_1', 3.2, 600, 0.1, 0.0, 0.3),
('client_1', 'relay_4', 1.1, 220, 0.1, 0.0, 0.1),
('client_5', 'relay_1', 0.2, 40, 0.0, 0.0, 0.0),
('client_8', 'relay_1', 2.5, 500, 0.1, 0.0, 0.2),
('client_17', 'client_8', 3.2, 640, 0.2, 0.1, 0.3),
('relay_7', 'client_17', 4.0, 800, 0.2, 0.1, 0.4),
('client_2', 'relay_7', 2.5, 500, 0.2, 0.1, 0.2),
('relay_5', 'client_2', 3.8, 760, 0.3, 0.2, 0.4),
('client_3', 'relay_5', 3.2, 640, 0.2, 0.1, 0.3),
('relay_6', 'client_3', 1.8, 360, 0.1, 0.0, 0.2),
('client_13', 'relay_6', 2.1, 420, 0.1, 0.0, 0.2),
('client_14', 'client_13', 3.5, 700, 0.3, 0.2, 0.3),
('client_15', 'client_14', 3.5, 700, 0.4, 0.2, 0.4),
('depot_1', 'client_15', 10.5, 2100, 0.4, 0.3, 1.0),
('relay_8', 'depot_1', 4.2, 840, 0.1, 0.0, 0.4),
('client_4', 'relay_8', 0.1, 20, 0.0, 0.0, 0.0),
('client_11', 'relay_8', 2.8, 560, 0.2, 0.1, 0.3),
('relay_9', 'client_11', 4.5, 900, 0.2, 0.1, 0.4),
('client_10', 'relay_9', 0.5, 100, 0.1, 0.0, 0.0),
('relay_2', 'client_10', 2.8, 560, 0.1, 0.0, 0.3),
('client_20', 'relay_2', 3.2, 640, 0.2, 0.1, 0.3),
('relay_10', 'depot_1', 4.5, 900, 0.2, 0.1, 0.4),
('client_9', 'relay_10', 0.2, 40, 0.0, 0.0, 0.0),
('client_22', 'client_21', 1.2, 240, 0.1, 0.0, 0.1),
('client_37', 'client_22', 0.8, 160, 0.1, 0.0, 0.1),
('client_50', 'client_37', 1.1, 220, 0.1, 0.0, 0.1),
('relay_10', 'client_50', 1.5, 300, 0.1, 0.0, 0.1),
('client_26', 'relay_10', 2.0, 400, 0.1, 0.0, 0.2),
('relay_3', 'client_26', 1.2, 240, 0.1, 0.0, 0.1),
('client_7', 'relay_3', 0.1, 20, 0.0, 0.0, 0.0),
('client_23', 'relay_3', 1.5, 300, 0.1, 0.0, 0.1),
('client_24', 'client_23', 1.0, 200, 0.2, 0.1, 0.1),
('client_25', 'client_24', 1.5, 300, 0.2, 0.1, 0.1),
('relay_4', 'client_25', 3.5, 700, 0.2, 0.1, 0.3),
('client_7', 'relay_5', 2.1, 420, 0.1, 0.0, 0.2),
('relay_10', 'client_27', 1.2, 240, 0.1, 0.0, 0.1),
('client_43', 'relay_5', 1.5, 300, 0.1, 0.0, 0.1),
('client_38', 'client_43', 1.8, 360, 0.1, 0.0, 0.2),
('client_39', 'client_38', 0.5, 100, 0.1, 0.0, 0.0),
('client_36', 'client_39', 0.8, 160, 0.1, 0.0, 0.1),
('relay_10', 'client_36', 1.0, 200, 0.1, 0.0, 0.1),
('client_31', 'relay_5', 3.5, 700, 0.2, 0.1, 0.3),
('relay_6', 'client_31', 1.2, 240, 0.1, 0.0, 0.1),
('client_32', 'relay_6', 1.1, 220, 0.1, 0.0, 0.1),
(' client_35', 'client_32', 1.8, 360, 0.2, 0.1, 0.2),
('client_33', 'client_35', 3.5, 700, 0.3, 0.2, 0.3),
('client_12', 'client_33', 2.1, 420, 0.2, 0.1, 0.2),
('depot_1', 'client_12', 4.5, 900, 0.2, 0.1, 0.4),
('client_6', 'relay_2', 0.1, 20, 0.0, 0.0, 0.0),
('relay_2', 'client_6', 0.1, 20, 0.0, 0.0, 0.0),
('client_18', 'relay_7', 1.5, 300, 0.1, 0.0, 0.1),
('relay_7', 'client_18', 1.5, 300, 0.1, 0.0, 0.1),
('client_19', 'relay_7', 2.5, 500, 0.2, 0.1, 0.2),
('relay_7', 'client_19', 2.5, 500, 0.2, 0.1, 0.2),
('client_16', 'relay_7', 15.0, 3000, 0.5, 0.3, 1.5),
('relay_7', 'client_16', 15.0, 3000, 0.5, 0.3, 1.5),
('client_41', 'client_18', 3.0, 600, 0.2, 0.1, 0.3),
('client_18', 'client_41', 3.0, 600, 0.2, 0.1, 0.3),
('client_42', 'client_19', 4.0, 800, 0.3, 0.2, 0.4),
('client_19', 'client_42', 4.0, 800, 0.3, 0.2, 0.4),
('client_10', 'client_11', 2.5, 500, 0.1, 0.0, 0.2),
('client_11', 'client_10', 2.5, 500, 0.1, 0.0, 0.2),
('client_28', 'relay_5', 1.5, 300, 0.1, 0.0, 0.1),
('relay_5', 'client_28', 1.5, 300, 0.1, 0.0, 0.1),
('client_29', 'relay_10', 1.2, 240, 0.1, 0.0, 0.1),
('relay_10', 'client_29', 1.2, 240, 0.1, 0.0, 0.1),
('client_30', 'relay_10', 0.8, 160, 0.1, 0.0, 0.1),
('relay_10', 'client_30', 0.8, 160, 0.1, 0.0, 0.1),
('client_34', 'relay_9', 1.5, 300, 0.1, 0.0, 0.1),
('relay_9', 'client_34', 1.5, 300, 0.1, 0.0, 0.1)
ON CONFLICT (id) DO NOTHING]
	at liquibase.changelog.ChangeSet.execute(ChangeSet.java:785) ~[liquibase-core-4.24.0.jar!/:na]
	at liquibase.changelog.visitor.UpdateVisitor.executeAcceptedChange(UpdateVisitor.java:118) ~[liquibase-core-4.24.0.jar!/:na]
	at liquibase.changelog.visitor.UpdateVisitor.visit(UpdateVisitor.java:68) ~[liquibase-core-4.24.0.jar!/:na]
	at liquibase.changelog.ChangeLogIterator$2.lambda$run$0(ChangeLogIterator.java:110) ~[liquibase-core-4.24.0.jar!/:na]
	at liquibase.Scope.lambda$child$0(Scope.java:184) ~[liquibase-core-4.24.0.jar!/:na]
	at liquibase.Scope.child(Scope.java:193) ~[liquibase-core-4.24.0.jar!/:na]
	at liquibase.Scope.child(Scope.java:183) ~[liquibase-core-4.24.0.jar!/:na]
	at liquibase.Scope.child(Scope.java:162) ~[liquibase-core-4.24.0.jar!/:na]
	at liquibase.Scope.child(Scope.java:250) ~[liquibase-core-4.24.0.jar!/:na]
	at liquibase.changelog.ChangeLogIterator$2.run(ChangeLogIterator.java:100) ~[liquibase-core-4.24.0.jar!/:na]
	at liquibase.Scope.lambda$child$0(Scope.java:184) ~[liquibase-core-4.24.0.jar!/:na]
	at liquibase.Scope.child(Scope.java:193) ~[liquibase-core-4.24.0.jar!/:na]
	at liquibase.Scope.child(Scope.java:183) ~[liquibase-core-4.24.0.jar!/:na]
	at liquibase.Scope.child(Scope.java:162) ~[liquibase-core-4.24.0.jar!/:na]
	at liquibase.Scope.child(Scope.java:250) ~[liquibase-core-4.24.0.jar!/:na]
	at liquibase.Scope.child(Scope.java:254) ~[liquibase-core-4.24.0.jar!/:na]
	at liquibase.changelog.ChangeLogIterator.run(ChangeLogIterator.java:74) ~[liquibase-core-4.24.0.jar!/:na]
	... 48 common frames omitted
Caused by: liquibase.exception.DatabaseException: ERREUR: une instruction insert ou update sur la table « arcs » viole la contrainte de clé
étrangère « arcs_origin_id_fkey »
  Détail : La clé (origin_id)=( client_35) n'est pas présente dans la table « nodes ». [Failed SQL: (0) -- Extended Nodes (Yaoundé Centers) - 54 nodes additionnels (61 total avec les 7 existants)
INSERT INTO nodes (id, type, name, latitude, longitude, capacity) VALUES
('relay_3', 'RELAY', 'Relais Tsinga', 3.8850, 11.4980, 10),
('relay_4', 'RELAY', 'Relais Biyem Assi', 3.8450, 11.4850, 12),
('relay_5', 'RELAY', 'Relais Etoa-Meki', 3.8820, 11.5250, 18),
('relay_6', 'RELAY', 'Relais Kondengui', 3.8500, 11.5500, 14),
('relay_7', 'RELAY', 'Relais Santa Barbara', 3.9100, 11.5200, 10),
('relay_8', 'RELAY', 'Relais Odza', 3.7950, 11.5300, 25),
('relay_9', 'RELAY', 'Relais Nsam', 3.8100, 11.5000, 8),
('relay_10', 'RELAY', 'Relais Messa', 3.8650, 11.5050, 15),
('client_5', 'CLIENT', 'Client Bastos E', 3.8970, 11.5120, 0),
('client_6', 'CLIENT', 'Client Mendong F', 3.8350, 11.4750, 0),
('client_7', 'CLIENT', 'Client Tsinga G', 3.8855, 11.4985, 0),
('client_8', 'CLIENT', 'Client Etoudi H', 3.9150, 11.5150, 0),
('client_9', 'CLIENT', 'Client Messa I', 3.8655, 11.5055, 0),
('client_10', 'CLIENT', 'Client Damas J', 3.8250, 11.4800, 0),
('client_11', 'CLIENT', 'Client Ahala K', 3.7800, 11.5000, 0),
('client_12', 'CLIENT', 'Client Ekounou L', 3.8300, 11.5400, 0),
('client_13', 'CLIENT', 'Client Mimboman M', 3.8550, 11.5600, 0),
('client_14', 'CLIENT', 'Client Nkoabang N', 3.8400, 11.5800, 0),
('client_15', 'CLIENT', 'Client Biteng O', 3.8300, 11.6000, 0),
('client_16', 'CLIENT', 'Client Soa P', 3.9800, 11.6000, 0),
('client_17', 'CLIENT', 'Client Messassi Q', 3.9400, 11.5100, 0),
('client_18', 'CLIENT', 'Client Olembe R', 3.9600, 11.5200, 0),
('client_19', 'CLIENT', 'Client Nyom S', 3.9800, 11.5300, 0),
('client_20', 'CLIENT', 'Client Simbock T', 3.8150, 11.4650, 0),
('client_21', 'CLIENT', 'Client Obili U', 3.8580, 11.4950, 0),
('client_22', 'CLIENT', 'Client Ngoa-Ekele V', 3.8600, 11.5000, 0),
('client_23', 'CLIENT', 'Client Mokolo W', 3.8750, 11.4900, 0),
('client_24', 'CLIENT', 'Client Madagascar X', 3.8850, 11.4850, 0),
('client_25', 'CLIENT', 'Client Cite-Verte Y', 3.8700, 11.4750, 0),
('client_26', 'CLIENT', 'Client Nkomkana Z', 3.8800, 11.5050, 0),
('client_27', 'CLIENT', 'Client Briqueterie AA', 3.8700, 11.5150, 0),
('client_28', 'CLIENT', 'Client Camp-Yagoua AB', 3.8800, 11.5350, 0),
('client_29', 'CLIENT', 'Client Mvog-Ada AC', 3.8650, 11.5250, 0),
('client_30', 'CLIENT', 'Client Mvog-Mbi AD', 3.8450, 11.5200, 0),
('client_31', 'CLIENT', 'Client Nkoldongo AE', 3.8550, 11.5350, 0),
('client_32', 'CLIENT', 'Client Emombo AF', 3.8500, 11.5550, 0),
('client_33', 'CLIENT', 'Client Etam-Bafia AG', 3.8400, 11.5450, 0),
('client_34', 'CLIENT', 'Client Mvog-Atangana-Mballa AH', 3.8350, 11.5300, 0),
('client_35', 'CLIENT', 'Client Anguissa AI', 3.8400, 11.5600, 0),
('client_36', 'CLIENT', 'Client Minproff AJ', 3.8680, 11.5180, 0),
('client_37', 'CLIENT', 'Client Warda AK', 3.8650, 11.5100, 0),
('client_38', 'CLIENT', 'Client Post-Centrale AL', 3.8620, 11.5220, 0),
('client_39', 'CLIENT', 'Client Hotel-de-Ville AM', 3.8640, 11.5200, 0),
('client_40', 'CLIENT', 'Client Palais-Congres AN', 3.8900, 11.5100, 0),
('client_41', 'CLIENT', 'Client Golf AO', 3.9050, 11.5250, 0),
('client_42', 'CLIENT', 'Client Dragages AP', 3.9000, 11.5350, 0),
('client_43', 'CLIENT', 'Client Elig-Essono AQ', 3.8750, 11.5200, 0),
('client_44', 'CLIENT', 'Client Elig-Edzoa AR', 3.8900, 11.5300, 0),
('client_45', 'CLIENT', 'Client Djoungolo AS', 3.8880, 11.5450, 0),
('client_46', 'CLIENT', 'Client Fouda AT', 3.8720, 11.5300, 0),
('client_47', 'CLIENT', 'Client Mballa-II AU', 3.9000, 11.5150, 0),
('client_48', 'CLIENT', 'Client Manguiers AV', 3.8950, 11.5500, 0),
('client_49', 'CLIENT', 'Client Omnisport AW', 3.8850, 11.5400, 0),
('client_50', 'CLIENT', 'Client Quartier-Lac AX', 3.8600, 11.5150, 0)
ON CONFLICT (id) DO NOTHING;

-- Driver additionnel
INSERT INTO drivers (id, name, current_latitude, current_longitude, status) VALUES
('driver_3', 'Marc Rapide', 3.8967, 11.5119, 'AVAILABLE')
ON CONFLICT (id) DO NOTHING;

-- Extended Arcs (~193 connexions additionnelles)
INSERT INTO arcs (origin_id, destination_id, distance, travel_time, penibility, weather_impact, fuel_cost) VALUES
('depot_1', 'relay_4', 3.2, 600, 0.1, 0.0, 0.3),
('relay_4', 'client_1', 1.1, 220, 0.1, 0.0, 0.1),
('relay_1', 'client_5', 0.2, 40, 0.0, 0.0, 0.0),
('relay_1', 'client_8', 2.5, 500, 0.1, 0.0, 0.2),
('client_8', 'client_17', 3.2, 640, 0.2, 0.1, 0.3),
('client_17', 'relay_7', 4.0, 800, 0.2, 0.1, 0.4),
('relay_7', 'client_2', 2.5, 500, 0.2, 0.1, 0.2),
('client_2', 'relay_5', 3.8, 760, 0.3, 0.2, 0.4),
('relay_5', 'client_3', 3.2, 640, 0.2, 0.1, 0.3),
('client_3', 'relay_6', 1.8, 360, 0.1, 0.0, 0.2),
('relay_6', 'client_13', 2.1, 420, 0.1, 0.0, 0.2),
('client_13', 'client_14', 3.5, 700, 0.3, 0.2, 0.3),
('client_14', 'client_15', 3.5, 700, 0.4, 0.2, 0.4),
('client_15', 'depot_1', 10.5, 2100, 0.4, 0.3, 1.0),
('depot_1', 'relay_8', 4.2, 840, 0.1, 0.0, 0.4),
('relay_8', 'client_4', 0.1, 20, 0.0, 0.0, 0.0),
('relay_8', 'client_11', 2.8, 560, 0.2, 0.1, 0.3),
('client_11', 'relay_9', 4.5, 900, 0.2, 0.1, 0.4),
('relay_9', 'client_10', 0.5, 100, 0.1, 0.0, 0.0),
('client_10', 'relay_2', 2.8, 560, 0.1, 0.0, 0.3),
('relay_2', 'client_20', 3.2, 640, 0.2, 0.1, 0.3),
('client_20', 'client_10', 4.0, 800, 0.2, 0.1, 0.4),
('depot_1', 'relay_10', 4.5, 900, 0.2, 0.1, 0.4),
('relay_10', 'client_9', 0.2, 40, 0.0, 0.0, 0.0),
('client_9', 'client_21', 1.2, 240, 0.1, 0.0, 0.1),
('client_21', 'client_22', 0.5, 100, 0.1, 0.0, 0.0),
('client_22', 'client_37', 0.8, 160, 0.1, 0.0, 0.1),
('client_37', 'client_50', 1.1, 220, 0.1, 0.0, 0.1),
('client_50', 'relay_10', 1.5, 300, 0.1, 0.0, 0.1),
('relay_10', 'client_26', 2.0, 400, 0.1, 0.0, 0.2),
('client_26', 'relay_3', 1.2, 240, 0.1, 0.0, 0.1),
('relay_3', 'client_7', 0.1, 20, 0.0, 0.0, 0.0),
('relay_3', 'client_23', 1.5, 300, 0.1, 0.0, 0.1),
('client_23', 'client_24', 1.0, 200, 0.2, 0.1, 0.1),
('client_24', 'client_25', 1.5, 300, 0.2, 0.1, 0.1),
('client_25', 'relay_4', 3.5, 700, 0.2, 0.1, 0.3),
('relay_5', 'client_7', 2.1, 420, 0.1, 0.0, 0.2),
('client_7', 'client_27', 2.5, 500, 0.2, 0.1, 0.2),
('client_27', 'relay_10', 1.2, 240, 0.1, 0.0, 0.1),
('relay_5', 'client_43', 1.5, 300, 0.1, 0.0, 0.1),
('client_43', 'client_38', 1.8, 360, 0.1, 0.0, 0.2),
('client_38', 'client_39', 0.5, 100, 0.1, 0.0, 0.0),
('client_39', 'client_36', 0.8, 160, 0.1, 0.0, 0.1),
('client_36', 'relay_10', 1.0, 200, 0.1, 0.0, 0.1),
('relay_5', 'client_31', 3.5, 700, 0.2, 0.1, 0.3),
('client_31', 'relay_6', 1.2, 240, 0.1, 0.0, 0.1),
('relay_6', 'client_32', 1.1, 220, 0.1, 0.0, 0.1),
('client_32', 'client_35', 1.8, 360, 0.2, 0.1, 0.2),
('client_35', 'client_33', 3.5, 700, 0.3, 0.2, 0.3),
('client_33', 'client_12', 2.1, 420, 0.2, 0.1, 0.2),
('client_12', 'depot_1', 4.5, 900, 0.2, 0.1, 0.4),
('relay_1', 'client_40', 1.5, 300, 0.1, 0.0, 0.1),
('client_40', 'client_47', 1.5, 300, 0.1, 0.1, 0.1),
('client_47', 'relay_7', 1.2, 240, 0.1, 0.0, 0.1),
('relay_7', 'client_41', 1.5, 300, 0.1, 0.1, 0.1),
('client_41', 'client_42', 1.2, 240, 0.1, 0.0, 0.1),
('client_42', 'relay_5', 2.5, 500, 0.1, 0.0, 0.2),
('client_46', 'relay_5', 1.5, 300, 0.1, 0.0, 0.1),
('relay_6', 'client_46', 2.8, 560, 0.2, 0.1, 0.3),
('client_49', 'relay_6', 4.0, 800, 0.2, 0.2, 0.4),
('relay_5', 'client_49', 2.5, 500, 0.1, 0.1, 0.2),
('relay_5', 'client_44', 1.2, 240, 0.1, 0.0, 0.1),
('client_44', 'client_45', 2.1, 420, 0.2, 0.1, 0.2),
('client_45', 'client_49', 1.5, 300, 0.1, 0.1, 0.1),
('client_48', 'relay_5', 4.5, 900, 0.3, 0.2, 0.4),
('relay_1', 'relay_3', 2.5, 500, 0.1, 0.0, 0.2),
('relay_3', 'relay_10', 4.0, 800, 0.2, 0.1, 0.4),
('relay_10', 'relay_4', 3.5, 700, 0.2, 0.1, 0.3),
('relay_4', 'relay_2', 2.8, 560, 0.1, 0.0, 0.3),
('relay_2', 'relay_9', 4.0, 800, 0.2, 0.1, 0.4),
('relay_9', 'relay_8', 3.5, 700, 0.2, 0.1, 0.3),
('relay_8', 'depot_1', 4.2, 840, 0.1, 0.0, 0.4),
('relay_5', 'relay_1', 3.0, 600, 0.1, 0.0, 0.3),
('relay_5', 'relay_6', 2.5, 500, 0.1, 0.0, 0.2),
('relay_6', 'relay_10', 3.2, 640, 0.2, 0.1, 0.3),
('relay_7', 'relay_1', 2.0, 400, 0.1, 0.0, 0.2),
('relay_7', 'relay_5', 3.5, 700, 0.2, 0.1, 0.3),
-- Reverse arcs
('relay_4', 'depot_1', 3.2, 600, 0.1, 0.0, 0.3),
('client_1', 'relay_4', 1.1, 220, 0.1, 0.0, 0.1),
('client_5', 'relay_1', 0.2, 40, 0.0, 0.0, 0.0),
('client_8', 'relay_1', 2.5, 500, 0.1, 0.0, 0.2),
('client_17', 'client_8', 3.2, 640, 0.2, 0.1, 0.3),
('relay_7', 'client_17', 4.0, 800, 0.2, 0.1, 0.4),
('client_2', 'relay_7', 2.5, 500, 0.2, 0.1, 0.2),
('relay_5', 'client_2', 3.8, 760, 0.3, 0.2, 0.4),
('client_3', 'relay_5', 3.2, 640, 0.2, 0.1, 0.3),
('relay_6', 'client_3', 1.8, 360, 0.1, 0.0, 0.2),
('client_13', 'relay_6', 2.1, 420, 0.1, 0.0, 0.2),
('client_14', 'client_13', 3.5, 700, 0.3, 0.2, 0.3),
('client_15', 'client_14', 3.5, 700, 0.4, 0.2, 0.4),
('depot_1', 'client_15', 10.5, 2100, 0.4, 0.3, 1.0),
('relay_8', 'depot_1', 4.2, 840, 0.1, 0.0, 0.4),
('client_4', 'relay_8', 0.1, 20, 0.0, 0.0, 0.0),
('client_11', 'relay_8', 2.8, 560, 0.2, 0.1, 0.3),
('relay_9', 'client_11', 4.5, 900, 0.2, 0.1, 0.4),
('client_10', 'relay_9', 0.5, 100, 0.1, 0.0, 0.0),
('relay_2', 'client_10', 2.8, 560, 0.1, 0.0, 0.3),
('client_20', 'relay_2', 3.2, 640, 0.2, 0.1, 0.3),
('relay_10', 'depot_1', 4.5, 900, 0.2, 0.1, 0.4),
('client_9', 'relay_10', 0.2, 40, 0.0, 0.0, 0.0),
('client_22', 'client_21', 1.2, 240, 0.1, 0.0, 0.1),
('client_37', 'client_22', 0.8, 160, 0.1, 0.0, 0.1),
('client_50', 'client_37', 1.1, 220, 0.1, 0.0, 0.1),
('relay_10', 'client_50', 1.5, 300, 0.1, 0.0, 0.1),
('client_26', 'relay_10', 2.0, 400, 0.1, 0.0, 0.2),
('relay_3', 'client_26', 1.2, 240, 0.1, 0.0, 0.1),
('client_7', 'relay_3', 0.1, 20, 0.0, 0.0, 0.0),
('client_23', 'relay_3', 1.5, 300, 0.1, 0.0, 0.1),
('client_24', 'client_23', 1.0, 200, 0.2, 0.1, 0.1),
('client_25', 'client_24', 1.5, 300, 0.2, 0.1, 0.1),
('relay_4', 'client_25', 3.5, 700, 0.2, 0.1, 0.3),
('client_7', 'relay_5', 2.1, 420, 0.1, 0.0, 0.2),
('relay_10', 'client_27', 1.2, 240, 0.1, 0.0, 0.1),
('client_43', 'relay_5', 1.5, 300, 0.1, 0.0, 0.1),
('client_38', 'client_43', 1.8, 360, 0.1, 0.0, 0.2),
('client_39', 'client_38', 0.5, 100, 0.1, 0.0, 0.0),
('client_36', 'client_39', 0.8, 160, 0.1, 0.0, 0.1),
('relay_10', 'client_36', 1.0, 200, 0.1, 0.0, 0.1),
('client_31', 'relay_5', 3.5, 700, 0.2, 0.1, 0.3),
('relay_6', 'client_31', 1.2, 240, 0.1, 0.0, 0.1),
('client_32', 'relay_6', 1.1, 220, 0.1, 0.0, 0.1),
(' client_35', 'client_32', 1.8, 360, 0.2, 0.1, 0.2),
('client_33', 'client_35', 3.5, 700, 0.3, 0.2, 0.3),
('client_12', 'client_33', 2.1, 420, 0.2, 0.1, 0.2),
('depot_1', 'client_12', 4.5, 900, 0.2, 0.1, 0.4),
('client_6', 'relay_2', 0.1, 20, 0.0, 0.0, 0.0),
('relay_2', 'client_6', 0.1, 20, 0.0, 0.0, 0.0),
('client_18', 'relay_7', 1.5, 300, 0.1, 0.0, 0.1),
('relay_7', 'client_18', 1.5, 300, 0.1, 0.0, 0.1),
('client_19', 'relay_7', 2.5, 500, 0.2, 0.1, 0.2),
('relay_7', 'client_19', 2.5, 500, 0.2, 0.1, 0.2),
('client_16', 'relay_7', 15.0, 3000, 0.5, 0.3, 1.5),
('relay_7', 'client_16', 15.0, 3000, 0.5, 0.3, 1.5),
('client_41', 'client_18', 3.0, 600, 0.2, 0.1, 0.3),
('client_18', 'client_41', 3.0, 600, 0.2, 0.1, 0.3),
('client_42', 'client_19', 4.0, 800, 0.3, 0.2, 0.4),
('client_19', 'client_42', 4.0, 800, 0.3, 0.2, 0.4),
('client_10', 'client_11', 2.5, 500, 0.1, 0.0, 0.2),
('client_11', 'client_10', 2.5, 500, 0.1, 0.0, 0.2),
('client_28', 'relay_5', 1.5, 300, 0.1, 0.0, 0.1),
('relay_5', 'client_28', 1.5, 300, 0.1, 0.0, 0.1),
('client_29', 'relay_10', 1.2, 240, 0.1, 0.0, 0.1),
('relay_10', 'client_29', 1.2, 240, 0.1, 0.0, 0.1),
('client_30', 'relay_10', 0.8, 160, 0.1, 0.0, 0.1),
('relay_10', 'client_30', 0.8, 160, 0.1, 0.0, 0.1),
('client_34', 'relay_9', 1.5, 300, 0.1, 0.0, 0.1),
('relay_9', 'client_34', 1.5, 300, 0.1, 0.0, 0.1)
ON CONFLICT (id) DO NOTHING]
	at liquibase.executor.jvm.JdbcExecutor$ExecuteStatementCallback.doInStatement(JdbcExecutor.java:468) ~[liquibase-core-4.24.0.jar!/:na]
	at liquibase.executor.jvm.JdbcExecutor.execute(JdbcExecutor.java:77) ~[liquibase-core-4.24.0.jar!/:na]
	at liquibase.executor.jvm.JdbcExecutor.execute(JdbcExecutor.java:177) ~[liquibase-core-4.24.0.jar!/:na]
	at liquibase.database.AbstractJdbcDatabase.execute(AbstractJdbcDatabase.java:1291) ~[liquibase-core-4.24.0.jar!/:na]
	at liquibase.database.AbstractJdbcDatabase.executeStatements(AbstractJdbcDatabase.java:1273) ~[liquibase-core-4.24.0.jar!/:na]
	at liquibase.changelog.ChangeSet.execute(ChangeSet.java:744) ~[liquibase-core-4.24.0.jar!/:na]
	... 64 common frames omitted
Caused by: org.postgresql.util.PSQLException: ERREUR: une instruction insert ou update sur la table « arcs » viole la contrainte de clé
étrangère « arcs_origin_id_fkey »
  Détail : La clé (origin_id)=( client_35) n'est pas présente dans la table « nodes ».
	at org.postgresql.core.v3.QueryExecutorImpl.receiveErrorResponse(QueryExecutorImpl.java:2713) ~[postgresql-42.6.0.jar!/:42.6.0]
	at org.postgresql.core.v3.QueryExecutorImpl.processResults(QueryExecutorImpl.java:2401) ~[postgresql-42.6.0.jar!/:42.6.0]
	at org.postgresql.core.v3.QueryExecutorImpl.execute(QueryExecutorImpl.java:368) ~[postgresql-42.6.0.jar!/:42.6.0]
	at org.postgresql.jdbc.PgStatement.executeInternal(PgStatement.java:498) ~[postgresql-42.6.0.jar!/:42.6.0]
	at org.postgresql.jdbc.PgStatement.execute(PgStatement.java:415) ~[postgresql-42.6.0.jar!/:42.6.0]
	at org.postgresql.jdbc.PgStatement.executeWithFlags(PgStatement.java:335) ~[postgresql-42.6.0.jar!/:42.6.0]
	at org.postgresql.jdbc.PgStatement.executeCachedSql(PgStatement.java:321) ~[postgresql-42.6.0.jar!/:42.6.0]
	at org.postgresql.jdbc.PgStatement.executeWithFlags(PgStatement.java:297) ~[postgresql-42.6.0.jar!/:42.6.0]
	at org.postgresql.jdbc.PgStatement.execute(PgStatement.java:292) ~[postgresql-42.6.0.jar!/:42.6.0]
	at liquibase.executor.jvm.JdbcExecutor$ExecuteStatementCallback.doInStatement(JdbcExecutor.java:462) ~[liquibase-core-4.24.0.jar!/:na]
	... 69 common frames omitted

