
  .   ____          _            __ _ _
 /\\ / ___'_ __ _ _(_)_ __  __ _ \ \ \ \
( ( )\___ | '_ | '_| | '_ \/ _` | \ \ \ \
 \\/  ___)| |_)| | | | | || (_| |  ) ) ) )
  '  |____| .__|_| |_|_| |_\__, | / / / /
 =========|_|==============|___/=/_/_/_/
 :: Spring Boot ::                (v3.2.2)

2026-01-24T09:49:00.979+01:00  INFO 93932 --- [delivery-optimization-api] [           main] c.d.o.DeliveryOptimizationApplication    : Starting DeliveryOptimizationApplication v0.0.1-SNAPSHOT using Java 21.0.9 with PID 93932 (F:\Projet R??seau\delivery-optimization-api\target\optimization-api-0.0.1-SNAPSHOT.jar started by USER in F:\Projet R??seau\delivery-optimization-api)
2026-01-24T09:49:00.984+01:00 DEBUG 93932 --- [delivery-optimization-api] [           main] c.d.o.DeliveryOptimizationApplication    : Running with Spring Boot v3.2.2, Spring v6.1.3
2026-01-24T09:49:00.985+01:00  INFO 93932 --- [delivery-optimization-api] [           main] c.d.o.DeliveryOptimizationApplication    : No active profile set, falling back to 1 default profile: "default"
2026-01-24T09:49:03.065+01:00  INFO 93932 --- [delivery-optimization-api] [           main] .s.d.r.c.RepositoryConfigurationDelegate : Bootstrapping Spring Data R2DBC repositories in DEFAULT mode.
2026-01-24T09:49:03.291+01:00  INFO 93932 --- [delivery-optimization-api] [           main] .s.d.r.c.RepositoryConfigurationDelegate : Finished Spring Data repository scanning in 217 ms. Found 8 R2DBC repository interfaces.
2026-01-24T09:49:05.288+01:00  INFO 93932 --- [delivery-optimization-api] [           main] o.s.b.w.embedded.tomcat.TomcatWebServer  : Tomcat initialized with port 8080 (http)
2026-01-24T09:49:05.307+01:00  INFO 93932 --- [delivery-optimization-api] [           main] o.apache.catalina.core.StandardService   : Starting service [Tomcat]
2026-01-24T09:49:05.307+01:00  INFO 93932 --- [delivery-optimization-api] [           main] o.apache.catalina.core.StandardEngine    : Starting Servlet engine: [Apache Tomcat/10.1.18]
2026-01-24T09:49:05.386+01:00  INFO 93932 --- [delivery-optimization-api] [           main] o.a.c.c.C.[Tomcat].[localhost].[/]       : Initializing Spring embedded WebApplicationContext
2026-01-24T09:49:05.388+01:00  INFO 93932 --- [delivery-optimization-api] [           main] w.s.c.ServletWebServerApplicationContext : Root WebApplicationContext: initialization completed in 4207 ms
2026-01-24T09:49:09.665+01:00  INFO 93932 --- [delivery-optimization-api] [           main] liquibase.database                       : Set default schema name to public
2026-01-24T09:49:10.541+01:00  INFO 93932 --- [delivery-optimization-api] [           main] liquibase.changelog                      : Reading from public.databasechangelog
Database is up to date, no changesets to execute
2026-01-24T09:49:10.615+01:00  INFO 93932 --- [delivery-optimization-api] [           main] liquibase.changelog                      : Reading from public.databasechangelog
2026-01-24T09:49:10.685+01:00  INFO 93932 --- [delivery-optimization-api] [           main] liquibase.util                           : UPDATE SUMMARY
2026-01-24T09:49:10.685+01:00  INFO 93932 --- [delivery-optimization-api] [           main] liquibase.util                           : Run:                          0
2026-01-24T09:49:10.685+01:00  INFO 93932 --- [delivery-optimization-api] [           main] liquibase.util                           : Previously run:               6
2026-01-24T09:49:10.685+01:00  INFO 93932 --- [delivery-optimization-api] [           main] liquibase.util                           : Filtered out:                 0
2026-01-24T09:49:10.685+01:00  INFO 93932 --- [delivery-optimization-api] [           main] liquibase.util                           : -------------------------------
2026-01-24T09:49:10.685+01:00  INFO 93932 --- [delivery-optimization-api] [           main] liquibase.util                           : Total change sets:            6
2026-01-24T09:49:10.686+01:00  INFO 93932 --- [delivery-optimization-api] [           main] liquibase.util                           : Update summary generated
2026-01-24T09:49:10.742+01:00  INFO 93932 --- [delivery-optimization-api] [           main] liquibase.lockservice                    : Successfully released change log lock
2026-01-24T09:49:10.745+01:00  INFO 93932 --- [delivery-optimization-api] [           main] liquibase.command                        : Command execution complete
2026-01-24T09:49:11.033+01:00  INFO 93932 --- [delivery-optimization-api] [           main] o.s.b.a.e.web.EndpointLinksResolver      : Exposing 4 endpoint(s) beneath base path '/actuator'
2026-01-24T09:49:11.218+01:00  INFO 93932 --- [delivery-optimization-api] [           main] o.s.b.w.embedded.tomcat.TomcatWebServer  : Tomcat started on port 8080 (http) with context path ''
2026-01-24T09:49:11.222+01:00  INFO 93932 --- [delivery-optimization-api] [           main] o.s.m.s.b.SimpleBrokerMessageHandler     : Starting...
2026-01-24T09:49:11.224+01:00  INFO 93932 --- [delivery-optimization-api] [           main] o.s.m.s.b.SimpleBrokerMessageHandler     : BrokerAvailabilityEvent[available=true, SimpleBrokerMessageHandler [org.springframework.messaging.simp.broker.DefaultSubscriptionRegistry@63062eea]]
2026-01-24T09:49:11.225+01:00  INFO 93932 --- [delivery-optimization-api] [           main] o.s.m.s.b.SimpleBrokerMessageHandler     : Started.
2026-01-24T09:49:11.266+01:00  INFO 93932 --- [delivery-optimization-api] [           main] c.d.o.DeliveryOptimizationApplication    : Started DeliveryOptimizationApplication in 11.408 seconds (process running for 12.691)
2026-01-24T09:49:45.154+01:00  INFO 93932 --- [delivery-optimization-api] [nio-8080-exec-1] o.a.c.c.C.[Tomcat].[localhost].[/]       : Initializing Spring DispatcherServlet 'dispatcherServlet'
2026-01-24T09:49:45.154+01:00  INFO 93932 --- [delivery-optimization-api] [nio-8080-exec-1] o.s.web.servlet.DispatcherServlet        : Initializing Servlet 'dispatcherServlet'
2026-01-24T09:49:45.155+01:00  INFO 93932 --- [delivery-optimization-api] [nio-8080-exec-1] o.s.web.servlet.DispatcherServlet        : Completed initialization in 1 ms
2026-01-24T09:50:11.110+01:00  INFO 93932 --- [delivery-optimization-api] [MessageBroker-1] o.s.w.s.c.WebSocketMessageBrokerStats    : WebSocketSession[0 current WS(0)-HttpStream(0)-HttpPoll(0), 0 total, 0 closed abnormally (0 connect failure, 0 send limit, 0 transport error)], stompSubProtocol[processed CONNECT(0)-CONNECTED(0)-DISCONNECT(0)], stompBrokerRelay[null], inboundChannel[pool size = 0, active threads = 0, queued tasks = 0, completed tasks = 0], outboundChannel[pool size = 0, active threads = 0, queued tasks = 0, completed tasks = 0], sockJsScheduler[pool size = 1, active threads = 1, queued tasks = 0, completed tasks = 0]
