
  .   ____          _            __ _ _
 /\\ / ___'_ __ _ _(_)_ __  __ _ \ \ \ \
( ( )\___ | '_ | '_| | '_ \/ _` | \ \ \ \
 \\/  ___)| |_)| | | | | || (_| |  ) ) ) )
  '  |____| .__|_| |_|_| |_\__, | / / / /
 =========|_|==============|___/=/_/_/_/
 :: Spring Boot ::                (v3.2.2)

2026-01-24T03:01:08.084+01:00  INFO 146296 --- [delivery-optimization-api] [           main] c.d.o.DeliveryOptimizationApplication    : Starting DeliveryOptimizationApplication v0.0.1-SNAPSHOT using Java 21.0.9 with PID 146296 (F:\Projet R??seau\delivery-optimization-api\target\optimization-api-0.0.1-SNAPSHOT.jar started by USER in F:\Projet R??seau\delivery-optimization-api)
2026-01-24T03:01:08.087+01:00 DEBUG 146296 --- [delivery-optimization-api] [           main] c.d.o.DeliveryOptimizationApplication    : Running with Spring Boot v3.2.2, Spring v6.1.3
2026-01-24T03:01:08.088+01:00  INFO 146296 --- [delivery-optimization-api] [           main] c.d.o.DeliveryOptimizationApplication    : No active profile set, falling back to 1 default profile: "default"
2026-01-24T03:01:09.647+01:00  INFO 146296 --- [delivery-optimization-api] [           main] .s.d.r.c.RepositoryConfigurationDelegate : Bootstrapping Spring Data R2DBC repositories in DEFAULT mode.
2026-01-24T03:01:09.876+01:00  INFO 146296 --- [delivery-optimization-api] [           main] .s.d.r.c.RepositoryConfigurationDelegate : Finished Spring Data repository scanning in 216 ms. Found 8 R2DBC repository interfaces.
2026-01-24T03:01:10.182+01:00  WARN 146296 --- [delivery-optimization-api] [           main] ConfigServletWebServerApplicationContext : Exception encountered during context initialization - cancelling refresh attempt: org.springframework.beans.factory.support.BeanDefinitionOverrideException: Invalid bean definition with name 'requestMappingHandlerMapping' defined in class path resource [org/springframework/boot/autoconfigure/web/servlet/WebMvcAutoConfiguration$EnableWebMvcConfiguration.class]: Cannot register bean definition [Root bean: class [null]; scope=; abstract=false; lazyInit=null; autowireMode=3; dependencyCheck=0; autowireCandidate=true; primary=false; factoryBeanName=org.springframework.boot.autoconfigure.web.servlet.WebMvcAutoConfiguration$EnableWebMvcConfiguration; factoryMethodName=requestMappingHandlerMapping; initMethodNames=null; destroyMethodNames=[(inferred)]; defined in class path resource [org/springframework/boot/autoconfigure/web/servlet/WebMvcAutoConfiguration$EnableWebMvcConfiguration.class]] for bean 'requestMappingHandlerMapping' since there is already [Root bean: class [null]; scope=; abstract=false; lazyInit=null; autowireMode=3; dependencyCheck=0; autowireCandidate=true; primary=false; factoryBeanName=org.springframework.web.reactive.config.DelegatingWebFluxConfiguration; factoryMethodName=requestMappingHandlerMapping; initMethodNames=null; destroyMethodNames=[(inferred)]; defined in class path resource [org/springframework/web/reactive/config/DelegatingWebFluxConfiguration.class]] bound.
2026-01-24T03:01:10.199+01:00  INFO 146296 --- [delivery-optimization-api] [           main] .s.b.a.l.ConditionEvaluationReportLogger : 

Error starting ApplicationContext. To display the condition evaluation report re-run your application with 'debug' enabled.
2026-01-24T03:01:10.254+01:00 ERROR 146296 --- [delivery-optimization-api] [           main] o.s.b.d.LoggingFailureAnalysisReporter   : 

***************************
APPLICATION FAILED TO START
***************************

Description:

The bean 'requestMappingHandlerMapping', defined in class path resource [org/springframework/boot/autoconfigure/web/servlet/WebMvcAutoConfiguration$EnableWebMvcConfiguration.class], could not be registered. A bean with that name has already been defined in class path resource [org/springframework/web/reactive/config/DelegatingWebFluxConfiguration.class] and overriding is disabled.

Action:

Consider renaming one of the beans or enabling overriding by setting spring.main.allow-bean-definition-overriding=true

