
  .   ____          _            __ _ _
 /\\ / ___'_ __ _ _(_)_ __  __ _ \ \ \ \
( ( )\___ | '_ | '_| | '_ \/ _` | \ \ \ \
 \\/  ___)| |_)| | | | | || (_| |  ) ) ) )
  '  |____| .__|_| |_|_| |_\__, | / / / /
 =========|_|==============|___/=/_/_/_/

 :: Spring Boot ::                (v3.4.0)

2026-01-18T11:42:48.404+01:00  INFO 95324 --- [petri-net-api] [           main] c.yowyob.petrinet.PetriNetApplication    : Starting PetriNetApplication v1.0.0-SNAPSHOT using Java 21.0.9 with PID 95324 (F:\backend\API-PETRI-NET\target\petri-net-api-1.0.0-SNAPSHOT.jar started by USER in F:\backend\API-PETRI-NET)
2026-01-18T11:42:48.409+01:00 DEBUG 95324 --- [petri-net-api] [           main] c.yowyob.petrinet.PetriNetApplication    : Running with Spring Boot v3.4.0, Spring v6.2.0
2026-01-18T11:42:48.411+01:00  INFO 95324 --- [petri-net-api] [           main] c.yowyob.petrinet.PetriNetApplication    : No active profile set, falling back to 1 default profile: "default"
2026-01-18T11:42:49.801+01:00  INFO 95324 --- [petri-net-api] [           main] .s.d.r.c.RepositoryConfigurationDelegate : Bootstrapping Spring Data R2DBC repositories in DEFAULT mode.
2026-01-18T11:42:50.217+01:00  INFO 95324 --- [petri-net-api] [           main] .s.d.r.c.RepositoryConfigurationDelegate : Finished Spring Data repository scanning in 402 ms. Found 5 R2DBC repository interfaces.
2026-01-18T11:42:54.680+01:00  INFO 95324 --- [petri-net-api] [           main] o.s.b.web.embedded.netty.NettyWebServer  : Netty started on port 8081 (http)
2026-01-18T11:42:54.732+01:00  INFO 95324 --- [petri-net-api] [           main] c.yowyob.petrinet.PetriNetApplication    : Started PetriNetApplication in 7.815 seconds (process running for 9.06)
2026-01-18T11:44:47.461+01:00 ERROR 95324 --- [petri-net-api] [actor-tcp-nio-5] a.w.r.e.AbstractErrorWebExceptionHandler : [cd784f06-1]  500 Server Error for HTTP POST "/api/nets"

org.springframework.dao.TransientDataAccessResourceException: Failed to update table [petri_nets]; Row with Id [25f14e9b-d3b2-40ac-9819-32b19f3759b2] does not exist
	at org.springframework.data.r2dbc.core.R2dbcEntityTemplate.lambda$doUpdate$13(R2dbcEntityTemplate.java:671) ~[spring-data-r2dbc-3.4.0.jar!/:3.4.0]
	Suppressed: reactor.core.publisher.FluxOnAssembly$OnAssemblyException: 
Error has been observed at the following site(s):
	*__checkpoint ⇢ Handler com.yowyob.petrinet.api.PetriNetController#createNet(NetDTO) [DispatcherHandler]
	*__checkpoint ⇢ HTTP POST "/api/nets" [ExceptionHandlingWebHandler]
Original Stack Trace:
		at org.springframework.data.r2dbc.core.R2dbcEntityTemplate.lambda$doUpdate$13(R2dbcEntityTemplate.java:671) ~[spring-data-r2dbc-3.4.0.jar!/:3.4.0]
		at reactor.core.publisher.FluxHandle$HandleSubscriber.onNext(FluxHandle.java:113) ~[reactor-core-3.7.0.jar!/:3.7.0]
		at reactor.core.publisher.FluxOnErrorResume$ResumeSubscriber.onNext(FluxOnErrorResume.java:79) ~[reactor-core-3.7.0.jar!/:3.7.0]
		at reactor.core.publisher.MonoUsingWhen$MonoUsingWhenSubscriber.deferredComplete(MonoUsingWhen.java:268) ~[reactor-core-3.7.0.jar!/:3.7.0]
		at reactor.core.publisher.FluxUsingWhen$CommitInner.onComplete(FluxUsingWhen.java:532) ~[reactor-core-3.7.0.jar!/:3.7.0]
		at reactor.core.publisher.Operators$MultiSubscriptionSubscriber.onComplete(Operators.java:2231) ~[reactor-core-3.7.0.jar!/:3.7.0]
		at reactor.core.publisher.FluxPeek$PeekSubscriber.onComplete(FluxPeek.java:260) ~[reactor-core-3.7.0.jar!/:3.7.0]
		at reactor.core.publisher.Operators$MultiSubscriptionSubscriber.onComplete(Operators.java:2231) ~[reactor-core-3.7.0.jar!/:3.7.0]
		at reactor.core.publisher.MonoIgnoreThen$ThenIgnoreMain.onComplete(MonoIgnoreThen.java:210) ~[reactor-core-3.7.0.jar!/:3.7.0]
		at reactor.core.publisher.MonoIgnoreThen$ThenIgnoreMain.onComplete(MonoIgnoreThen.java:210) ~[reactor-core-3.7.0.jar!/:3.7.0]
		at reactor.pool.SimpleDequePool.maybeRecycleAndDrain(SimpleDequePool.java:540) ~[reactor-pool-1.1.0.jar!/:1.1.0]
		at reactor.pool.SimpleDequePool$QueuePoolRecyclerInner.onComplete(SimpleDequePool.java:781) ~[reactor-pool-1.1.0.jar!/:1.1.0]
		at reactor.core.publisher.Operators.complete(Operators.java:137) ~[reactor-core-3.7.0.jar!/:3.7.0]
		at reactor.core.publisher.MonoEmpty.subscribe(MonoEmpty.java:46) ~[reactor-core-3.7.0.jar!/:3.7.0]
		at reactor.core.publisher.Mono.subscribe(Mono.java:4576) ~[reactor-core-3.7.0.jar!/:3.7.0]
		at reactor.pool.SimpleDequePool$QueuePoolRecyclerMono.subscribe(SimpleDequePool.java:893) ~[reactor-pool-1.1.0.jar!/:1.1.0]
		at reactor.core.publisher.MonoDefer.subscribe(MonoDefer.java:53) ~[reactor-core-3.7.0.jar!/:3.7.0]
		at reactor.core.publisher.MonoIgnoreThen$ThenIgnoreMain.subscribeNext(MonoIgnoreThen.java:241) ~[reactor-core-3.7.0.jar!/:3.7.0]
		at reactor.core.publisher.MonoIgnoreThen$ThenIgnoreMain.onComplete(MonoIgnoreThen.java:204) ~[reactor-core-3.7.0.jar!/:3.7.0]
		at reactor.core.publisher.FluxPeek$PeekSubscriber.onComplete(FluxPeek.java:260) ~[reactor-core-3.7.0.jar!/:3.7.0]
		at reactor.core.publisher.Operators.complete(Operators.java:137) ~[reactor-core-3.7.0.jar!/:3.7.0]
		at reactor.core.publisher.MonoEmpty.subscribe(MonoEmpty.java:46) ~[reactor-core-3.7.0.jar!/:3.7.0]
		at reactor.core.publisher.Mono.subscribe(Mono.java:4576) ~[reactor-core-3.7.0.jar!/:3.7.0]
		at reactor.core.publisher.MonoIgnoreThen$ThenIgnoreMain.subscribeNext(MonoIgnoreThen.java:265) ~[reactor-core-3.7.0.jar!/:3.7.0]
		at reactor.core.publisher.MonoIgnoreThen.subscribe(MonoIgnoreThen.java:51) ~[reactor-core-3.7.0.jar!/:3.7.0]
		at reactor.core.publisher.MonoDefer.subscribe(MonoDefer.java:53) ~[reactor-core-3.7.0.jar!/:3.7.0]
		at reactor.core.publisher.MonoIgnoreThen$ThenIgnoreMain.subscribeNext(MonoIgnoreThen.java:241) ~[reactor-core-3.7.0.jar!/:3.7.0]
		at reactor.core.publisher.MonoIgnoreThen$ThenIgnoreMain.onComplete(MonoIgnoreThen.java:204) ~[reactor-core-3.7.0.jar!/:3.7.0]
		at reactor.core.publisher.MonoIgnoreElements$IgnoreElementsSubscriber.onComplete(MonoIgnoreElements.java:89) ~[reactor-core-3.7.0.jar!/:3.7.0]
		at reactor.core.publisher.FluxHandleFuseable$HandleFuseableSubscriber.onComplete(FluxHandleFuseable.java:239) ~[reactor-core-3.7.0.jar!/:3.7.0]
		at reactor.core.publisher.MonoSupplier$MonoSupplierSubscription.request(MonoSupplier.java:148) ~[reactor-core-3.7.0.jar!/:3.7.0]
		at reactor.core.publisher.FluxHandleFuseable$HandleFuseableSubscriber.request(FluxHandleFuseable.java:260) ~[reactor-core-3.7.0.jar!/:3.7.0]
		at reactor.core.publisher.MonoIgnoreElements$IgnoreElementsSubscriber.onSubscribe(MonoIgnoreElements.java:72) ~[reactor-core-3.7.0.jar!/:3.7.0]
		at reactor.core.publisher.FluxHandleFuseable$HandleFuseableSubscriber.onSubscribe(FluxHandleFuseable.java:164) ~[reactor-core-3.7.0.jar!/:3.7.0]
		at reactor.core.publisher.MonoSupplier.subscribe(MonoSupplier.java:48) ~[reactor-core-3.7.0.jar!/:3.7.0]
		at reactor.core.publisher.Mono.subscribe(Mono.java:4576) ~[reactor-core-3.7.0.jar!/:3.7.0]
		at reactor.core.publisher.MonoIgnoreThen$ThenIgnoreMain.subscribeNext(MonoIgnoreThen.java:265) ~[reactor-core-3.7.0.jar!/:3.7.0]
		at reactor.core.publisher.MonoIgnoreThen.subscribe(MonoIgnoreThen.java:51) ~[reactor-core-3.7.0.jar!/:3.7.0]
		at reactor.core.publisher.InternalMonoOperator.subscribe(InternalMonoOperator.java:76) ~[reactor-core-3.7.0.jar!/:3.7.0]
		at reactor.core.publisher.MonoDefer.subscribe(MonoDefer.java:53) ~[reactor-core-3.7.0.jar!/:3.7.0]
		at reactor.core.publisher.Mono.subscribe(Mono.java:4576) ~[reactor-core-3.7.0.jar!/:3.7.0]
		at reactor.core.publisher.FluxOnErrorResume$ResumeSubscriber.onError(FluxOnErrorResume.java:103) ~[reactor-core-3.7.0.jar!/:3.7.0]
		at reactor.core.publisher.MonoIgnoreElements$IgnoreElementsSubscriber.onError(MonoIgnoreElements.java:84) ~[reactor-core-3.7.0.jar!/:3.7.0]
		at reactor.core.publisher.FluxMap$MapSubscriber.onError(FluxMap.java:134) ~[reactor-core-3.7.0.jar!/:3.7.0]
		at reactor.core.publisher.FluxFilter$FilterSubscriber.onError(FluxFilter.java:157) ~[reactor-core-3.7.0.jar!/:3.7.0]
		at reactor.core.publisher.FluxFilter$FilterConditionalSubscriber.onError(FluxFilter.java:291) ~[reactor-core-3.7.0.jar!/:3.7.0]
		at reactor.core.publisher.FluxMap$MapConditionalSubscriber.onError(FluxMap.java:265) ~[reactor-core-3.7.0.jar!/:3.7.0]
		at reactor.core.publisher.Operators.error(Operators.java:198) ~[reactor-core-3.7.0.jar!/:3.7.0]
		at reactor.core.publisher.MonoError.subscribe(MonoError.java:53) ~[reactor-core-3.7.0.jar!/:3.7.0]
		at reactor.core.publisher.MonoDeferContextual.subscribe(MonoDeferContextual.java:55) ~[reactor-core-3.7.0.jar!/:3.7.0]
		at reactor.core.publisher.InternalMonoOperator.subscribe(InternalMonoOperator.java:76) ~[reactor-core-3.7.0.jar!/:3.7.0]
		at reactor.core.publisher.MonoDefer.subscribe(MonoDefer.java:53) ~[reactor-core-3.7.0.jar!/:3.7.0]
		at reactor.core.publisher.Mono.subscribe(Mono.java:4576) ~[reactor-core-3.7.0.jar!/:3.7.0]
		at reactor.core.publisher.FluxUsingWhen$UsingWhenSubscriber.onComplete(FluxUsingWhen.java:389) ~[reactor-core-3.7.0.jar!/:3.7.0]
		at reactor.core.publisher.Operators$BaseFluxToMonoOperator.completePossiblyEmpty(Operators.java:2098) ~[reactor-core-3.7.0.jar!/:3.7.0]
		at reactor.core.publisher.MonoStreamCollector$StreamCollectorSubscriber.onComplete(MonoStreamCollector.java:159) ~[reactor-core-3.7.0.jar!/:3.7.0]
		at reactor.core.publisher.FluxMap$MapSubscriber.onComplete(FluxMap.java:144) ~[reactor-core-3.7.0.jar!/:3.7.0]
		at reactor.core.publisher.FluxFlatMap$FlatMapMain.checkTerminated(FluxFlatMap.java:850) ~[reactor-core-3.7.0.jar!/:3.7.0]
		at reactor.core.publisher.FluxFlatMap$FlatMapMain.drainLoop(FluxFlatMap.java:612) ~[reactor-core-3.7.0.jar!/:3.7.0]
		at reactor.core.publisher.FluxFlatMap$FlatMapMain.innerComplete(FluxFlatMap.java:898) ~[reactor-core-3.7.0.jar!/:3.7.0]
		at reactor.core.publisher.FluxFlatMap$FlatMapInner.onComplete(FluxFlatMap.java:1001) ~[reactor-core-3.7.0.jar!/:3.7.0]
		at reactor.core.publisher.FluxHandleFuseable$HandleFuseableSubscriber.onComplete(FluxHandleFuseable.java:239) ~[reactor-core-3.7.0.jar!/:3.7.0]
		at reactor.core.publisher.Operators$BaseFluxToMonoOperator.completePossiblyEmpty(Operators.java:2098) ~[reactor-core-3.7.0.jar!/:3.7.0]
		at reactor.core.publisher.MonoCollectList$MonoCollectListSubscriber.onComplete(MonoCollectList.java:118) ~[reactor-core-3.7.0.jar!/:3.7.0]
		at reactor.core.publisher.FluxHandle$HandleSubscriber.onComplete(FluxHandle.java:223) ~[reactor-core-3.7.0.jar!/:3.7.0]
		at reactor.core.publisher.MonoFlatMapMany$FlatMapManyInner.onComplete(MonoFlatMapMany.java:261) ~[reactor-core-3.7.0.jar!/:3.7.0]
		at reactor.core.publisher.FluxHandleFuseable$HandleFuseableSubscriber.onComplete(FluxHandleFuseable.java:239) ~[reactor-core-3.7.0.jar!/:3.7.0]
		at reactor.core.publisher.FluxFilterFuseable$FilterFuseableConditionalSubscriber.onComplete(FluxFilterFuseable.java:391) ~[reactor-core-3.7.0.jar!/:3.7.0]
		at reactor.core.publisher.FluxContextWrite$ContextWriteSubscriber.onComplete(FluxContextWrite.java:126) ~[reactor-core-3.7.0.jar!/:3.7.0]
		at reactor.core.publisher.FluxPeekFuseable$PeekConditionalSubscriber.onComplete(FluxPeekFuseable.java:940) ~[reactor-core-3.7.0.jar!/:3.7.0]
		at reactor.core.publisher.FluxPeekFuseable$PeekConditionalSubscriber.onComplete(FluxPeekFuseable.java:940) ~[reactor-core-3.7.0.jar!/:3.7.0]
		at io.r2dbc.postgresql.util.FluxDiscardOnCancel$FluxDiscardOnCancelSubscriber.onComplete(FluxDiscardOnCancel.java:104) ~[r2dbc-postgresql-1.0.7.RELEASE.jar!/:1.0.7.RELEASE]
		at reactor.core.publisher.FluxDoFinally$DoFinallySubscriber.onComplete(FluxDoFinally.java:128) ~[reactor-core-3.7.0.jar!/:3.7.0]
		at reactor.core.publisher.FluxHandle$HandleSubscriber.onComplete(FluxHandle.java:223) ~[reactor-core-3.7.0.jar!/:3.7.0]
		at reactor.core.publisher.FluxCreate$BaseSink.complete(FluxCreate.java:465) ~[reactor-core-3.7.0.jar!/:3.7.0]
		at reactor.core.publisher.FluxCreate$BufferAsyncSink.drain(FluxCreate.java:871) ~[reactor-core-3.7.0.jar!/:3.7.0]
		at reactor.core.publisher.FluxCreate$BufferAsyncSink.complete(FluxCreate.java:819) ~[reactor-core-3.7.0.jar!/:3.7.0]
		at reactor.core.publisher.FluxCreate$SerializedFluxSink.drainLoop(FluxCreate.java:249) ~[reactor-core-3.7.0.jar!/:3.7.0]
		at reactor.core.publisher.FluxCreate$SerializedFluxSink.drain(FluxCreate.java:215) ~[reactor-core-3.7.0.jar!/:3.7.0]
		at reactor.core.publisher.FluxCreate$SerializedFluxSink.complete(FluxCreate.java:206) ~[reactor-core-3.7.0.jar!/:3.7.0]
		at io.r2dbc.postgresql.client.ReactorNettyClient$Conversation.complete(ReactorNettyClient.java:680) ~[r2dbc-postgresql-1.0.7.RELEASE.jar!/:1.0.7.RELEASE]
		at io.r2dbc.postgresql.client.ReactorNettyClient$BackendMessageSubscriber.emit(ReactorNettyClient.java:946) ~[r2dbc-postgresql-1.0.7.RELEASE.jar!/:1.0.7.RELEASE]
		at io.r2dbc.postgresql.client.ReactorNettyClient$BackendMessageSubscriber.onNext(ReactorNettyClient.java:822) ~[r2dbc-postgresql-1.0.7.RELEASE.jar!/:1.0.7.RELEASE]
		at io.r2dbc.postgresql.client.ReactorNettyClient$BackendMessageSubscriber.onNext(ReactorNettyClient.java:728) ~[r2dbc-postgresql-1.0.7.RELEASE.jar!/:1.0.7.RELEASE]
		at reactor.core.publisher.FluxHandle$HandleSubscriber.onNext(FluxHandle.java:129) ~[reactor-core-3.7.0.jar!/:3.7.0]
		at reactor.core.publisher.FluxPeekFuseable$PeekConditionalSubscriber.onNext(FluxPeekFuseable.java:854) ~[reactor-core-3.7.0.jar!/:3.7.0]
		at reactor.core.publisher.FluxMap$MapConditionalSubscriber.onNext(FluxMap.java:224) ~[reactor-core-3.7.0.jar!/:3.7.0]
		at reactor.core.publisher.FluxMap$MapConditionalSubscriber.onNext(FluxMap.java:224) ~[reactor-core-3.7.0.jar!/:3.7.0]
		at reactor.netty.channel.FluxReceive.drainReceiver(FluxReceive.java:292) ~[reactor-netty-core-1.2.0.jar!/:1.2.0]
		at reactor.netty.channel.FluxReceive.onInboundNext(FluxReceive.java:401) ~[reactor-netty-core-1.2.0.jar!/:1.2.0]
		at reactor.netty.channel.ChannelOperations.onInboundNext(ChannelOperations.java:435) ~[reactor-netty-core-1.2.0.jar!/:1.2.0]
		at reactor.netty.channel.ChannelOperationsHandler.channelRead(ChannelOperationsHandler.java:115) ~[reactor-netty-core-1.2.0.jar!/:1.2.0]
		at io.netty.channel.AbstractChannelHandlerContext.invokeChannelRead(AbstractChannelHandlerContext.java:444) ~[netty-transport-4.1.115.Final.jar!/:4.1.115.Final]
		at io.netty.channel.AbstractChannelHandlerContext.invokeChannelRead(AbstractChannelHandlerContext.java:420) ~[netty-transport-4.1.115.Final.jar!/:4.1.115.Final]
		at io.netty.channel.AbstractChannelHandlerContext.fireChannelRead(AbstractChannelHandlerContext.java:412) ~[netty-transport-4.1.115.Final.jar!/:4.1.115.Final]
		at io.netty.handler.codec.ByteToMessageDecoder.fireChannelRead(ByteToMessageDecoder.java:346) ~[netty-codec-4.1.115.Final.jar!/:4.1.115.Final]
		at io.netty.handler.codec.ByteToMessageDecoder.channelRead(ByteToMessageDecoder.java:318) ~[netty-codec-4.1.115.Final.jar!/:4.1.115.Final]
		at io.netty.channel.AbstractChannelHandlerContext.invokeChannelRead(AbstractChannelHandlerContext.java:444) ~[netty-transport-4.1.115.Final.jar!/:4.1.115.Final]
		at io.netty.channel.AbstractChannelHandlerContext.invokeChannelRead(AbstractChannelHandlerContext.java:420) ~[netty-transport-4.1.115.Final.jar!/:4.1.115.Final]
		at io.netty.channel.AbstractChannelHandlerContext.fireChannelRead(AbstractChannelHandlerContext.java:412) ~[netty-transport-4.1.115.Final.jar!/:4.1.115.Final]
		at io.netty.channel.DefaultChannelPipeline$HeadContext.channelRead(DefaultChannelPipeline.java:1357) ~[netty-transport-4.1.115.Final.jar!/:4.1.115.Final]
		at io.netty.channel.AbstractChannelHandlerContext.invokeChannelRead(AbstractChannelHandlerContext.java:440) ~[netty-transport-4.1.115.Final.jar!/:4.1.115.Final]
		at io.netty.channel.AbstractChannelHandlerContext.invokeChannelRead(AbstractChannelHandlerContext.java:420) ~[netty-transport-4.1.115.Final.jar!/:4.1.115.Final]
		at io.netty.channel.DefaultChannelPipeline.fireChannelRead(DefaultChannelPipeline.java:868) ~[netty-transport-4.1.115.Final.jar!/:4.1.115.Final]
		at io.netty.channel.nio.AbstractNioByteChannel$NioByteUnsafe.read(AbstractNioByteChannel.java:166) ~[netty-transport-4.1.115.Final.jar!/:4.1.115.Final]
		at io.netty.channel.nio.NioEventLoop.processSelectedKey(NioEventLoop.java:788) ~[netty-transport-4.1.115.Final.jar!/:4.1.115.Final]
		at io.netty.channel.nio.NioEventLoop.processSelectedKeysOptimized(NioEventLoop.java:724) ~[netty-transport-4.1.115.Final.jar!/:4.1.115.Final]
		at io.netty.channel.nio.NioEventLoop.processSelectedKeys(NioEventLoop.java:650) ~[netty-transport-4.1.115.Final.jar!/:4.1.115.Final]
		at io.netty.channel.nio.NioEventLoop.run(NioEventLoop.java:562) ~[netty-transport-4.1.115.Final.jar!/:4.1.115.Final]
		at io.netty.util.concurrent.SingleThreadEventExecutor$4.run(SingleThreadEventExecutor.java:997) ~[netty-common-4.1.115.Final.jar!/:4.1.115.Final]
		at io.netty.util.internal.ThreadExecutorMap$2.run(ThreadExecutorMap.java:74) ~[netty-common-4.1.115.Final.jar!/:4.1.115.Final]
		at io.netty.util.concurrent.FastThreadLocalRunnable.run(FastThreadLocalRunnable.java:30) ~[netty-common-4.1.115.Final.jar!/:4.1.115.Final]
		at java.base/java.lang.Thread.run(Thread.java:1583) ~[na:na]

2026-01-18T11:45:46.547+01:00 ERROR 95324 --- [petri-net-api] [actor-tcp-nio-5] a.w.r.e.AbstractErrorWebExceptionHandler : [cd784f06-2]  500 Server Error for HTTP POST "/api/nets"

org.springframework.dao.TransientDataAccessResourceException: Failed to update table [petri_nets]; Row with Id [04ce06bb-0a53-4092-a830-9874518eb785] does not exist
	at org.springframework.data.r2dbc.core.R2dbcEntityTemplate.lambda$doUpdate$13(R2dbcEntityTemplate.java:671) ~[spring-data-r2dbc-3.4.0.jar!/:3.4.0]
	Suppressed: reactor.core.publisher.FluxOnAssembly$OnAssemblyException: 
Error has been observed at the following site(s):
	*__checkpoint ⇢ Handler com.yowyob.petrinet.api.PetriNetController#createNet(NetDTO) [DispatcherHandler]
	*__checkpoint ⇢ HTTP POST "/api/nets" [ExceptionHandlingWebHandler]
Original Stack Trace:
		at org.springframework.data.r2dbc.core.R2dbcEntityTemplate.lambda$doUpdate$13(R2dbcEntityTemplate.java:671) ~[spring-data-r2dbc-3.4.0.jar!/:3.4.0]
		at reactor.core.publisher.FluxHandle$HandleSubscriber.onNext(FluxHandle.java:113) ~[reactor-core-3.7.0.jar!/:3.7.0]
		at reactor.core.publisher.FluxOnErrorResume$ResumeSubscriber.onNext(FluxOnErrorResume.java:79) ~[reactor-core-3.7.0.jar!/:3.7.0]
		at reactor.core.publisher.MonoUsingWhen$MonoUsingWhenSubscriber.deferredComplete(MonoUsingWhen.java:268) ~[reactor-core-3.7.0.jar!/:3.7.0]
		at reactor.core.publisher.FluxUsingWhen$CommitInner.onComplete(FluxUsingWhen.java:532) ~[reactor-core-3.7.0.jar!/:3.7.0]
		at reactor.core.publisher.Operators$MultiSubscriptionSubscriber.onComplete(Operators.java:2231) ~[reactor-core-3.7.0.jar!/:3.7.0]
		at reactor.core.publisher.FluxPeek$PeekSubscriber.onComplete(FluxPeek.java:260) ~[reactor-core-3.7.0.jar!/:3.7.0]
		at reactor.core.publisher.Operators$MultiSubscriptionSubscriber.onComplete(Operators.java:2231) ~[reactor-core-3.7.0.jar!/:3.7.0]
		at reactor.core.publisher.MonoIgnoreThen$ThenIgnoreMain.onComplete(MonoIgnoreThen.java:210) ~[reactor-core-3.7.0.jar!/:3.7.0]
		at reactor.core.publisher.MonoIgnoreThen$ThenIgnoreMain.onComplete(MonoIgnoreThen.java:210) ~[reactor-core-3.7.0.jar!/:3.7.0]
		at reactor.pool.SimpleDequePool.maybeRecycleAndDrain(SimpleDequePool.java:540) ~[reactor-pool-1.1.0.jar!/:1.1.0]
		at reactor.pool.SimpleDequePool$QueuePoolRecyclerInner.onComplete(SimpleDequePool.java:781) ~[reactor-pool-1.1.0.jar!/:1.1.0]
		at reactor.core.publisher.Operators.complete(Operators.java:137) ~[reactor-core-3.7.0.jar!/:3.7.0]
		at reactor.core.publisher.MonoEmpty.subscribe(MonoEmpty.java:46) ~[reactor-core-3.7.0.jar!/:3.7.0]
		at reactor.core.publisher.Mono.subscribe(Mono.java:4576) ~[reactor-core-3.7.0.jar!/:3.7.0]
		at reactor.pool.SimpleDequePool$QueuePoolRecyclerMono.subscribe(SimpleDequePool.java:893) ~[reactor-pool-1.1.0.jar!/:1.1.0]
		at reactor.core.publisher.MonoDefer.subscribe(MonoDefer.java:53) ~[reactor-core-3.7.0.jar!/:3.7.0]
		at reactor.core.publisher.MonoIgnoreThen$ThenIgnoreMain.subscribeNext(MonoIgnoreThen.java:241) ~[reactor-core-3.7.0.jar!/:3.7.0]
		at reactor.core.publisher.MonoIgnoreThen$ThenIgnoreMain.onComplete(MonoIgnoreThen.java:204) ~[reactor-core-3.7.0.jar!/:3.7.0]
		at reactor.core.publisher.FluxPeek$PeekSubscriber.onComplete(FluxPeek.java:260) ~[reactor-core-3.7.0.jar!/:3.7.0]
		at reactor.core.publisher.Operators.complete(Operators.java:137) ~[reactor-core-3.7.0.jar!/:3.7.0]
		at reactor.core.publisher.MonoEmpty.subscribe(MonoEmpty.java:46) ~[reactor-core-3.7.0.jar!/:3.7.0]
		at reactor.core.publisher.Mono.subscribe(Mono.java:4576) ~[reactor-core-3.7.0.jar!/:3.7.0]
		at reactor.core.publisher.MonoIgnoreThen$ThenIgnoreMain.subscribeNext(MonoIgnoreThen.java:265) ~[reactor-core-3.7.0.jar!/:3.7.0]
		at reactor.core.publisher.MonoIgnoreThen.subscribe(MonoIgnoreThen.java:51) ~[reactor-core-3.7.0.jar!/:3.7.0]
		at reactor.core.publisher.MonoDefer.subscribe(MonoDefer.java:53) ~[reactor-core-3.7.0.jar!/:3.7.0]
		at reactor.core.publisher.MonoIgnoreThen$ThenIgnoreMain.subscribeNext(MonoIgnoreThen.java:241) ~[reactor-core-3.7.0.jar!/:3.7.0]
		at reactor.core.publisher.MonoIgnoreThen$ThenIgnoreMain.onComplete(MonoIgnoreThen.java:204) ~[reactor-core-3.7.0.jar!/:3.7.0]
		at reactor.core.publisher.MonoIgnoreElements$IgnoreElementsSubscriber.onComplete(MonoIgnoreElements.java:89) ~[reactor-core-3.7.0.jar!/:3.7.0]
		at reactor.core.publisher.FluxHandleFuseable$HandleFuseableSubscriber.onComplete(FluxHandleFuseable.java:239) ~[reactor-core-3.7.0.jar!/:3.7.0]
		at reactor.core.publisher.MonoSupplier$MonoSupplierSubscription.request(MonoSupplier.java:148) ~[reactor-core-3.7.0.jar!/:3.7.0]
		at reactor.core.publisher.FluxHandleFuseable$HandleFuseableSubscriber.request(FluxHandleFuseable.java:260) ~[reactor-core-3.7.0.jar!/:3.7.0]
		at reactor.core.publisher.MonoIgnoreElements$IgnoreElementsSubscriber.onSubscribe(MonoIgnoreElements.java:72) ~[reactor-core-3.7.0.jar!/:3.7.0]
		at reactor.core.publisher.FluxHandleFuseable$HandleFuseableSubscriber.onSubscribe(FluxHandleFuseable.java:164) ~[reactor-core-3.7.0.jar!/:3.7.0]
		at reactor.core.publisher.MonoSupplier.subscribe(MonoSupplier.java:48) ~[reactor-core-3.7.0.jar!/:3.7.0]
		at reactor.core.publisher.Mono.subscribe(Mono.java:4576) ~[reactor-core-3.7.0.jar!/:3.7.0]
		at reactor.core.publisher.MonoIgnoreThen$ThenIgnoreMain.subscribeNext(MonoIgnoreThen.java:265) ~[reactor-core-3.7.0.jar!/:3.7.0]
		at reactor.core.publisher.MonoIgnoreThen.subscribe(MonoIgnoreThen.java:51) ~[reactor-core-3.7.0.jar!/:3.7.0]
		at reactor.core.publisher.InternalMonoOperator.subscribe(InternalMonoOperator.java:76) ~[reactor-core-3.7.0.jar!/:3.7.0]
		at reactor.core.publisher.MonoDefer.subscribe(MonoDefer.java:53) ~[reactor-core-3.7.0.jar!/:3.7.0]
		at reactor.core.publisher.Mono.subscribe(Mono.java:4576) ~[reactor-core-3.7.0.jar!/:3.7.0]
		at reactor.core.publisher.FluxOnErrorResume$ResumeSubscriber.onError(FluxOnErrorResume.java:103) ~[reactor-core-3.7.0.jar!/:3.7.0]
		at reactor.core.publisher.MonoIgnoreElements$IgnoreElementsSubscriber.onError(MonoIgnoreElements.java:84) ~[reactor-core-3.7.0.jar!/:3.7.0]
		at reactor.core.publisher.FluxMap$MapSubscriber.onError(FluxMap.java:134) ~[reactor-core-3.7.0.jar!/:3.7.0]
		at reactor.core.publisher.FluxFilter$FilterSubscriber.onError(FluxFilter.java:157) ~[reactor-core-3.7.0.jar!/:3.7.0]
		at reactor.core.publisher.FluxFilter$FilterConditionalSubscriber.onError(FluxFilter.java:291) ~[reactor-core-3.7.0.jar!/:3.7.0]
		at reactor.core.publisher.FluxMap$MapConditionalSubscriber.onError(FluxMap.java:265) ~[reactor-core-3.7.0.jar!/:3.7.0]
		at reactor.core.publisher.Operators.error(Operators.java:198) ~[reactor-core-3.7.0.jar!/:3.7.0]
		at reactor.core.publisher.MonoError.subscribe(MonoError.java:53) ~[reactor-core-3.7.0.jar!/:3.7.0]
		at reactor.core.publisher.MonoDeferContextual.subscribe(MonoDeferContextual.java:55) ~[reactor-core-3.7.0.jar!/:3.7.0]
		at reactor.core.publisher.InternalMonoOperator.subscribe(InternalMonoOperator.java:76) ~[reactor-core-3.7.0.jar!/:3.7.0]
		at reactor.core.publisher.MonoDefer.subscribe(MonoDefer.java:53) ~[reactor-core-3.7.0.jar!/:3.7.0]
		at reactor.core.publisher.Mono.subscribe(Mono.java:4576) ~[reactor-core-3.7.0.jar!/:3.7.0]
		at reactor.core.publisher.FluxUsingWhen$UsingWhenSubscriber.onComplete(FluxUsingWhen.java:389) ~[reactor-core-3.7.0.jar!/:3.7.0]
		at reactor.core.publisher.Operators$BaseFluxToMonoOperator.completePossiblyEmpty(Operators.java:2098) ~[reactor-core-3.7.0.jar!/:3.7.0]
		at reactor.core.publisher.MonoStreamCollector$StreamCollectorSubscriber.onComplete(MonoStreamCollector.java:159) ~[reactor-core-3.7.0.jar!/:3.7.0]
		at reactor.core.publisher.FluxMap$MapSubscriber.onComplete(FluxMap.java:144) ~[reactor-core-3.7.0.jar!/:3.7.0]
		at reactor.core.publisher.FluxFlatMap$FlatMapMain.checkTerminated(FluxFlatMap.java:850) ~[reactor-core-3.7.0.jar!/:3.7.0]
		at reactor.core.publisher.FluxFlatMap$FlatMapMain.drainLoop(FluxFlatMap.java:612) ~[reactor-core-3.7.0.jar!/:3.7.0]
		at reactor.core.publisher.FluxFlatMap$FlatMapMain.innerComplete(FluxFlatMap.java:898) ~[reactor-core-3.7.0.jar!/:3.7.0]
		at reactor.core.publisher.FluxFlatMap$FlatMapInner.onComplete(FluxFlatMap.java:1001) ~[reactor-core-3.7.0.jar!/:3.7.0]
		at reactor.core.publisher.FluxHandleFuseable$HandleFuseableSubscriber.onComplete(FluxHandleFuseable.java:239) ~[reactor-core-3.7.0.jar!/:3.7.0]
		at reactor.core.publisher.Operators$BaseFluxToMonoOperator.completePossiblyEmpty(Operators.java:2098) ~[reactor-core-3.7.0.jar!/:3.7.0]
		at reactor.core.publisher.MonoCollectList$MonoCollectListSubscriber.onComplete(MonoCollectList.java:118) ~[reactor-core-3.7.0.jar!/:3.7.0]
		at reactor.core.publisher.FluxHandle$HandleSubscriber.onComplete(FluxHandle.java:223) ~[reactor-core-3.7.0.jar!/:3.7.0]
		at reactor.core.publisher.MonoFlatMapMany$FlatMapManyInner.onComplete(MonoFlatMapMany.java:261) ~[reactor-core-3.7.0.jar!/:3.7.0]
		at reactor.core.publisher.FluxHandleFuseable$HandleFuseableSubscriber.onComplete(FluxHandleFuseable.java:239) ~[reactor-core-3.7.0.jar!/:3.7.0]
		at reactor.core.publisher.FluxFilterFuseable$FilterFuseableConditionalSubscriber.onComplete(FluxFilterFuseable.java:391) ~[reactor-core-3.7.0.jar!/:3.7.0]
		at reactor.core.publisher.FluxContextWrite$ContextWriteSubscriber.onComplete(FluxContextWrite.java:126) ~[reactor-core-3.7.0.jar!/:3.7.0]
		at reactor.core.publisher.FluxPeekFuseable$PeekConditionalSubscriber.onComplete(FluxPeekFuseable.java:940) ~[reactor-core-3.7.0.jar!/:3.7.0]
		at reactor.core.publisher.FluxPeekFuseable$PeekConditionalSubscriber.onComplete(FluxPeekFuseable.java:940) ~[reactor-core-3.7.0.jar!/:3.7.0]
		at io.r2dbc.postgresql.util.FluxDiscardOnCancel$FluxDiscardOnCancelSubscriber.onComplete(FluxDiscardOnCancel.java:104) ~[r2dbc-postgresql-1.0.7.RELEASE.jar!/:1.0.7.RELEASE]
		at reactor.core.publisher.FluxDoFinally$DoFinallySubscriber.onComplete(FluxDoFinally.java:128) ~[reactor-core-3.7.0.jar!/:3.7.0]
		at reactor.core.publisher.FluxHandle$HandleSubscriber.onComplete(FluxHandle.java:223) ~[reactor-core-3.7.0.jar!/:3.7.0]
		at reactor.core.publisher.FluxCreate$BaseSink.complete(FluxCreate.java:465) ~[reactor-core-3.7.0.jar!/:3.7.0]
		at reactor.core.publisher.FluxCreate$BufferAsyncSink.drain(FluxCreate.java:871) ~[reactor-core-3.7.0.jar!/:3.7.0]
		at reactor.core.publisher.FluxCreate$BufferAsyncSink.complete(FluxCreate.java:819) ~[reactor-core-3.7.0.jar!/:3.7.0]
		at reactor.core.publisher.FluxCreate$SerializedFluxSink.drainLoop(FluxCreate.java:249) ~[reactor-core-3.7.0.jar!/:3.7.0]
		at reactor.core.publisher.FluxCreate$SerializedFluxSink.drain(FluxCreate.java:215) ~[reactor-core-3.7.0.jar!/:3.7.0]
		at reactor.core.publisher.FluxCreate$SerializedFluxSink.complete(FluxCreate.java:206) ~[reactor-core-3.7.0.jar!/:3.7.0]
		at io.r2dbc.postgresql.client.ReactorNettyClient$Conversation.complete(ReactorNettyClient.java:680) ~[r2dbc-postgresql-1.0.7.RELEASE.jar!/:1.0.7.RELEASE]
		at io.r2dbc.postgresql.client.ReactorNettyClient$BackendMessageSubscriber.emit(ReactorNettyClient.java:946) ~[r2dbc-postgresql-1.0.7.RELEASE.jar!/:1.0.7.RELEASE]
		at io.r2dbc.postgresql.client.ReactorNettyClient$BackendMessageSubscriber.onNext(ReactorNettyClient.java:822) ~[r2dbc-postgresql-1.0.7.RELEASE.jar!/:1.0.7.RELEASE]
		at io.r2dbc.postgresql.client.ReactorNettyClient$BackendMessageSubscriber.onNext(ReactorNettyClient.java:728) ~[r2dbc-postgresql-1.0.7.RELEASE.jar!/:1.0.7.RELEASE]
		at reactor.core.publisher.FluxHandle$HandleSubscriber.onNext(FluxHandle.java:129) ~[reactor-core-3.7.0.jar!/:3.7.0]
		at reactor.core.publisher.FluxPeekFuseable$PeekConditionalSubscriber.onNext(FluxPeekFuseable.java:854) ~[reactor-core-3.7.0.jar!/:3.7.0]
		at reactor.core.publisher.FluxMap$MapConditionalSubscriber.onNext(FluxMap.java:224) ~[reactor-core-3.7.0.jar!/:3.7.0]
		at reactor.core.publisher.FluxMap$MapConditionalSubscriber.onNext(FluxMap.java:224) ~[reactor-core-3.7.0.jar!/:3.7.0]
		at reactor.netty.channel.FluxReceive.drainReceiver(FluxReceive.java:292) ~[reactor-netty-core-1.2.0.jar!/:1.2.0]
		at reactor.netty.channel.FluxReceive.onInboundNext(FluxReceive.java:401) ~[reactor-netty-core-1.2.0.jar!/:1.2.0]
		at reactor.netty.channel.ChannelOperations.onInboundNext(ChannelOperations.java:435) ~[reactor-netty-core-1.2.0.jar!/:1.2.0]
		at reactor.netty.channel.ChannelOperationsHandler.channelRead(ChannelOperationsHandler.java:115) ~[reactor-netty-core-1.2.0.jar!/:1.2.0]
		at io.netty.channel.AbstractChannelHandlerContext.invokeChannelRead(AbstractChannelHandlerContext.java:444) ~[netty-transport-4.1.115.Final.jar!/:4.1.115.Final]
		at io.netty.channel.AbstractChannelHandlerContext.invokeChannelRead(AbstractChannelHandlerContext.java:420) ~[netty-transport-4.1.115.Final.jar!/:4.1.115.Final]
		at io.netty.channel.AbstractChannelHandlerContext.fireChannelRead(AbstractChannelHandlerContext.java:412) ~[netty-transport-4.1.115.Final.jar!/:4.1.115.Final]
		at io.netty.handler.codec.ByteToMessageDecoder.fireChannelRead(ByteToMessageDecoder.java:346) ~[netty-codec-4.1.115.Final.jar!/:4.1.115.Final]
		at io.netty.handler.codec.ByteToMessageDecoder.channelRead(ByteToMessageDecoder.java:318) ~[netty-codec-4.1.115.Final.jar!/:4.1.115.Final]
		at io.netty.channel.AbstractChannelHandlerContext.invokeChannelRead(AbstractChannelHandlerContext.java:444) ~[netty-transport-4.1.115.Final.jar!/:4.1.115.Final]
		at io.netty.channel.AbstractChannelHandlerContext.invokeChannelRead(AbstractChannelHandlerContext.java:420) ~[netty-transport-4.1.115.Final.jar!/:4.1.115.Final]
		at io.netty.channel.AbstractChannelHandlerContext.fireChannelRead(AbstractChannelHandlerContext.java:412) ~[netty-transport-4.1.115.Final.jar!/:4.1.115.Final]
		at io.netty.channel.DefaultChannelPipeline$HeadContext.channelRead(DefaultChannelPipeline.java:1357) ~[netty-transport-4.1.115.Final.jar!/:4.1.115.Final]
		at io.netty.channel.AbstractChannelHandlerContext.invokeChannelRead(AbstractChannelHandlerContext.java:440) ~[netty-transport-4.1.115.Final.jar!/:4.1.115.Final]
		at io.netty.channel.AbstractChannelHandlerContext.invokeChannelRead(AbstractChannelHandlerContext.java:420) ~[netty-transport-4.1.115.Final.jar!/:4.1.115.Final]
		at io.netty.channel.DefaultChannelPipeline.fireChannelRead(DefaultChannelPipeline.java:868) ~[netty-transport-4.1.115.Final.jar!/:4.1.115.Final]
		at io.netty.channel.nio.AbstractNioByteChannel$NioByteUnsafe.read(AbstractNioByteChannel.java:166) ~[netty-transport-4.1.115.Final.jar!/:4.1.115.Final]
		at io.netty.channel.nio.NioEventLoop.processSelectedKey(NioEventLoop.java:788) ~[netty-transport-4.1.115.Final.jar!/:4.1.115.Final]
		at io.netty.channel.nio.NioEventLoop.processSelectedKeysOptimized(NioEventLoop.java:724) ~[netty-transport-4.1.115.Final.jar!/:4.1.115.Final]
		at io.netty.channel.nio.NioEventLoop.processSelectedKeys(NioEventLoop.java:650) ~[netty-transport-4.1.115.Final.jar!/:4.1.115.Final]
		at io.netty.channel.nio.NioEventLoop.run(NioEventLoop.java:562) ~[netty-transport-4.1.115.Final.jar!/:4.1.115.Final]
		at io.netty.util.concurrent.SingleThreadEventExecutor$4.run(SingleThreadEventExecutor.java:997) ~[netty-common-4.1.115.Final.jar!/:4.1.115.Final]
		at io.netty.util.internal.ThreadExecutorMap$2.run(ThreadExecutorMap.java:74) ~[netty-common-4.1.115.Final.jar!/:4.1.115.Final]
		at io.netty.util.concurrent.FastThreadLocalRunnable.run(FastThreadLocalRunnable.java:30) ~[netty-common-4.1.115.Final.jar!/:4.1.115.Final]
		at java.base/java.lang.Thread.run(Thread.java:1583) ~[na:na]

